CANVAS[10221] bounds(100,2271/596,2898) rotate(439.3)
CANVAS[10221] bounds(103,2377/509,2889) rotate(438.9)
CANVAS[10221] bounds(152,2360/512,2864) rotate(450.6)
CANVAS[10221] bounds(206,2301/566,2806) rotate(450.6)
CANVAS[10221] bounds(23,2374/429,2886) rotate(438.9)
CANVAS[10221] bounds(26,2374/432,2886) rotate(438.9)
CANVAS[10221] bounds(72,2387/516,2960) rotate(441.5)
CANVAS[10736] bounds(196,2800/557,3303) rotate(88.7)
CANVAS[10736] bounds(258,2770/739,3400) rotate(97.1)
CANVAS[10736] bounds(387,2456/937,3127) rotate(434.7)
CANVAS[10736] bounds(449,2834/930,3464) rotate(97.1)
CANVAS[10736] bounds(508,2765/989,3395) rotate(97.1)
CANVAS[10736] bounds(532,2795/1013,3425) rotate(97.1)
CANVAS[10736] bounds(574,2675/993,3242) rotate(85.8)
CANVAS[10736] bounds(614,2993/1156,3690) rotate(440.7)
CANVAS[10736] bounds(617,2975/1167,3692) rotate(442.5)
CANVAS[11215] bounds(109,3445/559,4036) rotate(83.9)
CANVAS[11215] bounds(113,3555/563,4146) rotate(83.9)
CANVAS[11215] bounds(113,3578/664,4193) rotate(117.1)
CANVAS[11215] bounds(123,3550/668,4167) rotate(115.8)
CANVAS[11215] bounds(137,3432/575,4003) rotate(83.1)
CANVAS[11215] bounds(148,3525/540,4061) rotate(87.7)
CANVAS[11215] bounds(193,3271/575,3776) rotate(-264.6)
CANVAS[11215] bounds(21,3107/422,3624) rotate(81.9)
CANVAS[11215] bounds(229,3102/642,3672) rotate(91.5)
CANVAS[11215] bounds(68,3043/433,3531) rotate(-265.6)
CANVAS[11215] bounds(79,3276/529,3867) rotate(83.9)
CANVAS[11215] bounds(87,3279/537,3870) rotate(83.9)
CANVAS[11419] bounds(3238,2793/3665,3432) rotate(279.9)
CANVAS[11419] bounds(3275,3030/3602,3599) rotate(271.0)
CANVAS[11419] bounds(3302,2984/3626,3557) rotate(269.7)
CANVAS[11460] bounds(3204,3271/3717,3951) rotate(-108.5)
CANVAS[11460] bounds(3244,3599/3819,4248) rotate(-122.8)
CANVAS[11460] bounds(3315,3619/3733,4257) rotate(-98.4)
CANVAS[11460] bounds(3419,3574/3738,4093) rotate(-85.5)
CANVAS[11477] bounds(2802,2207/3443,3065) rotate(-72.4)
CANVAS[11477] bounds(2908,2846/3416,3724) rotate(-91.3)
CANVAS[11477] bounds(2944,2691/3428,3449) rotate(-83.3)
CANVAS[11477] bounds(3161,3126/3583,3858) rotate(-88.9)
CANVAS[11477] bounds(3209,2923/3589,3444) rotate(-74.4)
CANVAS[11477] bounds(3316,2490/3696,3011) rotate(-74.4)
CANVAS[11522] bounds(3001,2756/3330,3253) rotate(-81.0)
CANVAS[11522] bounds(3262,2324/3678,2870) rotate(-70.7)
CANVAS[11522] bounds(3263,2324/3679,2869) rotate(-70.7)
CANVAS[11787] bounds(2425,3549/2937,3837) rotate(0.0)
CANVAS[11787] bounds(2554,3581/3066,3869) rotate(0.0)
CANVAS[11787] bounds(2597,3932/3214,4281) rotate(0.4)
CANVAS[11787] bounds(2598,3880/3213,4350) rotate(19.5)
CANVAS[11787] bounds(2651,3701/3528,4403) rotate(23.6)
CANVAS[11787] bounds(2667,3706/3309,4244) rotate(27.6)
CANVAS[11787] bounds(2668,3742/3476,4372) rotate(21.3)
CANVAS[11787] bounds(2673,3700/3333,4218) rotate(21.8)
CANVAS[11787] bounds(2779,3719/3656,4421) rotate(23.6)
CANVAS[11787] bounds(2794,3712/3671,4414) rotate(23.6)
CANVAS[11787] bounds(2814,3641/3568,4115) rotate(-6.0)
CANVAS[11787] bounds(2829,3908/3406,4263) rotate(4.7)
CANVAS[11787] bounds(2853,3911/3406,4251) rotate(4.8)
CANVAS[11807] bounds(1958,3641/2559,4147) rotate(-28.0)
CANVAS[11807] bounds(1968,3623/2519,3982) rotate(-8.0)
CANVAS[11807] bounds(2027,3755/2628,4261) rotate(-28.0)
CANVAS[11807] bounds(2032,3807/2620,4236) rotate(-15.8)
CANVAS[11807] bounds(2032,3870/2544,4158) rotate(0.0)
CANVAS[11807] bounds(2038,3780/2639,4287) rotate(-28.0)
CANVAS[11807] bounds(2084,3653/2635,4012) rotate(-8.0)
CANVAS[11807] bounds(2118,3956/2669,4315) rotate(-8.0)
CANVAS[11807] bounds(2151,3900/2702,4259) rotate(-8.0)
CANVAS[11807] bounds(2162,3976/2645,4266) rotate(-1.0)
CANVAS[11807] bounds(2167,3865/2679,4153) rotate(0.0)
CANVAS[11807] bounds(2179,3833/2739,4206) rotate(-11.8)
CANVAS[11827] bounds(2212,3729/2777,4116) rotate(-11.2)
CANVAS[11827] bounds(2347,3415/2952,3823) rotate(-10.1)
CANVAS[11827] bounds(2351,3717/2914,4090) rotate(-8.9)
CANVAS[11827] bounds(2414,3699/2926,3987) rotate(0.0)
CANVAS[11827] bounds(2510,3587/3022,3875) rotate(-5.1)
CANVAS[11827] bounds(2510,3587/3022,3875) rotate(0.0)
CANVAS[11827] bounds(2536,3309/3048,3597) rotate(0.0)
CANVAS[11827] bounds(2691,3952/3203,4240) rotate(0.0)
CANVAS[11827] bounds(2703,3884/3215,4172) rotate(0.0)
CANVAS[12257] bounds(1179,3675/1947,4443) rotate(0.0)
CANVAS[12271] bounds(1018,3597/1582,3917) rotate(0.4)
CANVAS[12271] bounds(1177,3472/1766,3862) rotate(8.8)
CANVAS[12271] bounds(1218,3299/1778,3650) rotate(5.6)
CANVAS[12271] bounds(1249,3443/1822,3791) rotate(3.8)
CANVAS[12271] bounds(1577,3915/2089,4203) rotate(0.0)
CANVAS[12271] bounds(783,3515/1363,3863) rotate(-3.4)
CANVAS[12271] bounds(805,3623/1385,3971) rotate(-3.4)
CANVAS[12271] bounds(904,3921/1483,4269) rotate(-3.4)
CANVAS[12271] bounds(939,3573/1518,3922) rotate(-3.4)
CANVAS[14458] bounds(1948,3656/2706,4148) rotate(-11.4)
CANVAS[14458] bounds(1950,3526/2875,4212) rotate(-17.3)
CANVAS[14458] bounds(1955,3644/2679,4165) rotate(-14.9)
CANVAS[14458] bounds(1960,3715/2844,4350) rotate(-15.0)
CANVAS[14458] bounds(1999,3708/2762,4191) rotate(-6.5)
CANVAS[14458] bounds(2006,3711/2770,4188) rotate(-5.6)
CANVAS[14458] bounds(2019,3716/2674,4346) rotate(-41.1)
CANVAS[14458] bounds(2027,3847/2539,4135) rotate(0.0)
CANVAS[14458] bounds(2038,3631/2767,4044) rotate(-0.6)
CANVAS[14458] bounds(2049,3734/2612,4303) rotate(313.9)
CANVAS[14458] bounds(2062,3564/2847,4068) rotate(7.3)
CANVAS[14458] bounds(2069,3695/2752,4284) rotate(-30.3)
CANVAS[14458] bounds(2095,3758/2869,4278) rotate(-10.0)
CANVAS[14458] bounds(2133,3794/2720,4313) rotate(-32.6)
CANVAS[14458] bounds(2134,3802/2841,4259) rotate(-7.6)
CANVAS[14458] bounds(2145,3495/2849,3954) rotate(8.3)
CANVAS[14458] bounds(2157,3491/2848,3938) rotate(7.8)
CANVAS[14458] bounds(2163,3565/2813,3978) rotate(-6.8)
CANVAS[14458] bounds(2180,3777/2784,4145) rotate(-4.1)
CANVAS[14458] bounds(2220,3282/2899,3663) rotate(0.4)
CANVAS[14458] bounds(2243,3517/2994,4056) rotate(-15.0)
CANVAS[14458] bounds(2252,3488/3003,4027) rotate(-15.0)
CANVAS[14458] bounds(2263,3751/2775,4039) rotate(0.0)
CANVAS[14458] bounds(2283,3908/2795,4196) rotate(0.0)
CANVAS[14458] bounds(2285,3860/2929,4242) rotate(-2.7)
CANVAS[14458] bounds(2320,3886/2854,4210) rotate(3.9)
CANVAS[14458] bounds(2361,3538/3082,3972) rotate(-4.0)
CANVAS[14458] bounds(2376,3912/2777,4160) rotate(-4.8)
CANVAS[14458] bounds(2379,3524/3538,4440) rotate(-22.7)
CANVAS[14458] bounds(2414,3281/3064,3694) rotate(-6.8)
CANVAS[14458] bounds(2416,3284/3064,3692) rotate(-6.4)
CANVAS[14458] bounds(2430,3908/3146,4362) rotate(-6.8)
CANVAS[14458] bounds(2464,3865/3114,4278) rotate(-6.8)
CANVAS[14458] bounds(2464,3872/3114,4285) rotate(-6.8)
CANVAS[14458] bounds(2473,3892/3147,4363) rotate(13.3)
CANVAS[14458] bounds(2490,3791/3243,4246) rotate(5.6)
CANVAS[14458] bounds(2493,3938/3151,4330) rotate(3.5)
CANVAS[14458] bounds(2495,3887/3129,4368) rotate(19.6)
CANVAS[14458] bounds(2507,3895/3141,4307) rotate(8.4)
CANVAS[14458] bounds(2590,3681/3338,4285) rotate(24.6)
CANVAS[14458] bounds(2620,3963/3233,4340) rotate(5.1)
CANVAS[14458] bounds(2622,3768/3310,4278) rotate(17.6)
CANVAS[14458] bounds(2624,3897/3209,4260) rotate(5.8)
CANVAS[14458] bounds(2630,3633/3195,4458) rotate(258.2)
CANVAS[14458] bounds(2636,3932/3223,4294) rotate(-5.2)
CANVAS[14458] bounds(2642,3914/3205,4267) rotate(6.5)
CANVAS[14458] bounds(2649,3898/3194,4268) rotate(11.3)
CANVAS[14458] bounds(2658,3777/3325,4301) rotate(22.1)
CANVAS[14458] bounds(2668,3792/3299,4280) rotate(21.0)
CANVAS[14458] bounds(2717,3891/3344,4333) rotate(13.6)
CANVAS[14458] bounds(2827,3892/3423,4252) rotate(4.1)
CANVAS[14475] bounds(1786,3228/2579,3675) rotate(0.9)
CANVAS[14475] bounds(1842,3587/2664,4257) rotate(-25.5)
CANVAS[14475] bounds(1858,3941/2494,4375) rotate(-11.7)
CANVAS[14475] bounds(1872,3742/2580,4284) rotate(-20.2)
CANVAS[14475] bounds(1872,3853/2560,4255) rotate(2.9)
CANVAS[14475] bounds(1876,3860/2549,4252) rotate(2.7)
CANVAS[14475] bounds(1882,3858/2548,4355) rotate(-18.4)
CANVAS[14475] bounds(1887,3684/2655,4111) rotate(0.2)
CANVAS[14475] bounds(1912,3835/2582,4307) rotate(-14.1)
CANVAS[14475] bounds(1916,3649/2756,4395) rotate(-33.4)
CANVAS[14475] bounds(1925,3729/2787,4212) rotate(-0.6)
CANVAS[14475] bounds(1933,3816/2724,4412) rotate(-19.2)
CANVAS[14475] bounds(1949,3849/2595,4216) rotate(-1.5)
CANVAS[14475] bounds(1961,3753/2624,4326) rotate(-30.9)
CANVAS[14475] bounds(1994,3776/2654,4305) rotate(-24.0)
CANVAS[14475] bounds(1997,3735/2727,4370) rotate(-29.9)
CANVAS[14475] bounds(2040,3785/2684,4168) rotate(-3.6)
CANVAS[14475] bounds(2070,3808/2644,4146) rotate(-3.3)
CANVAS[14475] bounds(2080,3236/2669,3572) rotate(1.3)
CANVAS[14475] bounds(2087,3241/2676,3577) rotate(1.3)
CANVAS[14475] bounds(2090,3274/2841,3791) rotate(12.3)
CANVAS[14475] bounds(2103,3347/2862,3806) rotate(4.4)
CANVAS[14475] bounds(2109,3782/2773,4240) rotate(12.7)
CANVAS[14475] bounds(2115,3361/2829,3762) rotate(-0.7)
CANVAS[14475] bounds(2218,3364/2717,3648) rotate(1.3)
CANVAS[14475] bounds(2261,3619/2851,3959) rotate(1.9)
CANVAS[14475] bounds(2277,3560/2835,3913) rotate(6.9)
CANVAS[14475] bounds(2472,3573/2984,3861) rotate(0.0)
CANVAS[14475] bounds(2506,3794/3095,4131) rotate(1.3)
CANVAS[14475] bounds(2524,4039/3036,4336) rotate(-2.1)
CANVAS[14475] bounds(2544,3904/3092,4271) rotate(7.1)
CANVAS[14475] bounds(2547,3866/3293,4302) rotate(2.1)
CANVAS[14475] bounds(2547,3976/3118,4306) rotate(-1.8)
CANVAS[14475] bounds(2570,3885/3250,4294) rotate(3.7)
CANVAS[14475] bounds(2603,3959/3199,4315) rotate(3.5)
CANVAS[14475] bounds(2606,3777/3177,4108) rotate(-1.8)
CANVAS[14475] bounds(2651,4007/3246,4350) rotate(1.4)
CANVAS[14475] bounds(2672,4016/3246,4341) rotate(1.4)
CANVAS[14475] bounds(2688,3751/3365,4168) rotate(6.0)
CANVAS[14475] bounds(2689,3873/3331,4253) rotate(2.9)
CANVAS[14475] bounds(2702,3951/3214,4239) rotate(0.0)
CANVAS[14475] bounds(2708,3766/3398,4357) rotate(29.9)
CANVAS[14475] bounds(2709,3722/3472,4253) rotate(12.7)
CANVAS[14475] bounds(2710,3765/3446,4215) rotate(4.5)
CANVAS[14475] bounds(2787,3846/3452,4280) rotate(8.0)
CANVAS[14475] bounds(2812,3902/3343,4218) rotate(-2.9)
CANVAS[14475] bounds(2833,3857/3429,4319) rotate(20.9)
CANVAS[14475] bounds(2849,3892/3378,4241) rotate(8.8)
CANVAS[14475] bounds(2859,3705/3593,4319) rotate(27.5)
CANVAS[14475] bounds(2868,3718/3591,4306) rotate(24.9)
CANVAS[14475] bounds(2874,3941/3348,4222) rotate(-2.5)
CANVAS[14494] bounds(1695,3267/2534,4023) rotate(-34.0)
CANVAS[14494] bounds(1709,3190/2704,4017) rotate(-26.9)
CANVAS[14494] bounds(1799,3617/2788,4553) rotate(-39.3)
CANVAS[14494] bounds(1824,3633/2609,4093) rotate(-1.5)
CANVAS[14494] bounds(1865,3578/2910,4364) rotate(-17.2)
CANVAS[14494] bounds(1909,3714/2665,4234) rotate(-11.5)
CANVAS[14494] bounds(1918,3639/2547,4028) rotate(5.0)
CANVAS[14494] bounds(1924,3632/2553,4021) rotate(5.0)
CANVAS[14494] bounds(1943,3585/2767,4215) rotate(-19.7)
CANVAS[14494] bounds(1964,3923/2593,4312) rotate(5.0)
CANVAS[14494] bounds(1976,3905/2605,4294) rotate(5.0)
CANVAS[14494] bounds(1977,3444/2734,3965) rotate(-11.7)
CANVAS[14494] bounds(2005,3609/2919,4224) rotate(-10.3)
CANVAS[14494] bounds(2009,3598/2811,4173) rotate(-14.7)
CANVAS[14494] bounds(2010,3678/2660,4095) rotate(-7.0)
CANVAS[14494] bounds(2084,3587/2895,4140) rotate(-11.2)
CANVAS[14494] bounds(2204,3632/3093,4206) rotate(7.5)
CANVAS[14494] bounds(2217,3766/3013,4303) rotate(-11.0)
CANVAS[14494] bounds(2237,3448/2958,3889) rotate(-4.7)
CANVAS[14494] bounds(2253,3472/2967,3907) rotate(-4.4)
CANVAS[14494] bounds(2269,3662/3135,4158) rotate(-1.1)
CANVAS[14494] bounds(2283,3308/2973,3730) rotate(4.3)
CANVAS[14494] bounds(2289,3374/2801,3662) rotate(0.0)
CANVAS[14494] bounds(2304,3336/3023,3750) rotate(1.1)
CANVAS[14494] bounds(2313,3649/3093,4207) rotate(14.5)
CANVAS[14494] bounds(2359,3343/2979,3707) rotate(-2.0)
CANVAS[14494] bounds(2400,3847/3291,4378) rotate(3.3)
CANVAS[14494] bounds(2409,3407/3129,3926) rotate(14.9)
CANVAS[14494] bounds(2412,3435/3121,3930) rotate(12.6)
CANVAS[14494] bounds(2419,3775/3201,4363) rotate(18.6)
CANVAS[14494] bounds(2420,3559/3057,3923) rotate(-0.6)
CANVAS[14494] bounds(2430,3725/3293,4284) rotate(8.1)
CANVAS[14494] bounds(2440,3495/3026,3848) rotate(-2.0)
CANVAS[14494] bounds(2465,3620/3085,4028) rotate(7.0)
CANVAS[14494] bounds(2471,3532/3047,3931) rotate(-12.0)
CANVAS[14494] bounds(2471,3577/3147,4001) rotate(-5.7)
CANVAS[14494] bounds(2474,3581/3209,4081) rotate(11.2)
CANVAS[14494] bounds(2495,3606/3119,3981) rotate(-3.9)
CANVAS[14494] bounds(2518,3690/3169,4077) rotate(2.8)
CANVAS[14494] bounds(2682,3930/3194,4218) rotate(0.0)
CANVAS[14625] bounds(1047,3862/1801,4303) rotate(722.4)
CANVAS[14625] bounds(1051,3828/1761,4340) rotate(735.6)
CANVAS[14625] bounds(1071,3879/1808,4355) rotate(367.5)
CANVAS[14625] bounds(1082,3588/1963,4256) rotate(739.2)
CANVAS[14625] bounds(1086,3372/1708,3730) rotate(361.0)
CANVAS[14625] bounds(1086,3798/1710,4146) rotate(719.9)
CANVAS[14625] bounds(1087,3924/1733,4308) rotate(362.8)
CANVAS[14625] bounds(1097,3841/1721,4189) rotate(719.9)
CANVAS[14625] bounds(1104,3704/1932,4238) rotate(367.6)
CANVAS[14625] bounds(1106,3707/1928,4240) rotate(367.6)
CANVAS[14625] bounds(1118,3844/1785,4221) rotate(719.0)
CANVAS[14625] bounds(1119,3804/1801,4228) rotate(728.1)
CANVAS[14625] bounds(1151,3699/1864,4427) rotate(767.1)
CANVAS[14625] bounds(1165,3391/1772,3743) rotate(361.3)
CANVAS[14625] bounds(1188,3446/2085,4243) rotate(753.4)
CANVAS[14625] bounds(1202,3821/1838,4345) rotate(746.5)
CANVAS[14625] bounds(1215,3571/2021,4154) rotate(375.4)
CANVAS[14625] bounds(1216,3593/1782,3942) rotate(4.7)
CANVAS[14625] bounds(1222,3827/1831,4276) rotate(737.3)
CANVAS[14625] bounds(1223,3580/2046,4163) rotate(373.7)
CANVAS[14625] bounds(1231,3824/1873,4340) rotate(744.2)
CANVAS[14625] bounds(1232,3796/1855,4304) rotate(745.5)
CANVAS[14625] bounds(1261,3535/2012,4167) rotate(746.6)
CANVAS[14625] bounds(1306,3615/1872,3964) rotate(4.7)
CANVAS[14625] bounds(1322,3623/2243,4359) rotate(23.8)
CANVAS[14625] bounds(1328,3709/2103,4147) rotate(360.3)
CANVAS[14625] bounds(1369,3699/2140,4234) rotate(732.7)
CANVAS[14625] bounds(1380,3589/2204,4347) rotate(396.5)
CANVAS[14625] bounds(1415,3769/2117,4334) rotate(383.9)
CANVAS[14625] bounds(1421,3753/1987,4102) rotate(4.7)
CANVAS[14625] bounds(1422,3819/2061,4301) rotate(378.2)
CANVAS[14625] bounds(1444,3694/2195,4358) rotate(32.7)
CANVAS[14625] bounds(1467,3741/2189,4335) rotate(25.8)
CANVAS[14625] bounds(1482,3661/2149,4174) rotate(380.1)
CANVAS[14625] bounds(305,3639/1294,4352) rotate(702.4)
CANVAS[14625] bounds(327,3731/1108,4276) rotate(347.2)
CANVAS[14625] bounds(398,3646/1371,4379) rotate(701.3)
CANVAS[14625] bounds(403,3700/1188,4266) rotate(704.6)
CANVAS[14625] bounds(449,3687/1237,4342) rotate(692.9)
CANVAS[14625] bounds(453,3790/1229,4225) rotate(360.2)
CANVAS[14625] bounds(473,3752/1271,4311) rotate(706.9)
CANVAS[14625] bounds(505,3744/1198,4217) rotate(708.3)
CANVAS[14625] bounds(513,3831/1221,4247) rotate(717.3)
CANVAS[14625] bounds(534,3775/1159,4195) rotate(709.4)
CANVAS[14625] bounds(538,3856/1067,4176) rotate(356.2)
CANVAS[14625] bounds(572,3782/1268,4317) rotate(699.7)
CANVAS[14625] bounds(587,3725/1941,4648) rotate(708.5)
CANVAS[14625] bounds(645,3948/1210,4263) rotate(720.3)
CANVAS[14625] bounds(665,3682/1494,4201) rotate(354.1)
CANVAS[14625] bounds(686,3724/1289,4076) rotate(361.8)
CANVAS[14625] bounds(764,3734/1341,4081) rotate(363.2)
CANVAS[14625] bounds(790,3685/1761,4328) rotate(710.3)
CANVAS[14625] bounds(796,3694/1757,4321) rotate(711.3)
CANVAS[14625] bounds(804,3743/1603,4213) rotate(357.6)
CANVAS[14625] bounds(822,3424/1604,3892) rotate(723.6)
CANVAS[14625] bounds(900,3501/1524,3849) rotate(719.9)
CANVAS[14625] bounds(917,3430/1542,3786) rotate(359.5)
CANVAS[14625] bounds(922,3248/1704,3716) rotate(723.6)
CANVAS[14625] bounds(931,3924/1751,4410) rotate(716.8)
CANVAS[14625] bounds(945,3915/1757,4403) rotate(716.2)
CANVAS[14625] bounds(949,3645/1918,4313) rotate(731.9)
CANVAS[14645] bounds(1063,3789/1735,4321) rotate(22.5)
CANVAS[14645] bounds(724,3429/1353,3799) rotate(-2.3)
CANVAS[14645] bounds(745,3722/1373,4092) rotate(-2.3)
CANVAS[14645] bounds(849,3382/1478,3752) rotate(-2.3)
CANVAS[14645] bounds(870,3520/1943,4387) rotate(24.2)
CANVAS[14645] bounds(901,3565/1849,4176) rotate(6.7)
CANVAS[14645] bounds(927,3205/1718,3741) rotate(10.5)
CANVAS[14645] bounds(937,3592/1808,4105) rotate(2.3)
CANVAS[14645] bounds(969,3362/1766,3923) rotate(13.0)
CANVAS[14665] bounds(1023,3999/1504,4305) rotate(-6.7)
CANVAS[14665] bounds(1044,3508/1832,3967) rotate(1.9)
CANVAS[14665] bounds(1084,3553/1842,3982) rotate(0.6)
CANVAS[14665] bounds(1109,3785/1866,4327) rotate(14.6)
CANVAS[14665] bounds(1129,3491/1914,3992) rotate(6.9)
CANVAS[14665] bounds(1182,3865/1905,4329) rotate(-7.1)
CANVAS[14665] bounds(166,3528/1075,4293) rotate(-28.3)
CANVAS[14665] bounds(209,3530/1218,4315) rotate(-22.8)
CANVAS[14665] bounds(229,3579/1030,4270) rotate(-30.7)
CANVAS[14665] bounds(315,3754/1229,4326) rotate(-4.5)
CANVAS[14665] bounds(350,3736/1319,4334) rotate(-5.4)
CANVAS[14665] bounds(414,3604/1282,4242) rotate(-17.0)
CANVAS[14665] bounds(442,3450/1351,4195) rotate(-25.8)
CANVAS[14665] bounds(463,3713/1130,4112) rotate(-3.6)
CANVAS[14665] bounds(463,3755/1415,4325) rotate(3.7)
CANVAS[14665] bounds(477,3517/1228,4111) rotate(-22.9)
CANVAS[14665] bounds(489,3690/1202,4173) rotate(-10.1)
CANVAS[14665] bounds(501,3799/1157,4234) rotate(-8.0)
CANVAS[14665] bounds(506,3820/1159,4223) rotate(-5.4)
CANVAS[14665] bounds(537,3662/1287,4369) rotate(-38.9)
CANVAS[14665] bounds(542,3795/1209,4195) rotate(-3.6)
CANVAS[14665] bounds(543,3578/1225,4261) rotate(-45.1)
CANVAS[14665] bounds(553,3547/1311,4092) rotate(-15.1)
CANVAS[14665] bounds(563,3782/1196,4161) rotate(-3.8)
CANVAS[14665] bounds(572,3750/1193,4171) rotate(-11.3)
CANVAS[14665] bounds(573,3810/1270,4233) rotate(-3.8)
CANVAS[14665] bounds(594,3847/1261,4226) rotate(-0.6)
CANVAS[14665] bounds(601,3659/1303,4181) rotate(17.7)
CANVAS[14665] bounds(605,3639/1413,4096) rotate(0.7)
CANVAS[14665] bounds(622,3589/1419,4097) rotate(-7.2)
CANVAS[14665] bounds(631,3606/1421,4104) rotate(-6.5)
CANVAS[14665] bounds(639,3625/1584,4308) rotate(-15.4)
CANVAS[14665] bounds(659,3650/1527,4233) rotate(-10.2)
CANVAS[14665] bounds(724,3594/1393,3990) rotate(3.4)
CANVAS[14665] bounds(745,3657/1572,4123) rotate(0.2)
CANVAS[14665] bounds(766,3418/1590,3917) rotate(4.1)
CANVAS[14665] bounds(770,3416/1589,3913) rotate(4.2)
CANVAS[14665] bounds(792,3201/1693,3829) rotate(-12.8)
CANVAS[14665] bounds(819,3233/1631,3793) rotate(-12.1)
CANVAS[14665] bounds(819,3233/1632,3794) rotate(-12.1)
CANVAS[14665] bounds(862,3528/1731,4022) rotate(-0.9)
CANVAS[14665] bounds(883,3523/1709,4014) rotate(2.3)
CANVAS[14665] bounds(894,3258/1816,3799) rotate(2.4)
CANVAS[14665] bounds(895,3258/1816,3800) rotate(2.4)
CANVAS[14665] bounds(919,3825/1677,4309) rotate(6.9)
CANVAS[14665] bounds(957,3479/1702,3943) rotate(6.0)
CANVAS[14665] bounds(960,3497/1698,3945) rotate(4.6)
CANVAS[14802] bounds(-29,2694/677,3361) rotate(38.3)
CANVAS[14802] bounds(-73,3189/306,3842) rotate(448.1)
CANVAS[14802] bounds(-8,2187/678,2992) rotate(60.9)
CANVAS[14802] bounds(101,3113/831,3997) rotate(63.8)
CANVAS[14802] bounds(102,2265/603,2960) rotate(75.2)
CANVAS[14802] bounds(109,2980/481,3624) rotate(91.6)
CANVAS[14802] bounds(11,3371/417,4031) rotate(85.3)
CANVAS[14802] bounds(110,2485/464,3040) rotate(83.1)
CANVAS[14802] bounds(120,2820/543,3548) rotate(88.1)
CANVAS[14802] bounds(124,2698/529,3341) rotate(83.7)
CANVAS[14802] bounds(124,2837/633,3631) rotate(82.8)
CANVAS[14802] bounds(135,2340/578,2969) rotate(76.8)
CANVAS[14802] bounds(136,2737/683,3511) rotate(103.5)
CANVAS[14802] bounds(145,2367/531,2886) rotate(72.6)
CANVAS[14802] bounds(148,2360/528,2891) rotate(75.5)
CANVAS[14802] bounds(15,3231/407,3903) rotate(447.8)
CANVAS[14802] bounds(150,2903/618,3597) rotate(99.6)
CANVAS[14802] bounds(160,2662/721,3462) rotate(76.9)
CANVAS[14802] bounds(171,3224/519,3772) rotate(96.7)
CANVAS[14802] bounds(193,3190/581,3855) rotate(91.9)
CANVAS[14802] bounds(194,3074/672,3918) rotate(90.6)
CANVAS[14802] bounds(195,2885/688,3594) rotate(102.4)
CANVAS[14802] bounds(21,2748/452,3430) rotate(443.4)
CANVAS[14802] bounds(23,2224/643,2962) rotate(62.2)
CANVAS[14802] bounds(302,2813/667,3444) rotate(88.4)
CANVAS[14802] bounds(329,2694/864,3646) rotate(89.8)
CANVAS[14802] bounds(330,2745/692,3337) rotate(94.6)
CANVAS[14802] bounds(373,2648/1008,3726) rotate(87.5)
CANVAS[14802] bounds(440,2830/870,3538) rotate(94.2)
CANVAS[14802] bounds(456,2830/941,3551) rotate(100.4)
CANVAS[14802] bounds(57,3116/444,3781) rotate(91.9)
CANVAS[14802] bounds(65,2324/445,2924) rotate(83.7)
CANVAS[14802] bounds(65,3100/455,3766) rotate(92.1)
CANVAS[14802] bounds(7,3360/497,4044) rotate(104.8)
CANVAS[14802] bounds(74,3057/554,3745) rotate(102.9)
CANVAS[14802] bounds(76,3400/370,3920) rotate(89.6)
CANVAS[14802] bounds(78,2335/423,2896) rotate(85.3)
CANVAS[14802] bounds(82,3071/540,3737) rotate(101.7)
CANVAS[14828] bounds(-15,2537/473,3262) rotate(79.2)
CANVAS[14828] bounds(-30,2533/460,3262) rotate(79.3)
CANVAS[14828] bounds(-4,2277/563,2933) rotate(59.4)
CANVAS[14828] bounds(132,2380/606,3117) rotate(82.6)
CANVAS[14828] bounds(136,2415/592,3099) rotate(80.2)
CANVAS[14828] bounds(17,2265/465,2840) rotate(71.0)
CANVAS[14828] bounds(175,2492/623,3250) rotate(92.8)
CANVAS[14828] bounds(203,2612/788,3596) rotate(86.9)
CANVAS[14828] bounds(245,2813/580,3407) rotate(90.3)
CANVAS[14828] bounds(273,2294/589,2789) rotate(82.5)
CANVAS[14828] bounds(293,2320/749,3004) rotate(80.2)
CANVAS[14828] bounds(36,2411/555,3118) rotate(73.5)
CANVAS[14828] bounds(364,2787/798,3535) rotate(88.3)
CANVAS[14828] bounds(38,2925/507,3615) rotate(100.7)
CANVAS[14828] bounds(388,2799/780,3427) rotate(84.4)
CANVAS[14828] bounds(42,2182/488,2784) rotate(72.5)
CANVAS[14828] bounds(448,2892/797,3502) rotate(88.6)
CANVAS[14828] bounds(465,2893/801,3486) rotate(89.6)
CANVAS[14828] bounds(53,2376/458,2921) rotate(72.4)
CANVAS[14828] bounds(62,2395/454,2924) rotate(72.8)
CANVAS[14828] bounds(65,2944/485,3587) rotate(98.4)
CANVAS[14828] bounds(85,2229/479,2765) rotate(73.2)
CANVAS[14866] bounds(28,3290/383,3866) rotate(94.7)
CANVAS[14866] bounds(343,3272/682,3750) rotate(-256.5)
CANVAS[14866] bounds(54,2982/449,3645) rotate(92.8)
CANVAS[14866] bounds(55,2973/449,3644) rotate(92.1)
CANVAS[14892] bounds(-11,3183/449,3863) rotate(79.6)
CANVAS[14892] bounds(-16,3592/640,4383) rotate(116.7)
CANVAS[14892] bounds(-22,3328/402,3904) rotate(70.6)
CANVAS[14892] bounds(106,3505/709,4203) rotate(120.4)
CANVAS[14892] bounds(114,3447/508,4113) rotate(87.3)
CANVAS[14892] bounds(144,3683/477,4233) rotate(93.8)
CANVAS[14892] bounds(158,3539/570,4228) rotate(93.2)
CANVAS[14892] bounds(161,3545/555,4222) rotate(93.8)
CANVAS[14892] bounds(200,3497/818,4082) rotate(140.6)
CANVAS[14892] bounds(239,3351/671,4074) rotate(86.8)
CANVAS[14892] bounds(240,3351/673,4074) rotate(86.8)
CANVAS[14892] bounds(28,3657/561,4281) rotate(119.4)
CANVAS[14892] bounds(29,3544/360,4020) rotate(77.6)
CANVAS[14892] bounds(73,3193/541,3960) rotate(94.3)
CANVAS[14892] bounds(9,3595/637,4370) rotate(114.6)
CANVAS[14892] bounds(99,3293/448,3814) rotate(99.9)
CANVAS[15069] bounds(1204,2370/2024,2890) rotate(186.8)
CANVAS[15069] bounds(1293,2386/2127,2924) rotate(187.6)
CANVAS[15069] bounds(1296,2380/2128,2935) rotate(189.6)
CANVAS[15069] bounds(1318,2553/1984,2943) rotate(177.9)
CANVAS[15069] bounds(1327,2621/2034,3032) rotate(181.8)
CANVAS[15069] bounds(1328,2621/2035,3033) rotate(181.8)
CANVAS[15069] bounds(1331,2323/2114,2947) rotate(203.0)
CANVAS[15069] bounds(1334,2292/2132,2977) rotate(210.0)
CANVAS[15069] bounds(1366,2475/1946,2817) rotate(182.7)
CANVAS[15069] bounds(1405,2496/2252,3003) rotate(176.4)
CANVAS[15069] bounds(1410,2478/2251,2991) rotate(184.5)
CANVAS[15069] bounds(1420,2688/2149,3144) rotate(175.5)
CANVAS[15069] bounds(1441,2499/2168,2914) rotate(185.6)
CANVAS[15069] bounds(1485,2587/2352,3100) rotate(182.9)
CANVAS[15069] bounds(1499,2460/2379,2954) rotate(180.1)
CANVAS[15069] bounds(1499,2460/2380,2954) rotate(180.1)
CANVAS[15069] bounds(1553,2538/2373,3059) rotate(186.8)
CANVAS[15069] bounds(1564,2768/2268,3188) rotate(183.1)
CANVAS[15069] bounds(1579,2706/2332,3160) rotate(176.0)
CANVAS[15069] bounds(1706,2566/2526,3087) rotate(186.8)
CANVAS[15069] bounds(1752,2478/2520,2944) rotate(184.4)
CANVAS[15069] bounds(1756,2724/2625,3259) rotate(185.1)
CANVAS[15069] bounds(1759,2570/2558,3094) rotate(171.2)
CANVAS[15069] bounds(1767,2725/2640,3268) rotate(185.8)
CANVAS[15069] bounds(1788,2772/2338,3163) rotate(194.4)
CANVAS[15069] bounds(1808,2638/2508,3083) rotate(186.8)
CANVAS[15069] bounds(1814,2730/2644,3232) rotate(184.0)
CANVAS[15069] bounds(1863,2476/2616,2925) rotate(176.6)
CANVAS[15069] bounds(1872,2457/2570,2880) rotate(184.2)
CANVAS[15069] bounds(1889,2380/2571,2904) rotate(200.2)
CANVAS[15069] bounds(1938,2676/2786,3241) rotate(190.0)
CANVAS[15069] bounds(1959,2726/2698,3142) rotate(180.5)
CANVAS[15093] bounds(1021,2590/1885,3162) rotate(-189.4)
CANVAS[15093] bounds(1070,2569/1906,3153) rotate(-167.1)
CANVAS[15093] bounds(1125,2426/1931,2911) rotate(-176.3)
CANVAS[15093] bounds(1136,2491/1973,3075) rotate(-167.1)
CANVAS[15093] bounds(1145,2315/1959,2899) rotate(-165.2)
CANVAS[15093] bounds(1153,2287/1975,2909) rotate(-161.1)
CANVAS[15093] bounds(1164,2299/1853,2739) rotate(-173.1)
CANVAS[15093] bounds(1197,2227/1991,2723) rotate(-174.2)
CANVAS[15093] bounds(1206,2244/1986,2729) rotate(-174.6)
CANVAS[15093] bounds(1375,2385/2023,2818) rotate(-170.1)
CANVAS[15093] bounds(1396,2413/2043,2846) rotate(-170.1)
CANVAS[15093] bounds(622,2196/1330,2596) rotate(-180.3)
CANVAS[15093] bounds(642,2089/1467,2808) rotate(-148.7)
CANVAS[15093] bounds(651,2100/1452,2793) rotate(-149.5)
CANVAS[15093] bounds(657,2334/1507,2909) rotate(-170.1)
CANVAS[15093] bounds(665,2361/1439,2947) rotate(-161.2)
CANVAS[15093] bounds(674,2376/1433,2928) rotate(-163.9)
CANVAS[15093] bounds(680,2358/1493,2897) rotate(-170.9)
CANVAS[15093] bounds(743,2204/1603,2834) rotate(-163.7)
CANVAS[15093] bounds(787,2266/1510,2777) rotate(-166.3)
CANVAS[15093] bounds(796,2187/1519,2698) rotate(-166.3)
CANVAS[15093] bounds(844,2526/1684,3053) rotate(-185.7)
CANVAS[15093] bounds(868,2203/1767,3001) rotate(-147.0)
CANVAS[15093] bounds(876,2175/1599,2686) rotate(-166.3)
CANVAS[15093] bounds(901,2575/1635,3006) rotate(-182.5)
CANVAS[15093] bounds(909,2176/1810,3018) rotate(-141.8)
CANVAS[15093] bounds(972,2180/2011,2854) rotate(-188.0)
CANVAS[15115] bounds(1000,2650/1747,3131) rotate(532.4)
CANVAS[15115] bounds(1033,2681/1733,3096) rotate(537.0)
CANVAS[15115] bounds(1069,2530/1763,2986) rotate(549.1)
CANVAS[15115] bounds(1095,2613/1823,3089) rotate(548.7)
CANVAS[15115] bounds(1107,2582/1772,2990) rotate(544.9)
CANVAS[15115] bounds(1335,2196/1996,2587) rotate(-177.6)
CANVAS[15115] bounds(1352,2192/1994,2591) rotate(-185.1)
CANVAS[15115] bounds(1388,2495/2158,2953) rotate(536.9)
CANVAS[15115] bounds(1389,2209/2228,2869) rotate(517.9)
CANVAS[15115] bounds(1389,2348/2030,2737) rotate(176.0)
CANVAS[15115] bounds(1405,2281/2160,2751) rotate(185.4)
CANVAS[15115] bounds(1413,2144/2298,2732) rotate(170.6)
CANVAS[15115] bounds(1516,2343/2133,2718) rotate(184.7)
CANVAS[15115] bounds(1543,2228/2382,2888) rotate(517.9)
CANVAS[15115] bounds(1565,2660/2225,3177) rotate(561.8)
CANVAS[15115] bounds(1784,2309/2622,2968) rotate(517.9)
CANVAS[15115] bounds(1838,2211/2576,2734) rotate(193.8)
CANVAS[15115] bounds(1886,2536/2786,3054) rotate(538.6)
CANVAS[15115] bounds(1888,2539/2781,3064) rotate(537.5)
CANVAS[15115] bounds(1953,2345/2529,2771) rotate(195.6)
CANVAS[15115] bounds(2166,2596/2944,3063) rotate(535.2)
CANVAS[15115] bounds(2253,2671/2932,3084) rotate(544.3)
CANVAS[15115] bounds(2257,2679/2946,3093) rotate(543.6)
CANVAS[15115] bounds(585,2304/1249,2738) rotate(531.4)
CANVAS[15115] bounds(617,2212/1422,2877) rotate(566.4)
CANVAS[15115] bounds(635,2153/1449,2911) rotate(577.1)
CANVAS[15115] bounds(675,2219/1404,2811) rotate(564.9)
CANVAS[15115] bounds(713,2233/1485,2769) rotate(552.5)
CANVAS[15115] bounds(731,2240/1498,2870) rotate(565.9)
CANVAS[15115] bounds(738,2389/1510,2925) rotate(552.5)
CANVAS[15115] bounds(757,2408/1529,2943) rotate(552.5)
CANVAS[15115] bounds(768,2374/1384,2831) rotate(557.4)
CANVAS[15115] bounds(944,2294/1698,2969) rotate(574.1)
CANVAS[15115] bounds(983,2597/1716,3047) rotate(544.8)
CANVAS[15139] bounds(1368,2312/2018,2756) rotate(168.7)
CANVAS[15139] bounds(1909,2147/2839,2917) rotate(153.5)
CANVAS[15139] bounds(1940,2263/2621,2769) rotate(162.6)
CANVAS[15139] bounds(2002,2195/2892,2868) rotate(161.0)
CANVAS[15139] bounds(2027,2310/2619,2681) rotate(174.2)
CANVAS[15139] bounds(2053,2327/2673,2704) rotate(175.8)
CANVAS[15139] bounds(2081,2317/2801,2752) rotate(183.7)
CANVAS[15139] bounds(2096,2324/2795,2732) rotate(181.9)
CANVAS[15139] bounds(2163,2204/2936,2687) rotate(174.2)
CANVAS[15139] bounds(2202,2421/2886,2851) rotate(170.9)
CANVAS[15139] bounds(2230,2605/2904,2992) rotate(178.9)
CANVAS[15139] bounds(2232,2224/2906,2611) rotate(178.9)
CANVAS[15139] bounds(2242,2396/3038,3020) rotate(158.3)
CANVAS[15139] bounds(2250,2297/3006,2787) rotate(187.9)
CANVAS[15139] bounds(2253,2304/3049,2783) rotate(183.6)
CANVAS[15139] bounds(2255,2434/3098,2948) rotate(175.2)
CANVAS[15139] bounds(2269,2410/2978,3018) rotate(150.2)
CANVAS[15139] bounds(2280,2394/2959,3019) rotate(143.4)
CANVAS[15139] bounds(2298,2454/2972,2841) rotate(178.9)
CANVAS[15139] bounds(2308,2224/3090,2814) rotate(162.1)
CANVAS[15139] bounds(2309,2229/2984,2772) rotate(156.0)
CANVAS[15139] bounds(2324,2215/3162,2838) rotate(162.7)
CANVAS[15139] bounds(2352,2315/2999,2774) rotate(166.1)
CANVAS[15139] bounds(2427,2554/3032,2914) rotate(182.9)
CANVAS[15377] bounds(3084,2266/3633,2972) rotate(291.1)
CANVAS[15377] bounds(3087,2354/3734,3106) rotate(-60.1)
CANVAS[15377] bounds(3102,2263/3580,2933) rotate(284.4)
CANVAS[15377] bounds(3120,2524/3603,3275) rotate(-82.8)
CANVAS[15377] bounds(3144,2341/3714,2986) rotate(-57.4)
CANVAS[15377] bounds(3151,2346/3616,3047) rotate(279.5)
CANVAS[15377] bounds(3153,2353/3623,3069) rotate(278.8)
CANVAS[15377] bounds(3179,3162/3789,4135) rotate(264.1)
CANVAS[15377] bounds(3183,3178/3789,4145) rotate(264.1)
CANVAS[15377] bounds(3184,2208/3569,2826) rotate(264.4)
CANVAS[15377] bounds(3220,2829/3798,3755) rotate(275.6)
CANVAS[15377] bounds(3276,2968/3694,3624) rotate(276.8)
CANVAS[15377] bounds(3290,3230/3708,3885) rotate(276.8)
CANVAS[15377] bounds(3307,3059/3767,3735) rotate(280.9)
CANVAS[15377] bounds(3307,3225/3680,3848) rotate(273.3)
CANVAS[15377] bounds(3317,2331/3818,2960) rotate(293.1)
CANVAS[15377] bounds(3326,3062/3786,3873) rotate(269.4)
CANVAS[15377] bounds(3331,2194/3734,2823) rotate(277.2)
CANVAS[15377] bounds(3331,2242/3737,2826) rotate(282.5)
CANVAS[15377] bounds(3361,2441/3835,3115) rotate(283.3)
CANVAS[15377] bounds(3410,2873/3840,3505) rotate(280.8)
CANVAS[15377] bounds(3416,3738/3892,4366) rotate(251.0)
CANVAS[15377] bounds(3454,2916/3789,3483) rotate(267.5)
CANVAS[15377] bounds(3454,3676/3847,4217) rotate(254.9)
CANVAS[15377] bounds(3477,3763/3833,4339) rotate(265.0)
CANVAS[15377] bounds(3484,3521/3823,4089) rotate(266.8)
CANVAS[15401] bounds(2982,2761/3400,3497) rotate(-449.7)
CANVAS[15401] bounds(3031,2712/3571,3666) rotate(-449.6)
CANVAS[15401] bounds(3034,2464/3564,3332) rotate(-454.2)
CANVAS[15401] bounds(3074,2502/3545,3323) rotate(-451.0)
CANVAS[15401] bounds(3161,2588/3717,3506) rotate(-454.0)
CANVAS[15401] bounds(3170,2851/3702,3668) rotate(-442.0)
CANVAS[15401] bounds(3220,2963/3677,3681) rotate(-443.5)
CANVAS[15401] bounds(3233,2982/3674,3663) rotate(-442.4)
CANVAS[15401] bounds(3296,2216/3893,2977) rotate(-428.4)
CANVAS[15401] bounds(3333,2585/3990,3421) rotate(-428.3)
CANVAS[15401] bounds(3357,2556/3741,3234) rotate(-450.3)
CANVAS[15401] bounds(3362,2666/3958,3297) rotate(-410.7)
CANVAS[15401] bounds(3372,2296/3818,2967) rotate(-440.8)
CANVAS[15401] bounds(3402,2347/3789,2978) rotate(-445.6)
CANVAS[15401] bounds(3403,2346/3790,2977) rotate(-445.6)
CANVAS[15401] bounds(3514,2783/3923,3444) rotate(-85.2)
CANVAS[15423] bounds(2261,2803/4638,5105) rotate(41.7)
CANVAS[15423] bounds(2977,3205/4075,4275) rotate(-222.3)
CANVAS[15423] bounds(3026,3582/3595,4268) rotate(603.2)
CANVAS[15423] bounds(3045,3316/4035,4186) rotate(-147.9)
CANVAS[15423] bounds(3045,3571/3612,4264) rotate(604.4)
CANVAS[15423] bounds(3056,3127/3666,3894) rotate(606.9)
CANVAS[15423] bounds(3056,3127/3666,3894) rotate(607.1)
CANVAS[15423] bounds(3092,2857/3564,3615) rotate(-95.3)
CANVAS[15423] bounds(3095,2992/3539,3688) rotate(-96.7)
CANVAS[15423] bounds(3097,2706/3503,3357) rotate(-95.4)
CANVAS[15423] bounds(3097,3139/3576,3789) rotate(611.7)
CANVAS[15423] bounds(3128,3548/3988,4538) rotate(239.0)
CANVAS[15423] bounds(3136,3366/3685,4054) rotate(-113.3)
CANVAS[15423] bounds(3156,3020/3515,3635) rotate(-88.1)
CANVAS[15423] bounds(3186,2954/3673,3604) rotate(-108.1)
CANVAS[15423] bounds(3216,3604/3910,4428) rotate(241.8)
CANVAS[15423] bounds(3293,3392/3878,4149) rotate(-110.4)
CANVAS[15423] bounds(3295,3315/3817,3958) rotate(-115.0)
CANVAS[15423] bounds(3306,3609/3858,4310) rotate(-112.0)
CANVAS[15423] bounds(3306,3616/3856,4306) rotate(-113.0)
CANVAS[15423] bounds(3314,3075/3637,3611) rotate(-86.6)
CANVAS[15423] bounds(3330,3467/3815,4069) rotate(605.9)
CANVAS[15423] bounds(3332,3479/3812,4075) rotate(605.3)
CANVAS[15423] bounds(3335,3428/3851,4095) rotate(-110.4)
CANVAS[15423] bounds(3347,3466/3791,4191) rotate(265.3)
CANVAS[15423] bounds(3353,3445/3787,4181) rotate(267.4)
CANVAS[15423] bounds(3363,3468/3758,4039) rotate(-102.1)
CANVAS[15423] bounds(3367,3532/3791,4191) rotate(622.5)
CANVAS[15423] bounds(3378,3687/3802,4353) rotate(263.3)
CANVAS[15423] bounds(3380,3690/3796,4354) rotate(264.0)
CANVAS[15423] bounds(3384,3205/3752,3796) rotate(272.6)
CANVAS[15423] bounds(3401,3390/3794,3928) rotate(614.7)
CANVAS[15423] bounds(3406,3393/3748,3956) rotate(274.6)
CANVAS[15423] bounds(3428,3124/3787,3724) rotate(626.6)
CANVAS[15423] bounds(3481,3240/3794,3763) rotate(633.3)
CANVAS[15423] bounds(3487,3246/3796,3762) rotate(633.4)
CANVAS[15445] bounds(2924,2827/3366,3514) rotate(-82.4)
CANVAS[15445] bounds(3031,3020/3373,3612) rotate(-88.4)
CANVAS[15445] bounds(3052,2825/3547,3659) rotate(-93.9)
CANVAS[15445] bounds(3064,2944/3466,3637) rotate(-91.7)
CANVAS[15445] bounds(3110,3163/3482,3771) rotate(-85.3)
CANVAS[15445] bounds(3133,2268/3532,2784) rotate(-69.5)
CANVAS[15445] bounds(3136,2278/3531,2794) rotate(-70.1)
CANVAS[15445] bounds(3168,2846/3498,3436) rotate(-90.0)
CANVAS[15445] bounds(3183,2697/3558,3328) rotate(-87.0)
CANVAS[15445] bounds(3192,3314/3614,3986) rotate(-95.9)
CANVAS[15445] bounds(3200,2703/3512,3247) rotate(-89.0)
CANVAS[15445] bounds(3203,3333/3772,4157) rotate(-101.9)
CANVAS[15445] bounds(3227,3441/3779,4113) rotate(-116.0)
CANVAS[15445] bounds(3238,3601/3749,4264) rotate(-110.4)
CANVAS[15445] bounds(3254,3637/3737,4262) rotate(-110.6)
CANVAS[15445] bounds(3259,3119/3765,3885) rotate(-95.2)
CANVAS[15445] bounds(3319,3530/3958,4193) rotate(-131.1)
CANVAS[15445] bounds(3342,3002/3804,3731) rotate(-96.5)
CANVAS[15445] bounds(3344,3006/3790,3730) rotate(-94.9)
CANVAS[15445] bounds(3369,3557/3776,4163) rotate(-439.6)
CANVAS[15445] bounds(3394,3448/3927,4164) rotate(-107.5)
CANVAS[15445] bounds(3394,3529/3769,4128) rotate(-84.0)
CANVAS[15445] bounds(3469,3543/3796,4104) rotate(-91.9)
CANVAS[15445] bounds(3472,3804/3777,4284) rotate(-97.0)
CANVAS[15445] bounds(3476,3808/3763,4276) rotate(-94.8)
CANVAS[15445] bounds(3477,3392/3848,4050) rotate(-90.0)
CANVAS[15445] bounds(3569,3936/3716,4191) rotate(-91.8)
CANVAS[15861] bounds(1050,3485/1631,3940) rotate(4.7)
CANVAS[15861] bounds(1055,3278/1541,3682) rotate(11.6)
CANVAS[15861] bounds(1078,3816/1701,4301) rotate(-4.4)
CANVAS[15861] bounds(1107,3803/1746,4338) rotate(13.5)
CANVAS[15861] bounds(1118,3800/1797,4310) rotate(-0.3)
CANVAS[15861] bounds(1131,3854/1788,4365) rotate(-4.2)
CANVAS[15861] bounds(1134,3801/1784,4295) rotate(1.4)
CANVAS[15861] bounds(1185,3673/1942,4356) rotate(25.9)
CANVAS[15861] bounds(1187,3680/1942,4256) rotate(-1.7)
CANVAS[15861] bounds(1193,3664/1929,4354) rotate(32.3)
CANVAS[15861] bounds(1194,3788/1855,4409) rotate(33.0)
CANVAS[15861] bounds(1218,3709/1843,4183) rotate(1.0)
CANVAS[15861] bounds(1221,3777/1875,4305) rotate(-8.1)
CANVAS[15861] bounds(1242,3625/1997,4371) rotate(42.6)
CANVAS[15861] bounds(1253,3370/1815,3887) rotate(28.8)
CANVAS[15861] bounds(1300,3692/1899,4288) rotate(44.3)
CANVAS[15861] bounds(1384,3788/1989,4275) rotate(3.4)
CANVAS[15861] bounds(1435,3802/2235,4402) rotate(0.0)
CANVAS[15861] bounds(1483,3548/2243,4325) rotate(49.1)
CANVAS[15861] bounds(752,3276/1426,3834) rotate(-11.7)
CANVAS[15861] bounds(840,3308/1451,3766) rotate(0.1)
CANVAS[15861] bounds(906,3359/1662,3954) rotate(-4.8)
CANVAS[15861] bounds(931,3336/1542,3800) rotate(1.3)
CANVAS[15861] bounds(994,3256/1669,3845) rotate(20.9)
CANVAS[6627] bounds(0,2160/3840,4320) rotate(0.0)
CANVAS[6628] bounds(3840,2160/5760,3240) rotate(0.0)
CANVAS[6629] bounds(-1920,2160/0,3240) rotate(0.0)
CANVAS[6630] bounds(0,2160/3840,4320) rotate(0.0)
CANVAS[6631] bounds(960,1080/2880,2160) rotate(0.0)
CANVAS[7412] bounds(1188,3731/1775,4186) rotate(-364.9)
CANVAS[7412] bounds(1265,3793/1826,4215) rotate(-358.3)
CANVAS[7412] bounds(1519,3726/2235,4383) rotate(-331.0)
CANVAS[7412] bounds(1521,3691/2211,4320) rotate(-332.1)
CANVAS[7412] bounds(716,3122/1310,3576) rotate(-356.6)
CANVAS[7837] bounds(1015,3577/1653,4005) rotate(10.9)
CANVAS[7837] bounds(1100,3643/1738,4071) rotate(10.9)
CANVAS[7837] bounds(1110,3754/1708,4109) rotate(-3.8)
CANVAS[7837] bounds(1234,3464/1872,3892) rotate(10.9)
CANVAS[7837] bounds(1266,3799/1864,4154) rotate(-3.8)
CANVAS[7837] bounds(1282,3516/1880,3871) rotate(-3.8)
CANVAS[7837] bounds(1287,3944/1885,4299) rotate(-3.8)
CANVAS[7837] bounds(1307,3988/1905,4343) rotate(-3.8)
CANVAS[7837] bounds(1345,3885/1943,4240) rotate(-3.8)
CANVAS[7837] bounds(1354,3850/1990,4280) rotate(12.5)
CANVAS[7837] bounds(1366,3913/2004,4341) rotate(10.9)
CANVAS[7837] bounds(936,3490/1606,3879) rotate(2.7)
CANVAS[7837] bounds(977,3513/1648,3975) rotate(12.5)
CANVAS[7837] bounds(984,3552/1622,3980) rotate(10.9)
CANVAS[7855] bounds(240,3811/937,4408) rotate(329.9)
CANVAS[7855] bounds(250,3815/947,4412) rotate(329.9)
CANVAS[7855] bounds(251,3797/948,4394) rotate(329.9)
CANVAS[7855] bounds(352,3697/1049,4294) rotate(329.9)
CANVAS[7855] bounds(355,3680/1160,4296) rotate(339.6)
CANVAS[7855] bounds(370,3687/1161,4283) rotate(340.9)
CANVAS[7855] bounds(389,3700/1086,4297) rotate(329.9)
CANVAS[7855] bounds(389,3700/1086,4298) rotate(329.9)
CANVAS[7855] bounds(441,3789/1232,4385) rotate(340.9)
CANVAS[7855] bounds(504,3789/1239,4272) rotate(350.4)
CANVAS[7855] bounds(571,3872/1362,4468) rotate(340.9)
CANVAS[7855] bounds(589,3586/1380,4182) rotate(340.9)
CANVAS[7855] bounds(590,3583/1381,4179) rotate(340.9)
CANVAS[7855] bounds(696,3761/1487,4357) rotate(340.9)
CANVAS[7855] bounds(712,3909/1394,4327) rotate(365.4)
CANVAS[7957] bounds(1956,2284/2536,2728) rotate(536.8)
CANVAS[7957] bounds(2030,2123/2666,2699) rotate(513.4)
CANVAS[7957] bounds(2039,2334/2538,2730) rotate(532.8)
CANVAS[7957] bounds(2052,2192/2639,2696) rotate(522.1)
CANVAS[7957] bounds(2203,2350/2861,2900) rotate(526.0)
CANVAS[7957] bounds(2511,2281/3185,2892) rotate(513.4)
CANVAS[7957] bounds(2599,2379/3173,2838) rotate(531.7)
CANVAS[7957] bounds(2599,2379/3173,2838) rotate(537.2)
CANVAS[8078] bounds(1068,2330/1665,2811) rotate(189.5)
CANVAS[8078] bounds(1277,2349/1857,2785) rotate(178.5)
CANVAS[8078] bounds(1339,2298/1925,2768) rotate(188.6)
CANVAS[8078] bounds(1495,2268/2011,2671) rotate(185.7)
CANVAS[8078] bounds(869,2328/1536,2945) rotate(210.2)
CANVAS[8078] bounds(874,2315/1550,2935) rotate(208.8)
CANVAS[8078] bounds(890,2215/1604,2869) rotate(208.5)
CANVAS[8078] bounds(947,2215/1537,2675) rotate(175.1)
CANVAS[8196] bounds(1422,2166/2037,2654) rotate(-173.3)
CANVAS[8196] bounds(1573,2161/2228,2736) rotate(-519.0)
CANVAS[8196] bounds(1816,2694/2381,3124) rotate(-182.2)
CANVAS[8196] bounds(1859,2145/2573,2720) rotate(-171.3)
CANVAS[8196] bounds(1876,2643/2590,3263) rotate(-199.4)
CANVAS[8196] bounds(1906,2301/2510,2773) rotate(-185.0)
CANVAS[8196] bounds(1945,2701/2662,3333) rotate(-201.7)
CANVAS[8196] bounds(1989,2720/2607,3193) rotate(-177.5)
CANVAS[8689] bounds(1124,2882/1764,3304) rotate(-190.5)
CANVAS[8689] bounds(1148,2890/1738,3269) rotate(-188.3)
CANVAS[8689] bounds(1222,2670/1855,3091) rotate(-169.6)
CANVAS[8689] bounds(1242,2596/1863,3015) rotate(-168.7)
CANVAS[8689] bounds(1467,2559/2089,2923) rotate(-182.8)
CANVAS[8689] bounds(1493,2962/2084,3295) rotate(-181.2)
CANVAS[8689] bounds(1538,2747/2301,3224) rotate(-186.5)
CANVAS[8689] bounds(1552,2775/2288,3209) rotate(-183.2)
CANVAS[8689] bounds(1556,2657/2294,3083) rotate(-177.8)
CANVAS[8689] bounds(1614,2600/2247,3016) rotate(-170.4)
CANVAS[8689] bounds(1619,2821/2203,3142) rotate(-179.9)
