CANVAS[6627] bounds(0,2160/3840,4320) rotate(0.0)
CANVAS[6628] bounds(3840,2160/5760,3240) rotate(0.0)
CANVAS[6629] bounds(-1920,2160/0,3240) rotate(0.0)
CANVAS[6630] bounds(0,2160/3840,4320) rotate(0.0)
CANVAS[6631] bounds(960,1080/2880,2160) rotate(0.0)
CANVAS[7412] bounds(1201,3246/2082,3969) rotate(-10.2)
CANVAS[7412] bounds(1314,3413/2115,4048) rotate(-5.9)
CANVAS[7412] bounds(1322,3445/2162,4102) rotate(-4.5)
CANVAS[7412] bounds(1604,3253/2469,3925) rotate(4.2)
CANVAS[7412] bounds(1666,3400/2349,3940) rotate(5.6)
CANVAS[7412] bounds(1862,3418/2524,3926) rotate(2.3)
CANVAS[7412] bounds(1900,3647/2671,4326) rotate(20.8)
CANVAS[7412] bounds(1901,3617/2792,4363) rotate(13.7)
CANVAS[7412] bounds(2051,3587/2799,4271) rotate(27.3)
CANVAS[7412] bounds(2059,3259/3135,4173) rotate(15.2)
CANVAS[7412] bounds(2072,3267/3134,4168) rotate(14.1)
CANVAS[7412] bounds(2248,3520/3221,4369) rotate(19.6)
CANVAS[7412] bounds(2279,3548/3136,4286) rotate(17.3)
CANVAS[7412] bounds(2288,3511/3375,4492) rotate(25.2)
CANVAS[7412] bounds(2291,3519/3367,4457) rotate(19.2)
CANVAS[7412] bounds(2323,3286/3162,3963) rotate(-8.0)
CANVAS[7412] bounds(2336,3437/3327,4340) rotate(26.8)
CANVAS[7412] bounds(2398,3486/3278,4251) rotate(18.9)
CANVAS[7412] bounds(2455,3413/3379,4337) rotate(45.0)
CANVAS[7412] bounds(2473,3406/3338,4106) rotate(8.7)
CANVAS[7412] bounds(2489,3389/3266,4012) rotate(7.2)
CANVAS[7412] bounds(2496,3410/3526,4415) rotate(40.1)
CANVAS[7412] bounds(2514,3420/3514,4387) rotate(38.2)
CANVAS[7412] bounds(2521,3534/3395,4328) rotate(26.3)
CANVAS[7412] bounds(2529,3482/3154,3956) rotate(1.0)
CANVAS[7412] bounds(2545,3463/3161,3930) rotate(-1.1)
CANVAS[7412] bounds(2612,3464/3346,4023) rotate(-1.3)
CANVAS[7412] bounds(2616,3568/3413,4171) rotate(0.7)
CANVAS[7412] bounds(2616,3569/3413,4171) rotate(0.7)
CANVAS[7412] bounds(2725,3483/3622,4181) rotate(-4.2)
CANVAS[7412] bounds(2728,3320/3775,4302) rotate(32.3)
CANVAS[7412] bounds(2729,3321/3774,4300) rotate(32.3)
CANVAS[7412] bounds(2743,3350/3773,4272) rotate(23.9)
CANVAS[7412] bounds(3131,3397/3859,3948) rotate(1.0)
CANVAS[7521] bounds(1887,3687/2695,4324) rotate(5.3)
CANVAS[7521] bounds(1999,3492/2786,4087) rotate(-0.9)
CANVAS[7521] bounds(2005,3465/2805,4065) rotate(0.0)
CANVAS[7521] bounds(2475,3477/3309,4147) rotate(7.6)
CANVAS[7521] bounds(2752,3260/3676,4001) rotate(7.5)
CANVAS[7837] bounds(1005,3555/1814,4031) rotate(2.3)
CANVAS[7837] bounds(1019,3213/2120,3846) rotate(1.2)
CANVAS[7837] bounds(1035,3226/2090,3871) rotate(4.3)
CANVAS[7837] bounds(1106,3664/1936,4167) rotate(3.8)
CANVAS[7837] bounds(1129,3453/1885,3964) rotate(-10.4)
CANVAS[7837] bounds(1143,3472/2064,4033) rotate(6.8)
CANVAS[7837] bounds(1163,3356/1977,3903) rotate(10.1)
CANVAS[7837] bounds(1189,3364/2013,3848) rotate(2.2)
CANVAS[7837] bounds(1235,3415/2271,4044) rotate(4.0)
CANVAS[7837] bounds(1268,3425/2263,4010) rotate(2.3)
CANVAS[7837] bounds(1288,3351/2037,3818) rotate(-8.5)
CANVAS[7837] bounds(1312,3428/2088,4104) rotate(25.6)
CANVAS[7837] bounds(1343,3407/2225,3978) rotate(7.7)
CANVAS[7837] bounds(1352,3338/2320,3883) rotate(0.2)
CANVAS[7837] bounds(1423,3694/2141,4112) rotate(1.8)
CANVAS[7837] bounds(1460,3660/2236,4130) rotate(-4.6)
CANVAS[7837] bounds(1463,3445/2302,3927) rotate(-1.0)
CANVAS[7837] bounds(1465,3449/2299,3925) rotate(-0.8)
CANVAS[7837] bounds(1498,3515/2421,4049) rotate(1.4)
CANVAS[7837] bounds(1504,3342/2288,3876) rotate(11.0)
CANVAS[7837] bounds(1507,3253/2309,4029) rotate(41.7)
CANVAS[7837] bounds(1510,3342/2281,3795) rotate(2.2)
CANVAS[7837] bounds(1529,3425/2362,4018) rotate(14.1)
CANVAS[7837] bounds(1550,3410/2299,3831) rotate(0.1)
CANVAS[7837] bounds(1563,3432/2296,3998) rotate(19.4)
CANVAS[7837] bounds(1675,3681/2669,4241) rotate(0.2)
CANVAS[7837] bounds(1837,3388/2877,4254) rotate(27.0)
CANVAS[7837] bounds(1841,3479/2775,4048) rotate(4.2)
CANVAS[7837] bounds(1876,3123/2828,3886) rotate(23.7)
CANVAS[7837] bounds(2017,3202/3080,3926) rotate(-11.5)
CANVAS[7837] bounds(2088,3283/3067,3875) rotate(-3.8)
CANVAS[7837] bounds(2118,3443/3036,4087) rotate(-13.1)
CANVAS[7837] bounds(2180,3484/3004,3962) rotate(-1.7)
CANVAS[7837] bounds(2197,3107/3095,3634) rotate(2.3)
CANVAS[7837] bounds(2205,3111/3089,3626) rotate(1.8)
CANVAS[7837] bounds(244,3976/756,4264) rotate(0.0)
CANVAS[7837] bounds(244,3982/756,4270) rotate(0.0)
CANVAS[7837] bounds(432,3817/992,4183) rotate(9.1)
CANVAS[7837] bounds(565,3622/1077,3910) rotate(0.0)
CANVAS[7855] bounds(1124,3183/1942,3712) rotate(7.8)
CANVAS[7855] bounds(1205,3120/2140,3766) rotate(12.1)
CANVAS[7855] bounds(1256,3181/2135,3687) rotate(-1.4)
CANVAS[7855] bounds(1270,3217/2176,3727) rotate(-0.4)
CANVAS[7855] bounds(1323,3601/2128,4134) rotate(-9.2)
CANVAS[7855] bounds(1359,3539/2027,4015) rotate(-14.2)
CANVAS[7855] bounds(1381,3664/2070,4087) rotate(-4.7)
CANVAS[7855] bounds(1459,3482/2172,3899) rotate(-2.2)
CANVAS[7855] bounds(1637,3296/2359,3736) rotate(-4.3)
CANVAS[7855] bounds(211,3510/999,4009) rotate(6.4)
CANVAS[7855] bounds(235,3459/1038,3986) rotate(8.7)
CANVAS[7855] bounds(246,3423/1012,3868) rotate(1.7)
CANVAS[7855] bounds(259,3459/990,3873) rotate(-0.3)
CANVAS[7855] bounds(281,3565/1093,4330) rotate(-38.8)
CANVAS[7855] bounds(295,3489/1192,4063) rotate(7.1)
CANVAS[7855] bounds(325,3528/1090,4011) rotate(-5.0)
CANVAS[7855] bounds(332,3472/1265,4152) rotate(-16.8)
CANVAS[7855] bounds(342,3530/1276,4228) rotate(-17.8)
CANVAS[7855] bounds(415,3568/1177,4013) rotate(1.8)
CANVAS[7855] bounds(602,3492/1439,4228) rotate(-32.2)
CANVAS[7855] bounds(603,3493/1439,4229) rotate(-32.2)
CANVAS[7855] bounds(632,3495/1202,3825) rotate(-4.6)
CANVAS[7855] bounds(670,3447/1182,3735) rotate(0.0)
CANVAS[7855] bounds(677,3407/1517,3884) rotate(0.7)
CANVAS[7855] bounds(737,3493/1586,4167) rotate(-22.8)
CANVAS[7855] bounds(825,3314/1664,3815) rotate(-3.2)
CANVAS[7855] bounds(833,3297/1665,3814) rotate(-5.4)
CANVAS[7855] bounds(867,3360/1766,3930) rotate(6.7)
CANVAS[7855] bounds(909,3622/1900,4239) rotate(-5.5)
CANVAS[7855] bounds(919,3635/1899,4231) rotate(-4.1)
CANVAS[7855] bounds(978,3179/1737,3686) rotate(9.9)
CANVAS[7855] bounds(991,3561/1821,4275) rotate(-30.2)
CANVAS[7855] bounds(992,3651/1504,3939) rotate(0.0)
CANVAS[7957] bounds(1233,2219/2170,3019) rotate(557.0)
CANVAS[7957] bounds(1254,2214/2116,2947) rotate(556.3)
CANVAS[7957] bounds(1462,2809/2481,3594) rotate(536.3)
CANVAS[7957] bounds(1533,2334/2181,2821) rotate(539.0)
CANVAS[7957] bounds(1550,2174/2357,2792) rotate(536.9)
CANVAS[7957] bounds(1558,2201/2353,2807) rotate(537.6)
CANVAS[7957] bounds(1582,2177/2557,2964) rotate(548.9)
CANVAS[7957] bounds(1587,2376/2127,2777) rotate(539.8)
CANVAS[7957] bounds(1605,2381/2190,2832) rotate(543.8)
CANVAS[7957] bounds(1618,2268/2272,2789) rotate(547.2)
CANVAS[7957] bounds(1618,2414/2267,2915) rotate(544.0)
CANVAS[7957] bounds(1751,2418/2495,2981) rotate(541.9)
CANVAS[7957] bounds(1765,2360/2499,2909) rotate(539.3)
CANVAS[7957] bounds(1769,2188/2730,2938) rotate(544.7)
CANVAS[7957] bounds(1770,2130/2672,2836) rotate(534.8)
CANVAS[7957] bounds(1808,2214/2459,2735) rotate(172.7)
CANVAS[7957] bounds(1817,2191/2424,2681) rotate(187.5)
CANVAS[7957] bounds(1892,2327/2620,2899) rotate(185.3)
CANVAS[7957] bounds(1917,2600/2622,3129) rotate(180.2)
CANVAS[7957] bounds(1918,2389/2560,2891) rotate(545.3)
CANVAS[7957] bounds(1918,2601/2615,3129) rotate(179.1)
CANVAS[7957] bounds(1929,2391/2569,2904) rotate(188.0)
CANVAS[7957] bounds(1981,2301/2631,2862) rotate(558.4)
CANVAS[7957] bounds(2035,2507/2701,3008) rotate(179.6)
CANVAS[7957] bounds(2069,2288/2704,2775) rotate(536.1)
CANVAS[7957] bounds(2125,2301/3120,3046) rotate(539.5)
CANVAS[7957] bounds(2164,2252/2942,2855) rotate(535.6)
CANVAS[7957] bounds(2171,2259/2935,2846) rotate(536.4)
CANVAS[7957] bounds(2183,2198/3284,3182) rotate(516.3)
CANVAS[7957] bounds(2213,2384/2954,2969) rotate(174.3)
CANVAS[7957] bounds(2236,2228/3221,3113) rotate(515.5)
CANVAS[7957] bounds(2269,2359/3049,2948) rotate(539.0)
CANVAS[7957] bounds(2271,2211/3121,3049) rotate(497.8)
CANVAS[7957] bounds(2504,2379/3185,2892) rotate(539.1)
CANVAS[7957] bounds(2505,2286/3241,2963) rotate(511.3)
CANVAS[7957] bounds(2531,2199/3417,2949) rotate(524.7)
CANVAS[7957] bounds(2535,2304/3391,2992) rotate(547.9)
CANVAS[7957] bounds(2540,2307/3387,2988) rotate(547.8)
CANVAS[7957] bounds(2581,2346/3273,2873) rotate(538.3)
CANVAS[7957] bounds(2603,2292/3369,2880) rotate(536.4)
CANVAS[7957] bounds(2625,2233/3302,2780) rotate(531.3)
CANVAS[7957] bounds(2643,2220/3317,2772) rotate(529.4)
CANVAS[7957] bounds(2644,2192/3460,2894) rotate(162.7)
CANVAS[7957] bounds(2654,2192/3473,2919) rotate(157.3)
CANVAS[7957] bounds(2659,2185/3487,2925) rotate(156.2)
CANVAS[7957] bounds(2776,2218/3664,2982) rotate(162.4)
CANVAS[7957] bounds(2789,2229/3673,3005) rotate(159.1)
CANVAS[7957] bounds(2814,2203/3640,2936) rotate(157.5)
CANVAS[8078] bounds(1033,2423/1717,2948) rotate(182.3)
CANVAS[8078] bounds(1044,2287/1929,2964) rotate(182.5)
CANVAS[8078] bounds(1054,2578/1878,3223) rotate(184.7)
CANVAS[8078] bounds(1075,2573/1894,3222) rotate(174.1)
CANVAS[8078] bounds(1113,2681/1730,3195) rotate(192.4)
CANVAS[8078] bounds(1159,2405/1963,3024) rotate(175.1)
CANVAS[8078] bounds(1194,2645/1990,3264) rotate(183.9)
CANVAS[8078] bounds(1231,2661/1974,3221) rotate(180.5)
CANVAS[8078] bounds(1261,2575/2158,3322) rotate(167.4)
CANVAS[8078] bounds(1268,2243/2225,2978) rotate(183.0)
CANVAS[8078] bounds(13,2077/971,3066) rotate(231.1)
CANVAS[8078] bounds(1335,2301/2290,3035) rotate(182.8)
CANVAS[8078] bounds(1398,2593/2090,3150) rotate(188.0)
CANVAS[8078] bounds(1448,2376/2302,3026) rotate(178.5)
CANVAS[8078] bounds(1473,2650/2175,3190) rotate(182.7)
CANVAS[8078] bounds(1478,2648/2177,3183) rotate(182.1)
CANVAS[8078] bounds(1481,2601/2235,3167) rotate(179.8)
CANVAS[8078] bounds(1482,2653/2167,3176) rotate(182.0)
CANVAS[8078] bounds(1566,2659/2121,3100) rotate(186.3)
CANVAS[8078] bounds(16,2075/975,3063) rotate(231.1)
CANVAS[8078] bounds(162,2309/1036,3014) rotate(188.6)
CANVAS[8078] bounds(187,2991/1043,3889) rotate(234.4)
CANVAS[8078] bounds(206,2336/1015,2963) rotate(183.8)
CANVAS[8078] bounds(414,2222/1432,3083) rotate(194.9)
CANVAS[8078] bounds(468,3625/1307,4263) rotate(181.8)
CANVAS[8078] bounds(474,3649/1283,4254) rotate(180.3)
CANVAS[8078] bounds(567,2235/1587,3146) rotate(203.5)
CANVAS[8078] bounds(607,3292/1482,3978) rotate(173.5)
CANVAS[8078] bounds(705,2257/1358,2771) rotate(185.7)
CANVAS[8078] bounds(722,2150/1766,2956) rotate(176.6)
CANVAS[8078] bounds(723,2713/1659,3458) rotate(172.7)
CANVAS[8078] bounds(813,2182/1837,2954) rotate(180.9)
CANVAS[8078] bounds(845,2321/1481,2801) rotate(181.0)
CANVAS[8078] bounds(873,2461/1793,3240) rotate(195.3)
CANVAS[8078] bounds(906,2389/1861,3191) rotate(194.0)
CANVAS[8078] bounds(915,2566/1696,3174) rotate(184.1)
CANVAS[8078] bounds(938,2529/1757,3184) rotate(186.4)
CANVAS[8078] bounds(949,2583/1741,3237) rotate(191.3)
CANVAS[8078] bounds(959,3109/1737,3708) rotate(177.1)
CANVAS[8078] bounds(963,2346/1736,3066) rotate(210.9)
CANVAS[8078] bounds(964,2347/1737,3066) rotate(211.0)
CANVAS[8078] bounds(967,2608/1719,3218) rotate(188.9)
CANVAS[8078] bounds(972,2595/1675,3133) rotate(182.1)
CANVAS[8078] bounds(976,2380/1744,3084) rotate(208.0)
CANVAS[8078] bounds(990,2331/1695,2869) rotate(182.1)
CANVAS[8196] bounds(-193,2251/1104,3438) rotate(-207.8)
CANVAS[8196] bounds(-21,2094/1134,3093) rotate(-161.8)
CANVAS[8196] bounds(-417,2083/861,3358) rotate(-135.4)
CANVAS[8196] bounds(-46,2396/1042,3295) rotate(-168.5)
CANVAS[8196] bounds(-67,2193/960,3204) rotate(-138.1)
CANVAS[8196] bounds(-68,2192/960,3204) rotate(-138.1)
CANVAS[8196] bounds(-95,2234/1067,3433) rotate(-231.2)
CANVAS[8196] bounds(106,2275/1268,3326) rotate(-154.3)
CANVAS[8196] bounds(109,2282/1265,3320) rotate(-155.5)
CANVAS[8196] bounds(114,2183/1279,3203) rotate(-160.1)
CANVAS[8196] bounds(118,2161/1244,3133) rotate(-162.6)
CANVAS[8196] bounds(118,2386/927,3058) rotate(-169.2)
CANVAS[8196] bounds(1189,2194/1928,2753) rotate(-181.4)
CANVAS[8196] bounds(1265,2221/1911,2726) rotate(-184.9)
CANVAS[8196] bounds(128,2400/916,3042) rotate(-170.3)
CANVAS[8196] bounds(130,2226/1262,3191) rotate(-163.8)
CANVAS[8196] bounds(195,2242/912,2822) rotate(-171.4)
CANVAS[8196] bounds(206,2215/1368,3188) rotate(-166.2)
CANVAS[8196] bounds(257,2162/1306,3063) rotate(-163.0)
CANVAS[8196] bounds(30,2143/1173,3123) rotate(-163.1)
CANVAS[8196] bounds(341,2141/1241,2984) rotate(-148.0)
CANVAS[8196] bounds(358,2148/1244,2983) rotate(-146.8)
CANVAS[8196] bounds(429,2121/1277,2923) rotate(-146.2)
CANVAS[8196] bounds(432,2127/1271,2905) rotate(-149.9)
CANVAS[8196] bounds(462,2135/1287,2846) rotate(-162.4)
CANVAS[8196] bounds(507,2216/1593,3188) rotate(-151.7)
CANVAS[8196] bounds(548,2699/1399,3369) rotate(-174.6)
CANVAS[8196] bounds(563,2264/1596,3048) rotate(-180.3)
CANVAS[8196] bounds(619,2734/1440,3365) rotate(-183.0)
CANVAS[8196] bounds(630,2176/1345,2798) rotate(-160.6)
CANVAS[8196] bounds(631,2288/1575,2997) rotate(-179.9)
CANVAS[8196] bounds(635,2161/1371,2802) rotate(-160.3)
CANVAS[8196] bounds(678,2269/1582,2956) rotate(181.5)
CANVAS[8196] bounds(733,2143/1461,2767) rotate(-162.7)
CANVAS[8196] bounds(738,2148/1459,2764) rotate(-163.4)
CANVAS[8196] bounds(766,2229/1516,2801) rotate(-177.9)
CANVAS[8196] bounds(767,2230/1517,2799) rotate(-178.5)
CANVAS[8196] bounds(904,2276/1584,2798) rotate(-177.8)
CANVAS[8689] bounds(1237,2406/2222,2989) rotate(-177.1)
CANVAS[8689] bounds(1387,2512/2013,2862) rotate(-179.8)
CANVAS[8689] bounds(1529,2490/2423,3034) rotate(-175.7)
CANVAS[8689] bounds(1556,2517/2417,3019) rotate(-177.9)
CANVAS[8689] bounds(1581,2578/2640,3316) rotate(-167.5)
CANVAS[8689] bounds(1616,2534/2728,3198) rotate(-176.5)
CANVAS[8689] bounds(1638,2678/2483,3168) rotate(-178.3)
CANVAS[8689] bounds(1646,2680/2473,3157) rotate(-181.4)
CANVAS[8689] bounds(1676,2369/2454,2814) rotate(-181.2)
CANVAS[8689] bounds(1707,2479/2564,2969) rotate(-178.9)
CANVAS[8689] bounds(1872,2487/2881,3170) rotate(-190.5)
CANVAS[8689] bounds(1872,2487/2882,3170) rotate(-190.5)
CANVAS[8689] bounds(1882,2554/2927,3260) rotate(-190.5)
CANVAS[8689] bounds(1883,2540/2922,3253) rotate(-191.5)
CANVAS[8689] bounds(1890,2440/2666,2915) rotate(-184.7)
CANVAS[8689] bounds(1898,2467/2770,3054) rotate(-190.3)
CANVAS[8689] bounds(1898,2467/2770,3054) rotate(-195.3)
CANVAS[8689] bounds(1901,2566/2986,3310) rotate(-191.5)
CANVAS[8689] bounds(1934,2719/3003,3330) rotate(-179.0)
CANVAS[8689] bounds(1953,2269/2935,2989) rotate(-163.4)
CANVAS[8689] bounds(1969,2499/2879,3119) rotate(-190.8)
CANVAS[8689] bounds(1989,2634/2836,3144) rotate(-183.3)
CANVAS[8689] bounds(2012,2596/2913,3173) rotate(-187.2)
CANVAS[8689] bounds(2014,2313/2840,2886) rotate(-167.4)
CANVAS[8689] bounds(2039,2207/2828,2680) rotate(-176.3)
CANVAS[8689] bounds(2039,2208/2829,2680) rotate(-176.3)
CANVAS[8689] bounds(2110,2679/2903,3135) rotate(-181.1)
CANVAS[8689] bounds(2167,2200/3530,3144) rotate(-189.5)
CANVAS[8689] bounds(2250,2172/3606,3198) rotate(-199.1)
CANVAS[8689] bounds(2258,2665/3157,3173) rotate(-179.6)
CANVAS[8689] bounds(2268,2666/3142,3160) rotate(-180.8)
CANVAS[8689] bounds(2280,2607/3101,3108) rotate(-183.7)
CANVAS[8689] bounds(2348,2232/3461,3101) rotate(-201.6)
CANVAS[8689] bounds(2431,2386/3293,2890) rotate(-182.4)
CANVAS[8689] bounds(2471,2267/3284,2874) rotate(-198.3)
CANVAS[8689] bounds(2474,2270/3277,2868) rotate(-197.8)
CANVAS[8689] bounds(2662,2290/3376,2707) rotate(-181.8)
CANVAS[8689] bounds(2663,2328/3592,3037) rotate(-199.3)
CANVAS[8689] bounds(2706,2331/3624,3116) rotate(-209.4)
CANVAS[8689] bounds(2746,2363/3502,2805) rotate(-181.9)
CANVAS[8689] bounds(2748,2137/3806,3106) rotate(-216.3)
CANVAS[8689] bounds(2973,2262/3805,2972) rotate(-209.4)
CANVAS[8689] bounds(2998,2188/3858,2935) rotate(-211.0)
CANVAS[8689] bounds(3018,2220/3846,2902) rotate(-206.4)
CANVAS[8689] bounds(3026,2610/3880,3125) rotate(-184.0)
CANVAS[8689] bounds(3035,2614/3880,3126) rotate(-184.3)
