CANVAS[17830] bounds(1473,3451/2404,4150) rotate(-3.9)
CANVAS[17813] bounds(2050,3181/2818,3949) rotate(0.0)
CANVAS[17407] bounds(113,3462/820,4309) rotate(117.3)
CANVAS[15709] bounds(3175,2861/3896,3673) rotate(271.6)
CANVAS[15594] bounds(2902,3453/3824,4376) rotate(-476.1)
CANVAS[14787] bounds(3099,2507/3717,3422) rotate(-79.3)
CANVAS[14572] bounds(1940,2314/2788,2797) rotate(-180.9)
CANVAS[14546] bounds(898,2149/1953,2999) rotate(-155.8)
CANVAS[14518] bounds(1513,2186/2697,2965) rotate(-548.8)
CANVAS[14339] bounds(145,2715/956,3773) rotate(87.5)
CANVAS[14279] bounds(-98,2083/857,3038) rotate(76.9)
CANVAS[13868] bounds(1147,3530/2141,4175) rotate(-8.3)
CANVAS[13091] bounds(1484,3716/2461,4291) rotate(-3.1)
CANVAS[12638] bounds(1098,3437/2068,4341) rotate(-31.4)
CANVAS[7848] bounds(-1920,2160/0,3240) rotate(0.0)
CANVAS[7847] bounds(3840,2160/5760,3240) rotate(0.0)
CANVAS[7849] bounds(0,2160/3840,4320) rotate(0.0)
CANVAS[7846] bounds(0,2160/3840,4320) rotate(0.0)
CANVAS[7850] bounds(960,1080/2880,2160) rotate(0.0)
CANVAS[17830] bounds(1473,3451/2404,4150) rotate(-3.9)
CANVAS[17813] bounds(2050,3181/2818,3949) rotate(0.0)
CANVAS[17407] bounds(113,3462/820,4309) rotate(117.3)
CANVAS[15709] bounds(3175,2861/3896,3673) rotate(271.6)
CANVAS[15594] bounds(2902,3453/3824,4376) rotate(-476.1)
CANVAS[14787] bounds(3099,2507/3717,3422) rotate(-79.3)
CANVAS[14572] bounds(1940,2314/2788,2797) rotate(-180.9)
CANVAS[14546] bounds(898,2149/1953,2999) rotate(-155.8)
CANVAS[14518] bounds(1513,2186/2697,2965) rotate(-548.8)
CANVAS[14339] bounds(145,2715/956,3773) rotate(87.5)
CANVAS[14279] bounds(-98,2083/857,3038) rotate(76.9)
CANVAS[13868] bounds(1147,3530/2141,4175) rotate(-8.3)
CANVAS[13091] bounds(1484,3716/2461,4291) rotate(-3.1)
CANVAS[12638] bounds(1098,3437/2068,4341) rotate(-31.4)
CANVAS[7848] bounds(-1920,2160/0,3240) rotate(0.0)
CANVAS[7847] bounds(3840,2160/5760,3240) rotate(0.0)
CANVAS[7849] bounds(0,2160/3840,4320) rotate(0.0)
CANVAS[7846] bounds(0,2160/3840,4320) rotate(0.0)
CANVAS[7850] bounds(960,1080/2880,2160) rotate(0.0)
CANVAS[17830] bounds(1327,3209/2339,4025) rotate(-11.6)
CANVAS[17813] bounds(2050,3181/2818,3949) rotate(0.0)
CANVAS[17407] bounds(113,3462/820,4309) rotate(117.3)
CANVAS[15709] bounds(3175,2861/3896,3673) rotate(271.6)
CANVAS[15594] bounds(2902,3453/3824,4376) rotate(-476.1)
CANVAS[14787] bounds(3099,2507/3717,3422) rotate(-79.3)
CANVAS[14572] bounds(1940,2314/2788,2797) rotate(-180.9)
CANVAS[14546] bounds(898,2149/1953,2999) rotate(-155.8)
CANVAS[14518] bounds(1513,2186/2697,2965) rotate(-548.8)
CANVAS[14339] bounds(145,2715/956,3773) rotate(87.5)
CANVAS[14279] bounds(-98,2083/857,3038) rotate(76.9)
CANVAS[13868] bounds(1147,3530/2141,4175) rotate(-8.3)
CANVAS[13091] bounds(1484,3716/2461,4291) rotate(-3.1)
CANVAS[12638] bounds(1098,3437/2068,4341) rotate(-31.4)
CANVAS[7848] bounds(-1920,2160/0,3240) rotate(0.0)
CANVAS[7847] bounds(3840,2160/5760,3240) rotate(0.0)
CANVAS[7849] bounds(0,2160/3840,4320) rotate(0.0)
CANVAS[7846] bounds(0,2160/3840,4320) rotate(0.0)
CANVAS[7850] bounds(960,1080/2880,2160) rotate(0.0)
CANVAS[17830] bounds(2000,3232/2873,3982) rotate(20.1)
CANVAS[17407] bounds(113,3462/820,4309) rotate(117.3)
CANVAS[15709] bounds(3175,2861/3896,3673) rotate(271.6)
CANVAS[15594] bounds(2902,3453/3824,4376) rotate(-476.1)
CANVAS[14787] bounds(3099,2507/3717,3422) rotate(-79.3)
CANVAS[14572] bounds(1940,2314/2788,2797) rotate(-180.9)
CANVAS[14546] bounds(898,2149/1953,2999) rotate(-155.8)
CANVAS[14518] bounds(1513,2186/2697,2965) rotate(-548.8)
CANVAS[14339] bounds(145,2715/956,3773) rotate(87.5)
CANVAS[14279] bounds(-98,2083/857,3038) rotate(76.9)
CANVAS[13868] bounds(1190,3487/2131,4027) rotate(0.6)
CANVAS[13091] bounds(1484,3716/2461,4291) rotate(-3.1)
CANVAS[12638] bounds(1098,3437/2068,4341) rotate(-31.4)
CANVAS[7848] bounds(-1920,2160/0,3240) rotate(0.0)
CANVAS[7847] bounds(3840,2160/5760,3240) rotate(0.0)
CANVAS[7849] bounds(0,2160/3840,4320) rotate(0.0)
CANVAS[7846] bounds(0,2160/3840,4320) rotate(0.0)
CANVAS[7850] bounds(960,1080/2880,2160) rotate(0.0)
CANVAS[17830] bounds(2000,3232/2873,3982) rotate(20.1)
CANVAS[17407] bounds(113,3462/820,4309) rotate(117.3)
CANVAS[15709] bounds(3175,2861/3896,3673) rotate(271.6)
CANVAS[15594] bounds(2902,3453/3824,4376) rotate(-476.1)
CANVAS[14787] bounds(3099,2507/3717,3422) rotate(-79.3)
CANVAS[14572] bounds(1940,2314/2788,2797) rotate(-180.9)
CANVAS[14546] bounds(898,2149/1953,2999) rotate(-155.8)
CANVAS[14518] bounds(1513,2186/2697,2965) rotate(-548.8)
CANVAS[14339] bounds(145,2715/956,3773) rotate(87.5)
CANVAS[14279] bounds(-98,2083/857,3038) rotate(76.9)
CANVAS[13868] bounds(1512,3207/2485,3778) rotate(-2.7)
CANVAS[13091] bounds(1559,3625/2609,4235) rotate(3.3)
CANVAS[12638] bounds(951,3377/1957,4219) rotate(-13.3)
CANVAS[7848] bounds(-1920,2160/0,3240) rotate(0.0)
CANVAS[7847] bounds(3840,2160/5760,3240) rotate(0.0)
CANVAS[7849] bounds(0,2160/3840,4320) rotate(0.0)
CANVAS[7846] bounds(0,2160/3840,4320) rotate(0.0)
CANVAS[7850] bounds(960,1080/2880,2160) rotate(0.0)
CANVAS[17830] bounds(2000,3232/2873,3982) rotate(20.1)
CANVAS[17407] bounds(113,3462/820,4309) rotate(117.3)
CANVAS[15709] bounds(3175,2861/3896,3673) rotate(271.6)
CANVAS[15594] bounds(2902,3453/3824,4376) rotate(-476.1)
CANVAS[14787] bounds(3099,2507/3717,3422) rotate(-79.3)
CANVAS[14572] bounds(1940,2314/2788,2797) rotate(-180.9)
CANVAS[14546] bounds(898,2149/1953,2999) rotate(-155.8)
CANVAS[14518] bounds(1513,2186/2697,2965) rotate(-548.8)
CANVAS[14339] bounds(145,2715/956,3773) rotate(87.5)
CANVAS[14279] bounds(-98,2083/857,3038) rotate(76.9)
CANVAS[13868] bounds(1512,3207/2485,3778) rotate(-2.7)
CANVAS[13091] bounds(1553,3633/2613,4225) rotate(2.0)
CANVAS[12638] bounds(951,3377/1957,4219) rotate(-13.3)
CANVAS[7848] bounds(-1920,2160/0,3240) rotate(0.0)
CANVAS[7847] bounds(3840,2160/5760,3240) rotate(0.0)
CANVAS[7849] bounds(0,2160/3840,4320) rotate(0.0)
CANVAS[7846] bounds(0,2160/3840,4320) rotate(0.0)
CANVAS[7850] bounds(960,1080/2880,2160) rotate(0.0)
CANVAS[17830] bounds(2000,3232/2873,3982) rotate(20.1)
CANVAS[17407] bounds(113,3462/820,4309) rotate(117.3)
CANVAS[15709] bounds(3175,2861/3896,3673) rotate(271.6)
CANVAS[15594] bounds(2902,3453/3824,4376) rotate(-476.1)
CANVAS[14787] bounds(3099,2507/3717,3422) rotate(-79.3)
CANVAS[14572] bounds(1328,2237/2568,2937) rotate(-180.0)
CANVAS[14546] bounds(898,2149/1953,2999) rotate(-155.8)
CANVAS[14518] bounds(1513,2186/2697,2965) rotate(-548.8)
CANVAS[14339] bounds(145,2715/956,3773) rotate(87.5)
CANVAS[14279] bounds(-98,2083/857,3038) rotate(76.9)
CANVAS[13868] bounds(1512,3207/2485,3778) rotate(-2.7)
CANVAS[13091] bounds(1553,3633/2613,4225) rotate(2.0)
CANVAS[12638] bounds(951,3377/1957,4219) rotate(-13.3)
CANVAS[7848] bounds(-1920,2160/0,3240) rotate(0.0)
CANVAS[7847] bounds(3840,2160/5760,3240) rotate(0.0)
CANVAS[7849] bounds(0,2160/3840,4320) rotate(0.0)
CANVAS[7846] bounds(0,2160/3840,4320) rotate(0.0)
CANVAS[7850] bounds(960,1080/2880,2160) rotate(0.0)
CANVAS[17830] bounds(2000,3232/2873,3982) rotate(20.1)
CANVAS[17407] bounds(113,3462/820,4309) rotate(117.3)
CANVAS[15709] bounds(3175,2861/3896,3673) rotate(271.6)
CANVAS[15594] bounds(2902,3453/3824,4376) rotate(-476.1)
CANVAS[14787] bounds(3099,2507/3717,3422) rotate(-79.3)
CANVAS[14572] bounds(1181,2170/2535,2969) rotate(-182.7)
CANVAS[14546] bounds(898,2149/1953,2999) rotate(-155.8)
CANVAS[14518] bounds(1513,2186/2697,2965) rotate(-548.8)
CANVAS[14339] bounds(130,2784/589,3390) rotate(89.0)
CANVAS[14279] bounds(-98,2083/857,3038) rotate(76.9)
CANVAS[13868] bounds(1512,3207/2485,3778) rotate(-2.7)
CANVAS[13091] bounds(1553,3633/2613,4225) rotate(2.0)
CANVAS[12638] bounds(951,3377/1957,4219) rotate(-13.3)
CANVAS[7848] bounds(-1920,2160/0,3240) rotate(0.0)
CANVAS[7847] bounds(3840,2160/5760,3240) rotate(0.0)
CANVAS[7849] bounds(0,2160/3840,4320) rotate(0.0)
CANVAS[7846] bounds(0,2160/3840,4320) rotate(0.0)
CANVAS[7850] bounds(960,1080/2880,2160) rotate(0.0)
CANVAS[17830] bounds(2000,3232/2873,3982) rotate(20.1)
CANVAS[17407] bounds(168,2600/888,3840) rotate(88.3)
CANVAS[15709] bounds(3175,2861/3896,3673) rotate(271.6)
CANVAS[15594] bounds(2902,3453/3824,4376) rotate(-476.1)
CANVAS[14787] bounds(3099,2507/3717,3422) rotate(-79.3)
CANVAS[14572] bounds(1181,2170/2535,2969) rotate(-182.7)
CANVAS[14546] bounds(898,2149/1953,2999) rotate(-155.8)
CANVAS[14518] bounds(1513,2186/2697,2965) rotate(-548.8)
CANVAS[14339] bounds(119,2771/591,3381) rotate(86.5)
CANVAS[14279] bounds(-98,2083/857,3038) rotate(76.9)
CANVAS[13868] bounds(1512,3207/2485,3778) rotate(-2.7)
CANVAS[13091] bounds(1553,3633/2613,4225) rotate(2.0)
CANVAS[12638] bounds(951,3377/1957,4219) rotate(-13.3)
CANVAS[7848] bounds(-1920,2160/0,3240) rotate(0.0)
CANVAS[7847] bounds(3840,2160/5760,3240) rotate(0.0)
CANVAS[7849] bounds(0,2160/3840,4320) rotate(0.0)
CANVAS[7846] bounds(0,2160/3840,4320) rotate(0.0)
CANVAS[7850] bounds(960,1080/2880,2160) rotate(0.0)
CANVAS[17830] bounds(2000,3232/2873,3982) rotate(20.1)
CANVAS[17407] bounds(168,2600/888,3840) rotate(88.3)
CANVAS[15709] bounds(2813,2592/3866,3777) rotate(268.4)
CANVAS[15594] bounds(3015,3663/3682,4330) rotate(-459.0)
CANVAS[14787] bounds(3099,2507/3717,3422) rotate(-79.3)
CANVAS[14572] bounds(1181,2170/2535,2969) rotate(-182.7)
CANVAS[14546] bounds(898,2149/1953,2999) rotate(-155.8)
CANVAS[14518] bounds(1513,2186/2697,2965) rotate(-548.8)
CANVAS[14339] bounds(119,2771/591,3381) rotate(86.5)
CANVAS[14279] bounds(-98,2083/857,3038) rotate(76.9)
CANVAS[13868] bounds(1512,3207/2485,3778) rotate(-2.7)
CANVAS[13091] bounds(1553,3633/2613,4225) rotate(2.0)
CANVAS[12638] bounds(951,3377/1957,4219) rotate(-13.3)
CANVAS[7848] bounds(-1920,2160/0,3240) rotate(0.0)
CANVAS[7847] bounds(3840,2160/5760,3240) rotate(0.0)
CANVAS[7849] bounds(0,2160/3840,4320) rotate(0.0)
CANVAS[7846] bounds(0,2160/3840,4320) rotate(0.0)
CANVAS[7850] bounds(960,1080/2880,2160) rotate(0.0)
CANVAS[17830] bounds(2000,3232/2873,3982) rotate(20.1)
CANVAS[17407] bounds(168,2600/888,3840) rotate(88.3)
CANVAS[15709] bounds(3042,2848/3787,3692) rotate(270.3)
CANVAS[15594] bounds(3015,3663/3682,4330) rotate(-459.0)
CANVAS[14787] bounds(3099,2507/3717,3422) rotate(-79.3)
CANVAS[14572] bounds(1181,2170/2535,2969) rotate(-182.7)
CANVAS[14546] bounds(898,2149/1953,2999) rotate(-155.8)
CANVAS[14518] bounds(1513,2186/2697,2965) rotate(-548.8)
CANVAS[14339] bounds(119,2771/591,3381) rotate(86.5)
CANVAS[14279] bounds(-98,2083/857,3038) rotate(76.9)
CANVAS[13868] bounds(1512,3207/2485,3778) rotate(-2.7)
CANVAS[13091] bounds(1553,3633/2613,4225) rotate(2.0)
CANVAS[12638] bounds(951,3377/1957,4219) rotate(-13.3)
CANVAS[7848] bounds(-1920,2160/0,3240) rotate(0.0)
CANVAS[7847] bounds(3840,2160/5760,3240) rotate(0.0)
CANVAS[7849] bounds(0,2160/3840,4320) rotate(0.0)
CANVAS[7846] bounds(0,2160/3840,4320) rotate(0.0)
CANVAS[7850] bounds(960,1080/2880,2160) rotate(0.0)
CANVAS[17830] bounds(2000,3232/2873,3982) rotate(20.1)
CANVAS[17407] bounds(168,2600/888,3840) rotate(88.3)
CANVAS[15709] bounds(3042,2848/3787,3692) rotate(270.3)
CANVAS[15594] bounds(3015,3663/3682,4330) rotate(-459.0)
CANVAS[14787] bounds(3099,2507/3717,3422) rotate(-79.3)
CANVAS[14572] bounds(1181,2170/2535,2969) rotate(-182.7)
CANVAS[14546] bounds(898,2149/1953,2999) rotate(-155.8)
CANVAS[14518] bounds(1513,2186/2697,2965) rotate(-548.8)
CANVAS[14339] bounds(119,2771/591,3381) rotate(86.5)
CANVAS[14279] bounds(-98,2083/857,3038) rotate(76.9)
CANVAS[13868] bounds(1512,3207/2485,3778) rotate(-2.7)
CANVAS[13091] bounds(1553,3633/2613,4225) rotate(2.0)
CANVAS[12638] bounds(951,3377/1957,4219) rotate(-13.3)
CANVAS[7848] bounds(-1920,2160/0,3240) rotate(0.0)
CANVAS[7847] bounds(3840,2160/5760,3240) rotate(0.0)
CANVAS[7849] bounds(0,2160/3840,4320) rotate(0.0)
CANVAS[7846] bounds(0,2160/3840,4320) rotate(0.0)
CANVAS[7850] bounds(960,1080/2880,2160) rotate(0.0)
CANVAS[17830] bounds(2000,3232/2873,3982) rotate(20.1)
CANVAS[17407] bounds(168,2600/888,3840) rotate(88.3)
CANVAS[15709] bounds(3042,2848/3787,3692) rotate(270.3)
CANVAS[15594] bounds(3015,3663/3682,4330) rotate(-459.0)
CANVAS[14787] bounds(3099,2507/3717,3422) rotate(-79.3)
CANVAS[14572] bounds(1181,2170/2535,2969) rotate(-182.7)
CANVAS[14546] bounds(898,2149/1953,2999) rotate(-155.8)
CANVAS[14518] bounds(1513,2186/2697,2965) rotate(-548.8)
CANVAS[14339] bounds(119,2771/591,3381) rotate(86.5)
CANVAS[14279] bounds(-98,2083/857,3038) rotate(76.9)
CANVAS[13868] bounds(1512,3207/2485,3778) rotate(-2.7)
CANVAS[13091] bounds(1553,3633/2613,4225) rotate(2.0)
CANVAS[12638] bounds(951,3377/1957,4219) rotate(-13.3)
CANVAS[7848] bounds(-1920,2160/0,3240) rotate(0.0)
CANVAS[7847] bounds(3840,2160/5760,3240) rotate(0.0)
CANVAS[7849] bounds(0,2160/3840,4320) rotate(0.0)
CANVAS[7846] bounds(0,2160/3840,4320) rotate(0.0)
CANVAS[7850] bounds(960,1080/2880,2160) rotate(0.0)
CANVAS[17830] bounds(1434,3388/2403,4095) rotate(1.2)
CANVAS[17407] bounds(168,2600/888,3840) rotate(88.3)
CANVAS[15709] bounds(3042,2848/3787,3692) rotate(270.3)
CANVAS[15594] bounds(3015,3663/3682,4330) rotate(-459.0)
CANVAS[14787] bounds(3099,2507/3717,3422) rotate(-79.3)
CANVAS[14572] bounds(1181,2170/2535,2969) rotate(-182.7)
CANVAS[14546] bounds(898,2149/1953,2999) rotate(-155.8)
CANVAS[14518] bounds(1513,2186/2697,2965) rotate(-548.8)
CANVAS[14339] bounds(119,2771/591,3381) rotate(86.5)
CANVAS[14279] bounds(-98,2083/857,3038) rotate(76.9)
CANVAS[13868] bounds(1512,3207/2485,3778) rotate(-2.7)
CANVAS[13091] bounds(1553,3633/2613,4225) rotate(2.0)
CANVAS[12638] bounds(951,3377/1957,4219) rotate(-13.3)
CANVAS[7848] bounds(-1920,2160/0,3240) rotate(0.0)
CANVAS[7847] bounds(3840,2160/5760,3240) rotate(0.0)
CANVAS[7849] bounds(0,2160/3840,4320) rotate(0.0)
CANVAS[7846] bounds(0,2160/3840,4320) rotate(0.0)
CANVAS[7850] bounds(960,1080/2880,2160) rotate(0.0)
CANVAS[17830] bounds(1434,3388/2403,4095) rotate(1.2)
CANVAS[17407] bounds(168,2600/888,3840) rotate(88.3)
CANVAS[15709] bounds(3042,2848/3787,3692) rotate(270.3)
CANVAS[15594] bounds(3015,3663/3682,4330) rotate(-459.0)
CANVAS[14787] bounds(3099,2507/3717,3422) rotate(-79.3)
CANVAS[14572] bounds(1181,2170/2535,2969) rotate(-182.7)
CANVAS[14546] bounds(898,2149/1953,2999) rotate(-155.8)
CANVAS[14518] bounds(1513,2186/2697,2965) rotate(-548.8)
CANVAS[14339] bounds(119,2771/591,3381) rotate(86.5)
CANVAS[14279] bounds(-98,2083/857,3038) rotate(76.9)
CANVAS[13868] bounds(1512,3207/2485,3778) rotate(-2.7)
CANVAS[13091] bounds(1553,3633/2613,4225) rotate(2.0)
CANVAS[12638] bounds(951,3377/1957,4219) rotate(-13.3)
CANVAS[7848] bounds(-1920,2160/0,3240) rotate(0.0)
CANVAS[7847] bounds(3840,2160/5760,3240) rotate(0.0)
CANVAS[7849] bounds(0,2160/3840,4320) rotate(0.0)
CANVAS[7846] bounds(0,2160/3840,4320) rotate(0.0)
CANVAS[7850] bounds(960,1080/2880,2160) rotate(0.0)
CANVAS[17830] bounds(1434,3388/2403,4095) rotate(1.2)
CANVAS[17407] bounds(31,3349/783,4271) rotate(115.0)
CANVAS[15709] bounds(3042,2848/3787,3692) rotate(270.3)
CANVAS[15594] bounds(3015,3663/3682,4330) rotate(-459.0)
CANVAS[14787] bounds(3099,2507/3717,3422) rotate(-79.3)
CANVAS[14572] bounds(1181,2170/2535,2969) rotate(-182.7)
CANVAS[14546] bounds(898,2149/1953,2999) rotate(-155.8)
CANVAS[14518] bounds(1513,2186/2697,2965) rotate(-548.8)
CANVAS[14339] bounds(75,2581/826,3543) rotate(85.6)
CANVAS[14279] bounds(-98,2083/857,3038) rotate(76.9)
CANVAS[13868] bounds(1512,3207/2485,3778) rotate(-2.7)
CANVAS[13091] bounds(1553,3633/2613,4225) rotate(2.0)
CANVAS[12638] bounds(951,3377/1957,4219) rotate(-13.3)
CANVAS[7848] bounds(-1920,2160/0,3240) rotate(0.0)
CANVAS[7847] bounds(3840,2160/5760,3240) rotate(0.0)
CANVAS[7849] bounds(0,2160/3840,4320) rotate(0.0)
CANVAS[7846] bounds(0,2160/3840,4320) rotate(0.0)
CANVAS[7850] bounds(960,1080/2880,2160) rotate(0.0)
CANVAS[17830] bounds(1434,3388/2403,4095) rotate(1.2)
CANVAS[17407] bounds(31,3349/783,4271) rotate(115.0)
CANVAS[15709] bounds(3042,2848/3787,3692) rotate(270.3)
CANVAS[15594] bounds(3015,3663/3682,4330) rotate(-459.0)
CANVAS[14787] bounds(3099,2507/3717,3422) rotate(-79.3)
CANVAS[14572] bounds(1181,2170/2535,2969) rotate(-182.7)
CANVAS[14546] bounds(898,2149/1953,2999) rotate(-155.8)
CANVAS[14518] bounds(1513,2186/2697,2965) rotate(-548.8)
CANVAS[14339] bounds(147,3005/741,3773) rotate(93.6)
CANVAS[14279] bounds(14,2436/803,3225) rotate(68.2)
CANVAS[13868] bounds(1512,3207/2485,3778) rotate(-2.7)
CANVAS[13091] bounds(1553,3633/2613,4225) rotate(2.0)
CANVAS[12638] bounds(951,3377/1957,4219) rotate(-13.3)
CANVAS[7848] bounds(-1920,2160/0,3240) rotate(0.0)
CANVAS[7847] bounds(3840,2160/5760,3240) rotate(0.0)
CANVAS[7849] bounds(0,2160/3840,4320) rotate(0.0)
CANVAS[7846] bounds(0,2160/3840,4320) rotate(0.0)
CANVAS[7850] bounds(960,1080/2880,2160) rotate(0.0)
CANVAS[17830] bounds(1434,3388/2403,4095) rotate(1.2)
CANVAS[17407] bounds(31,3349/783,4271) rotate(115.0)
CANVAS[15709] bounds(3042,2848/3787,3692) rotate(270.3)
CANVAS[15594] bounds(3015,3663/3682,4330) rotate(-459.0)
CANVAS[14787] bounds(3099,2507/3717,3422) rotate(-79.3)
CANVAS[14572] bounds(2485,2660/3356,3884) rotate(-104.3)
CANVAS[14546] bounds(898,2149/1953,2999) rotate(-155.8)
CANVAS[14518] bounds(1513,2186/2697,2965) rotate(-548.8)
CANVAS[14339] bounds(147,3005/741,3773) rotate(93.6)
CANVAS[14279] bounds(14,2436/803,3225) rotate(68.2)
CANVAS[13868] bounds(1512,3207/2485,3778) rotate(-2.7)
CANVAS[13091] bounds(1553,3633/2613,4225) rotate(2.0)
CANVAS[12638] bounds(951,3377/1957,4219) rotate(-13.3)
CANVAS[7848] bounds(-1920,2160/0,3240) rotate(0.0)
CANVAS[7847] bounds(3840,2160/5760,3240) rotate(0.0)
CANVAS[7849] bounds(0,2160/3840,4320) rotate(0.0)
CANVAS[7846] bounds(0,2160/3840,4320) rotate(0.0)
CANVAS[7850] bounds(960,1080/2880,2160) rotate(0.0)
CANVAS[17830] bounds(1434,3388/2403,4095) rotate(1.2)
CANVAS[17407] bounds(31,3349/783,4271) rotate(115.0)
CANVAS[15709] bounds(3042,2848/3787,3692) rotate(270.3)
CANVAS[15594] bounds(3015,3663/3682,4330) rotate(-459.0)
CANVAS[14787] bounds(3099,2507/3717,3422) rotate(-79.3)
CANVAS[14572] bounds(2487,2662/3352,3888) rotate(-103.7)
CANVAS[14546] bounds(770,2233/1591,2786) rotate(-169.5)
CANVAS[14518] bounds(1513,2186/2697,2965) rotate(-548.8)
CANVAS[14339] bounds(147,3005/741,3773) rotate(93.6)
CANVAS[14279] bounds(14,2436/803,3225) rotate(68.2)
CANVAS[13868] bounds(1512,3207/2485,3778) rotate(-2.7)
CANVAS[13091] bounds(1553,3633/2613,4225) rotate(2.0)
CANVAS[12638] bounds(951,3377/1957,4219) rotate(-13.3)
CANVAS[7848] bounds(-1920,2160/0,3240) rotate(0.0)
CANVAS[7847] bounds(3840,2160/5760,3240) rotate(0.0)
CANVAS[7849] bounds(0,2160/3840,4320) rotate(0.0)
CANVAS[7846] bounds(0,2160/3840,4320) rotate(0.0)
CANVAS[7850] bounds(960,1080/2880,2160) rotate(0.0)
CANVAS[17830] bounds(1434,3388/2403,4095) rotate(1.2)
CANVAS[17407] bounds(31,3349/783,4271) rotate(115.0)
CANVAS[15709] bounds(3042,2848/3787,3692) rotate(270.3)
CANVAS[15594] bounds(3015,3663/3682,4330) rotate(-459.0)
CANVAS[14787] bounds(3099,2507/3717,3422) rotate(-79.3)
CANVAS[14572] bounds(2245,2377/3400,3583) rotate(-130.6)
CANVAS[14546] bounds(770,2233/1591,2786) rotate(-169.5)
CANVAS[14518] bounds(1403,2190/2367,2754) rotate(-537.9)
CANVAS[14339] bounds(147,3005/741,3773) rotate(93.6)
CANVAS[14279] bounds(14,2436/803,3225) rotate(68.2)
CANVAS[13868] bounds(1512,3207/2485,3778) rotate(-2.7)
CANVAS[13091] bounds(1553,3633/2613,4225) rotate(2.0)
CANVAS[12638] bounds(951,3377/1957,4219) rotate(-13.3)
CANVAS[7848] bounds(-1920,2160/0,3240) rotate(0.0)
CANVAS[7847] bounds(3840,2160/5760,3240) rotate(0.0)
CANVAS[7849] bounds(0,2160/3840,4320) rotate(0.0)
CANVAS[7846] bounds(0,2160/3840,4320) rotate(0.0)
CANVAS[7850] bounds(960,1080/2880,2160) rotate(0.0)
CANVAS[17830] bounds(1434,3388/2403,4095) rotate(1.2)
CANVAS[17407] bounds(31,3349/783,4271) rotate(115.0)
CANVAS[15709] bounds(3042,2848/3787,3692) rotate(270.3)
CANVAS[15594] bounds(3015,3663/3682,4330) rotate(-459.0)
CANVAS[14787] bounds(3099,2507/3717,3422) rotate(-79.3)
CANVAS[14572] bounds(1809,2061/2938,2942) rotate(-201.5)
CANVAS[14546] bounds(770,2233/1591,2786) rotate(-169.5)
CANVAS[14518] bounds(1403,2190/2367,2754) rotate(-537.9)
CANVAS[14339] bounds(147,3005/741,3773) rotate(93.6)
CANVAS[14279] bounds(14,2436/803,3225) rotate(68.2)
CANVAS[13868] bounds(1512,3207/2485,3778) rotate(-2.7)
CANVAS[13091] bounds(1553,3633/2613,4225) rotate(2.0)
CANVAS[12638] bounds(951,3377/1957,4219) rotate(-13.3)
CANVAS[7848] bounds(-1920,2160/0,3240) rotate(0.0)
CANVAS[7847] bounds(3840,2160/5760,3240) rotate(0.0)
CANVAS[7849] bounds(0,2160/3840,4320) rotate(0.0)
CANVAS[7846] bounds(0,2160/3840,4320) rotate(0.0)
CANVAS[7850] bounds(960,1080/2880,2160) rotate(0.0)
CANVAS[17830] bounds(1434,3388/2403,4095) rotate(1.2)
CANVAS[17407] bounds(31,3349/783,4271) rotate(115.0)
CANVAS[15709] bounds(3018,2240/3914,3186) rotate(291.3)
CANVAS[15594] bounds(3015,3663/3682,4330) rotate(-459.0)
CANVAS[14787] bounds(3184,2873/3614,3630) rotate(-90.9)
CANVAS[14572] bounds(1809,2061/2938,2942) rotate(-201.5)
CANVAS[14546] bounds(770,2233/1591,2786) rotate(-169.5)
CANVAS[14518] bounds(1403,2190/2367,2754) rotate(-537.9)
CANVAS[14339] bounds(147,3005/741,3773) rotate(93.6)
CANVAS[14279] bounds(14,2436/803,3225) rotate(68.2)
CANVAS[13868] bounds(1512,3207/2485,3778) rotate(-2.7)
CANVAS[13091] bounds(1553,3633/2613,4225) rotate(2.0)
CANVAS[12638] bounds(951,3377/1957,4219) rotate(-13.3)
CANVAS[7848] bounds(-1920,2160/0,3240) rotate(0.0)
CANVAS[7847] bounds(3840,2160/5760,3240) rotate(0.0)
CANVAS[7849] bounds(0,2160/3840,4320) rotate(0.0)
CANVAS[7846] bounds(0,2160/3840,4320) rotate(0.0)
CANVAS[7850] bounds(960,1080/2880,2160) rotate(0.0)
CANVAS[17830] bounds(1434,3388/2403,4095) rotate(1.2)
CANVAS[17407] bounds(31,3349/783,4271) rotate(115.0)
CANVAS[15709] bounds(3018,2240/3914,3186) rotate(291.3)
CANVAS[15594] bounds(2638,3522/3507,4391) rotate(-678.4)
CANVAS[14787] bounds(3150,2812/3620,3597) rotate(-93.5)
CANVAS[14572] bounds(1809,2061/2938,2942) rotate(-201.5)
CANVAS[14546] bounds(770,2233/1591,2786) rotate(-169.5)
CANVAS[14518] bounds(1403,2190/2367,2754) rotate(-537.9)
CANVAS[14339] bounds(147,3005/741,3773) rotate(93.6)
CANVAS[14279] bounds(14,2436/803,3225) rotate(68.2)
CANVAS[13868] bounds(1512,3207/2485,3778) rotate(-2.7)
CANVAS[13091] bounds(1553,3633/2613,4225) rotate(2.0)
CANVAS[12638] bounds(951,3377/1957,4219) rotate(-13.3)
CANVAS[7848] bounds(-1920,2160/0,3240) rotate(0.0)
CANVAS[7847] bounds(3840,2160/5760,3240) rotate(0.0)
CANVAS[7849] bounds(0,2160/3840,4320) rotate(0.0)
CANVAS[7846] bounds(0,2160/3840,4320) rotate(0.0)
CANVAS[7850] bounds(960,1080/2880,2160) rotate(0.0)
CANVAS[17830] bounds(1161,3421/2010,4111) rotate(-12.7)
CANVAS[17407] bounds(31,3349/783,4271) rotate(115.0)
CANVAS[15709] bounds(3018,2240/3914,3186) rotate(291.3)
CANVAS[15594] bounds(2656,3538/3480,4361) rotate(-682.0)
CANVAS[14787] bounds(3150,2812/3620,3597) rotate(-93.5)
CANVAS[14572] bounds(1809,2061/2938,2942) rotate(-201.5)
CANVAS[14546] bounds(770,2233/1591,2786) rotate(-169.5)
CANVAS[14518] bounds(1403,2190/2367,2754) rotate(-537.9)
CANVAS[14339] bounds(147,3005/741,3773) rotate(93.6)
CANVAS[14279] bounds(14,2436/803,3225) rotate(68.2)
CANVAS[13868] bounds(1512,3207/2485,3778) rotate(-2.7)
CANVAS[13091] bounds(1553,3633/2613,4225) rotate(2.0)
CANVAS[12638] bounds(951,3377/1957,4219) rotate(-13.3)
CANVAS[7848] bounds(-1920,2160/0,3240) rotate(0.0)
CANVAS[7847] bounds(3840,2160/5760,3240) rotate(0.0)
CANVAS[7849] bounds(0,2160/3840,4320) rotate(0.0)
CANVAS[7846] bounds(0,2160/3840,4320) rotate(0.0)
CANVAS[7850] bounds(960,1080/2880,2160) rotate(0.0)
CANVAS[17830] bounds(1161,3421/2010,4111) rotate(-12.7)
CANVAS[17407] bounds(31,3349/783,4271) rotate(115.0)
CANVAS[15709] bounds(3018,2240/3914,3186) rotate(291.3)
CANVAS[15594] bounds(2656,3538/3480,4361) rotate(-682.0)
CANVAS[14787] bounds(3150,2812/3620,3597) rotate(-93.5)
CANVAS[14572] bounds(1809,2061/2938,2942) rotate(-201.5)
CANVAS[14546] bounds(770,2233/1591,2786) rotate(-169.5)
CANVAS[14518] bounds(1403,2190/2367,2754) rotate(-537.9)
CANVAS[14339] bounds(147,3005/741,3773) rotate(93.6)
CANVAS[14279] bounds(14,2436/803,3225) rotate(68.2)
CANVAS[13868] bounds(1766,3148/2731,3723) rotate(3.5)
CANVAS[13091] bounds(1490,3644/2479,4171) rotate(-0.2)
CANVAS[12638] bounds(951,3377/1957,4219) rotate(-13.3)
CANVAS[7848] bounds(-1920,2160/0,3240) rotate(0.0)
CANVAS[7847] bounds(3840,2160/5760,3240) rotate(0.0)
CANVAS[7849] bounds(0,2160/3840,4320) rotate(0.0)
CANVAS[7846] bounds(0,2160/3840,4320) rotate(0.0)
CANVAS[7850] bounds(960,1080/2880,2160) rotate(0.0)
CANVAS[17830] bounds(1161,3421/2010,4111) rotate(-12.7)
CANVAS[17407] bounds(31,3349/783,4271) rotate(115.0)
CANVAS[15709] bounds(3018,2240/3914,3186) rotate(291.3)
CANVAS[15594] bounds(2656,3538/3480,4361) rotate(-682.0)
CANVAS[14787] bounds(3150,2812/3620,3597) rotate(-93.5)
CANVAS[14572] bounds(1809,2061/2938,2942) rotate(-201.5)
CANVAS[14546] bounds(770,2233/1591,2786) rotate(-169.5)
CANVAS[14518] bounds(1403,2190/2367,2754) rotate(-537.9)
CANVAS[14339] bounds(150,2818/728,3549) rotate(96.9)
CANVAS[14279] bounds(42,2261/629,2849) rotate(79.7)
CANVAS[13868] bounds(1766,3148/2731,3723) rotate(3.5)
CANVAS[13091] bounds(1490,3644/2479,4171) rotate(-0.2)
CANVAS[12638] bounds(951,3377/1957,4219) rotate(-13.3)
CANVAS[7848] bounds(-1920,2160/0,3240) rotate(0.0)
CANVAS[7847] bounds(3840,2160/5760,3240) rotate(0.0)
CANVAS[7849] bounds(0,2160/3840,4320) rotate(0.0)
CANVAS[7846] bounds(0,2160/3840,4320) rotate(0.0)
CANVAS[7850] bounds(960,1080/2880,2160) rotate(0.0)
CANVAS[17830] bounds(1161,3421/2010,4111) rotate(-12.7)
CANVAS[17407] bounds(31,3349/783,4271) rotate(115.0)
CANVAS[15709] bounds(3018,2240/3914,3186) rotate(291.3)
CANVAS[15594] bounds(3023,3313/3624,3914) rotate(-715.7)
CANVAS[14787] bounds(3150,2812/3620,3597) rotate(-93.5)
CANVAS[14572] bounds(1809,2061/2938,2942) rotate(-201.5)
CANVAS[14546] bounds(770,2233/1591,2786) rotate(-169.5)
CANVAS[14518] bounds(1403,2190/2367,2754) rotate(-537.9)
CANVAS[14339] bounds(154,2795/667,3443) rotate(96.1)
CANVAS[14279] bounds(42,2261/629,2849) rotate(79.7)
CANVAS[13868] bounds(1766,3148/2731,3723) rotate(3.5)
CANVAS[13091] bounds(1490,3644/2479,4171) rotate(-0.2)
CANVAS[12638] bounds(951,3377/1957,4219) rotate(-13.3)
CANVAS[7848] bounds(-1920,2160/0,3240) rotate(0.0)
CANVAS[7847] bounds(3840,2160/5760,3240) rotate(0.0)
CANVAS[7849] bounds(0,2160/3840,4320) rotate(0.0)
CANVAS[7846] bounds(0,2160/3840,4320) rotate(0.0)
CANVAS[7850] bounds(960,1080/2880,2160) rotate(0.0)
CANVAS[17830] bounds(1161,3421/2010,4111) rotate(-12.7)
CANVAS[17407] bounds(31,3349/783,4271) rotate(115.0)
CANVAS[15709] bounds(3018,2240/3914,3186) rotate(291.3)
CANVAS[15594] bounds(3105,3426/3810,4131) rotate(-799.7)
CANVAS[14787] bounds(3150,2812/3620,3597) rotate(-93.5)
CANVAS[14572] bounds(1809,2061/2938,2942) rotate(-201.5)
CANVAS[14546] bounds(770,2233/1591,2786) rotate(-169.5)
CANVAS[14518] bounds(1403,2190/2367,2754) rotate(-537.9)
CANVAS[14339] bounds(154,2795/667,3443) rotate(96.1)
CANVAS[14279] bounds(42,2261/629,2849) rotate(79.7)
CANVAS[13868] bounds(1766,3148/2731,3723) rotate(3.5)
CANVAS[13091] bounds(1490,3644/2479,4171) rotate(-0.2)
CANVAS[12638] bounds(951,3377/1957,4219) rotate(-13.3)
CANVAS[7848] bounds(-1920,2160/0,3240) rotate(0.0)
CANVAS[7847] bounds(3840,2160/5760,3240) rotate(0.0)
CANVAS[7849] bounds(0,2160/3840,4320) rotate(0.0)
CANVAS[7846] bounds(0,2160/3840,4320) rotate(0.0)
CANVAS[7850] bounds(960,1080/2880,2160) rotate(0.0)
