[32;1mNEMO:[m [1;33m[SYSTEM] (2982.728)[0m SYSTEM[] cpu(0.492188) memory(0.198850)
[32;1mNEMO:[m [1;33m[SYSTEM] (2982.728)[0m   SCREEN[0:0] frames(167)
[32;1mNEMO:[m [1;33m[SYSTEM] (2982.728)[0m   SCREEN[0:1] frames(78)
[32;1mNEMO:[m [1;33m[SYSTEM] (2982.728)[0m   SCREEN[0:2] frames(179)
[32;1mNEMO:[m [1;33m[SYSTEM] (2982.728)[0m   SCREEN[0:3] frames(75)
[32;1mNEMO:[m [1;33m[SYSTEM] (2982.728)[0m   CANVAS[17830] bounds(1473,3451/2404,4150) rotate(-3.9) screen(0x4) frames(0) damages(0/0.000000)
[32;1mNEMO:[m [1;33m[SYSTEM] (2982.728)[0m   CANVAS[17813] bounds(2050,3181/2818,3949) rotate(0.0) screen(0x4) frames(0) damages(0/0.000000)
[32;1mNEMO:[m [1;33m[SYSTEM] (2982.728)[0m   CANVAS[17407] bounds(113,3462/820,4309) rotate(117.3) screen(0x4) frames(75) damages(22300725/0.283568)
[32;1mNEMO:[m [1;33m[SYSTEM] (2982.728)[0m   CANVAS[15709] bounds(3175,2861/3896,3673) rotate(271.6) screen(0xc) frames(75) damages(12825600/0.163086)
[32;1mNEMO:[m [1;33m[SYSTEM] (2982.728)[0m   CANVAS[15594] bounds(2902,3453/3824,4376) rotate(-476.1) screen(0x4) frames(88) damages(41235761/0.446881)
[32;1mNEMO:[m [1;33m[SYSTEM] (2982.728)[0m   CANVAS[14787] bounds(3099,2507/3717,3422) rotate(-79.3) screen(0x4) frames(0) damages(0/0.000000)
[32;1mNEMO:[m [1;33m[SYSTEM] (2982.728)[0m   CANVAS[14572] bounds(1940,2314/2788,2797) rotate(-180.9) screen(0x4) frames(89) damages(33963468/0.363934)
[32;1mNEMO:[m [1;33m[SYSTEM] (2982.728)[0m   CANVAS[14546] bounds(898,2149/1953,2999) rotate(-155.8) screen(0x6) frames(73) damages(33746440/0.440865)
[32;1mNEMO:[m [1;33m[SYSTEM] (2982.737)[0m   CANVAS[14518] bounds(1513,2186/2697,2965) rotate(-548.8) screen(0x4) frames(89) damages(58657408/0.628540)
[32;1mNEMO:[m [1;33m[SYSTEM] (2982.737)[0m   CANVAS[14339] bounds(145,2715/956,3773) rotate(87.5) screen(0x4) frames(0) damages(0/0.000000)
[32;1mNEMO:[m [1;33m[SYSTEM] (2982.737)[0m   CANVAS[14279] bounds(-98,2083/857,3038) rotate(76.9) screen(0x5) frames(168) damages(105913248/0.601231)
[32;1mNEMO:[m [1;33m[SYSTEM] (2982.737)[0m   CANVAS[13868] bounds(1147,3530/2141,4175) rotate(-8.3) screen(0x4) frames(0) damages(0/0.000000)
[32;1mNEMO:[m [1;33m[SYSTEM] (2982.737)[0m   CANVAS[13091] bounds(1484,3716/2461,4291) rotate(-3.1) screen(0x4) frames(0) damages(0/0.000000)
[32;1mNEMO:[m [1;33m[SYSTEM] (2982.737)[0m   CANVAS[12638] bounds(1098,3437/2068,4341) rotate(-31.4) screen(0x4) frames(0) damages(0/0.000000)
[32;1mNEMO:[m [1;33m[SYSTEM] (2982.737)[0m   CANVAS[7848] bounds(-1920,2160/0,3240) rotate(0.0) screen(0x1) frames(0) damages(0/0.000000)
[32;1mNEMO:[m [1;33m[SYSTEM] (2982.737)[0m   CANVAS[7847] bounds(3840,2160/5760,3240) rotate(0.0) screen(0x8) frames(0) damages(0/0.000000)
[32;1mNEMO:[m [1;33m[SYSTEM] (2982.737)[0m   CANVAS[7849] bounds(0,2160/3840,4320) rotate(0.0) screen(0x4) frames(0) damages(0/0.000000)
[32;1mNEMO:[m [1;33m[SYSTEM] (2982.737)[0m   CANVAS[7846] bounds(0,2160/3840,4320) rotate(0.0) screen(0x4) frames(0) damages(0/0.000000)
[32;1mNEMO:[m [1;33m[SYSTEM] (2982.737)[0m   CANVAS[7850] bounds(960,1080/2880,2160) rotate(0.0) screen(0x2) frames(0) damages(0/0.000000)
[32;1mNEMO:[m [1;33m[SYSTEM] (2985.737)[0m SYSTEM[] cpu(0.492188) memory(0.198911)
[32;1mNEMO:[m [1;33m[SYSTEM] (2985.737)[0m   SCREEN[0:0] frames(157)
[32;1mNEMO:[m [1;33m[SYSTEM] (2985.737)[0m   SCREEN[0:1] frames(119)
[32;1mNEMO:[m [1;33m[SYSTEM] (2985.737)[0m   SCREEN[0:2] frames(179)
[32;1mNEMO:[m [1;33m[SYSTEM] (2985.737)[0m   SCREEN[0:3] frames(75)
[32;1mNEMO:[m [1;33m[SYSTEM] (2985.737)[0m   CANVAS[17830] bounds(1473,3451/2404,4150) rotate(-3.9) screen(0x4) frames(0) damages(0/0.000000)
[32;1mNEMO:[m [1;33m[SYSTEM] (2985.737)[0m   CANVAS[17813] bounds(2050,3181/2818,3949) rotate(0.0) screen(0x4) frames(0) damages(0/0.000000)
[32;1mNEMO:[m [1;33m[SYSTEM] (2985.737)[0m   CANVAS[17407] bounds(113,3462/820,4309) rotate(117.3) screen(0x4) frames(76) damages(22598068/0.283568)
[32;1mNEMO:[m [1;33m[SYSTEM] (2985.737)[0m   CANVAS[15709] bounds(3175,2861/3896,3673) rotate(271.6) screen(0xc) frames(75) damages(12825600/0.163086)
[32;1mNEMO:[m [1;33m[SYSTEM] (2985.737)[0m   CANVAS[15594] bounds(2902,3453/3824,4376) rotate(-476.1) screen(0x4) frames(88) damages(41171328/0.446182)
[32;1mNEMO:[m [1;33m[SYSTEM] (2985.737)[0m   CANVAS[14787] bounds(3099,2507/3717,3422) rotate(-79.3) screen(0x4) frames(2) damages(128238/0.061149)
[32;1mNEMO:[m [1;33m[SYSTEM] (2985.737)[0m   CANVAS[14572] bounds(1940,2314/2788,2797) rotate(-180.9) screen(0x4) frames(90) damages(34345080/0.363934)
[32;1mNEMO:[m [1;33m[SYSTEM] (2985.737)[0m   CANVAS[14546] bounds(898,2149/1953,2999) rotate(-155.8) screen(0x6) frames(80) damages(36791609/0.438590)
[32;1mNEMO:[m [1;33m[SYSTEM] (2985.737)[0m   CANVAS[14518] bounds(1513,2186/2697,2965) rotate(-548.8) screen(0x4) frames(91) damages(59975552/0.628540)
[32;1mNEMO:[m [1;33m[SYSTEM] (2985.737)[0m   CANVAS[14339] bounds(145,2715/956,3773) rotate(87.5) screen(0x4) frames(0) damages(0/0.000000)
[32;1mNEMO:[m [1;33m[SYSTEM] (2985.737)[0m   CANVAS[14279] bounds(-98,2083/857,3038) rotate(76.9) screen(0x5) frames(156) damages(98348016/0.601231)
[32;1mNEMO:[m [1;33m[SYSTEM] (2985.737)[0m   CANVAS[13868] bounds(1147,3530/2141,4175) rotate(-8.3) screen(0x4) frames(0) damages(0/0.000000)
[32;1mNEMO:[m [1;33m[SYSTEM] (2985.737)[0m   CANVAS[13091] bounds(1484,3716/2461,4291) rotate(-3.1) screen(0x4) frames(0) damages(0/0.000000)
[32;1mNEMO:[m [1;33m[SYSTEM] (2985.737)[0m   CANVAS[12638] bounds(1098,3437/2068,4341) rotate(-31.4) screen(0x4) frames(0) damages(0/0.000000)
[32;1mNEMO:[m [1;33m[SYSTEM] (2985.737)[0m   CANVAS[7848] bounds(-1920,2160/0,3240) rotate(0.0) screen(0x1) frames(0) damages(0/0.000000)
[32;1mNEMO:[m [1;33m[SYSTEM] (2985.737)[0m   CANVAS[7847] bounds(3840,2160/5760,3240) rotate(0.0) screen(0x8) frames(0) damages(0/0.000000)
[32;1mNEMO:[m [1;33m[SYSTEM] (2985.737)[0m   CANVAS[7849] bounds(0,2160/3840,4320) rotate(0.0) screen(0x4) frames(0) damages(0/0.000000)
[32;1mNEMO:[m [1;33m[SYSTEM] (2985.737)[0m   CANVAS[7846] bounds(0,2160/3840,4320) rotate(0.0) screen(0x4) frames(0) damages(0/0.000000)
[32;1mNEMO:[m [1;33m[SYSTEM] (2985.737)[0m   CANVAS[7850] bounds(960,1080/2880,2160) rotate(0.0) screen(0x2) frames(0) damages(0/0.000000)
[32;1mNEMO:[m [1;33m[SYSTEM] (2988.737)[0m SYSTEM[] cpu(0.482788) memory(0.199049)
[32;1mNEMO:[m [1;33m[SYSTEM] (2988.737)[0m   SCREEN[0:0] frames(157)
[32;1mNEMO:[m [1;33m[SYSTEM] (2988.737)[0m   SCREEN[0:1] frames(147)
[32;1mNEMO:[m [1;33m[SYSTEM] (2988.737)[0m   SCREEN[0:2] frames(180)
[32;1mNEMO:[m [1;33m[SYSTEM] (2988.737)[0m   SCREEN[0:3] frames(76)
[32;1mNEMO:[m [1;33m[SYSTEM] (2988.737)[0m   CANVAS[17830] bounds(1327,3209/2339,4025) rotate(-11.6) screen(0x4) frames(122) damages(69567077/0.543806)
[32;1mNEMO:[m [1;33m[SYSTEM] (2988.737)[0m   CANVAS[17813] bounds(2050,3181/2818,3949) rotate(0.0) screen(0x4) frames(0) damages(0/0.000000)
[32;1mNEMO:[m [1;33m[SYSTEM] (2988.737)[0m   CANVAS[17407] bounds(113,3462/820,4309) rotate(117.3) screen(0x4) frames(74) damages(22003382/0.283568)
[32;1mNEMO:[m [1;33m[SYSTEM] (2988.737)[0m   CANVAS[15709] bounds(3175,2861/3896,3673) rotate(271.6) screen(0xc) frames(76) damages(12750116/0.159993)
[32;1mNEMO:[m [1;33m[SYSTEM] (2988.737)[0m   CANVAS[15594] bounds(2902,3453/3824,4376) rotate(-476.1) screen(0x4) frames(86) damages(40235616/0.446182)
[32;1mNEMO:[m [1;33m[SYSTEM] (2988.737)[0m   CANVAS[14787] bounds(3099,2507/3717,3422) rotate(-79.3) screen(0x4) frames(0) damages(0/0.000000)
[32;1mNEMO:[m [1;33m[SYSTEM] (2988.737)[0m   CANVAS[14572] bounds(1940,2314/2788,2797) rotate(-180.9) screen(0x4) frames(90) damages(34345080/0.363934)
[32;1mNEMO:[m [1;33m[SYSTEM] (2988.737)[0m   CANVAS[14546] bounds(898,2149/1953,2999) rotate(-155.8) screen(0x6) frames(84) damages(35886307/0.407427)
[32;1mNEMO:[m [1;33m[SYSTEM] (2988.737)[0m   CANVAS[14518] bounds(1513,2186/2697,2965) rotate(-548.8) screen(0x4) frames(90) damages(59316480/0.628540)
[32;1mNEMO:[m [1;33m[SYSTEM] (2988.737)[0m   CANVAS[14339] bounds(145,2715/956,3773) rotate(87.5) screen(0x4) frames(0) damages(0/0.000000)
[32;1mNEMO:[m [1;33m[SYSTEM] (2988.737)[0m   CANVAS[14279] bounds(-98,2083/857,3038) rotate(76.9) screen(0x5) frames(158) damages(99116092/0.598256)
[32;1mNEMO:[m [1;33m[SYSTEM] (2988.737)[0m   CANVAS[13868] bounds(1147,3530/2141,4175) rotate(-8.3) screen(0x4) frames(0) damages(0/0.000000)
[32;1mNEMO:[m [1;33m[SYSTEM] (2988.737)[0m   CANVAS[13091] bounds(1484,3716/2461,4291) rotate(-3.1) screen(0x4) frames(0) damages(0/0.000000)
[32;1mNEMO:[m [1;33m[SYSTEM] (2988.737)[0m   CANVAS[12638] bounds(1098,3437/2068,4341) rotate(-31.4) screen(0x4) frames(0) damages(0/0.000000)
[32;1mNEMO:[m [1;33m[SYSTEM] (2988.737)[0m   CANVAS[7848] bounds(-1920,2160/0,3240) rotate(0.0) screen(0x1) frames(0) damages(0/0.000000)
[32;1mNEMO:[m [1;33m[SYSTEM] (2988.737)[0m   CANVAS[7847] bounds(3840,2160/5760,3240) rotate(0.0) screen(0x8) frames(0) damages(0/0.000000)
[32;1mNEMO:[m [1;33m[SYSTEM] (2988.737)[0m   CANVAS[7849] bounds(0,2160/3840,4320) rotate(0.0) screen(0x4) frames(0) damages(0/0.000000)
[32;1mNEMO:[m [1;33m[SYSTEM] (2988.737)[0m   CANVAS[7846] bounds(0,2160/3840,4320) rotate(0.0) screen(0x4) frames(0) damages(0/0.000000)
[32;1mNEMO:[m [1;33m[SYSTEM] (2988.737)[0m   CANVAS[7850] bounds(960,1080/2880,2160) rotate(0.0) screen(0x2) frames(0) damages(0/0.000000)
[32;1mNEMO:[m [1;33m[COMPZ] (2989.630)[0m received 17 child signal
NEMO-EVENT: [ENVS] (2017:06:28-17:40:06) type(detach-client) name(/opt/pkgs/nemo.explorer/exec) pid(17813) runtime(57052)
[32;1mNEMO:[m [1;33m[SYSTEM] (2991.737)[0m SYSTEM[] cpu(0.514221) memory(0.197432)
[32;1mNEMO:[m [1;33m[SYSTEM] (2991.737)[0m   SCREEN[0:0] frames(154)
[32;1mNEMO:[m [1;33m[SYSTEM] (2991.737)[0m   SCREEN[0:1] frames(76)
[32;1mNEMO:[m [1;33m[SYSTEM] (2991.737)[0m   SCREEN[0:2] frames(180)
[32;1mNEMO:[m [1;33m[SYSTEM] (2991.737)[0m   SCREEN[0:3] frames(77)
[32;1mNEMO:[m [1;33m[SYSTEM] (2991.737)[0m   CANVAS[17830] bounds(2000,3232/2873,3982) rotate(20.1) screen(0x4) frames(63) damages(35927938/0.543866)
[32;1mNEMO:[m [1;33m[SYSTEM] (2991.737)[0m   CANVAS[17407] bounds(113,3462/820,4309) rotate(117.3) screen(0x4) frames(76) damages(22598068/0.283568)
[32;1mNEMO:[m [1;33m[SYSTEM] (2991.738)[0m   CANVAS[15709] bounds(3175,2861/3896,3673) rotate(271.6) screen(0xc) frames(77) damages(12674632/0.156980)
[32;1mNEMO:[m [1;33m[SYSTEM] (2991.738)[0m   CANVAS[15594] bounds(2902,3453/3824,4376) rotate(-476.1) screen(0x4) frames(88) damages(41171328/0.446182)
[32;1mNEMO:[m [1;33m[SYSTEM] (2991.738)[0m   CANVAS[14787] bounds(3099,2507/3717,3422) rotate(-79.3) screen(0x4) frames(0) damages(0/0.000000)
[32;1mNEMO:[m [1;33m[SYSTEM] (2991.738)[0m   CANVAS[14572] bounds(1940,2314/2788,2797) rotate(-180.9) screen(0x4) frames(90) damages(34345080/0.363934)
[32;1mNEMO:[m [1;33m[SYSTEM] (2991.738)[0m   CANVAS[14546] bounds(898,2149/1953,2999) rotate(-155.8) screen(0x6) frames(72) damages(33284160/0.440865)
[32;1mNEMO:[m [1;33m[SYSTEM] (2991.738)[0m   CANVAS[14518] bounds(1513,2186/2697,2965) rotate(-548.8) screen(0x4) frames(90) damages(59316480/0.628540)
[32;1mNEMO:[m [1;33m[SYSTEM] (2991.738)[0m   CANVAS[14339] bounds(145,2715/956,3773) rotate(87.5) screen(0x4) frames(0) damages(0/0.000000)
[32;1mNEMO:[m [1;33m[SYSTEM] (2991.738)[0m   CANVAS[14279] bounds(-98,2083/857,3038) rotate(76.9) screen(0x5) frames(154) damages(96526172/0.597757)
[32;1mNEMO:[m [1;33m[SYSTEM] (2991.738)[0m   CANVAS[13868] bounds(1190,3487/2131,4027) rotate(0.6) screen(0x4) frames(1) damages(477920/0.455780)
[32;1mNEMO:[m [1;33m[SYSTEM] (2991.738)[0m   CANVAS[13091] bounds(1484,3716/2461,4291) rotate(-3.1) screen(0x4) frames(0) damages(0/0.000000)
[32;1mNEMO:[m [1;33m[SYSTEM] (2991.738)[0m   CANVAS[12638] bounds(1098,3437/2068,4341) rotate(-31.4) screen(0x4) frames(0) damages(0/0.000000)
[32;1mNEMO:[m [1;33m[SYSTEM] (2991.738)[0m   CANVAS[7848] bounds(-1920,2160/0,3240) rotate(0.0) screen(0x1) frames(0) damages(0/0.000000)
[32;1mNEMO:[m [1;33m[SYSTEM] (2991.738)[0m   CANVAS[7847] bounds(3840,2160/5760,3240) rotate(0.0) screen(0x8) frames(0) damages(0/0.000000)
[32;1mNEMO:[m [1;33m[SYSTEM] (2991.738)[0m   CANVAS[7849] bounds(0,2160/3840,4320) rotate(0.0) screen(0x4) frames(0) damages(0/0.000000)
[32;1mNEMO:[m [1;33m[SYSTEM] (2991.738)[0m   CANVAS[7846] bounds(0,2160/3840,4320) rotate(0.0) screen(0x4) frames(0) damages(0/0.000000)
[32;1mNEMO:[m [1;33m[SYSTEM] (2991.738)[0m   CANVAS[7850] bounds(960,1080/2880,2160) rotate(0.0) screen(0x2) frames(0) damages(0/0.000000)
[32;1mNEMO:[m [1;33m[SYSTEM] (2994.738)[0m SYSTEM[] cpu(0.514221) memory(0.198128)
[32;1mNEMO:[m [1;33m[SYSTEM] (2994.738)[0m   SCREEN[0:0] frames(160)
[32;1mNEMO:[m [1;33m[SYSTEM] (2994.738)[0m   SCREEN[0:1] frames(73)
[32;1mNEMO:[m [1;33m[SYSTEM] (2994.738)[0m   SCREEN[0:2] frames(180)
[32;1mNEMO:[m [1;33m[SYSTEM] (2994.738)[0m   SCREEN[0:3] frames(75)
[32;1mNEMO:[m [1;33m[SYSTEM] (2994.738)[0m   CANVAS[17830] bounds(2000,3232/2873,3982) rotate(20.1) screen(0x4) frames(62) damages(23831644/0.366575)
[32;1mNEMO:[m [1;33m[SYSTEM] (2994.738)[0m   CANVAS[17407] bounds(113,3462/820,4309) rotate(117.3) screen(0x4) frames(74) damages(22003382/0.283568)
[32;1mNEMO:[m [1;33m[SYSTEM] (2994.738)[0m   CANVAS[15709] bounds(3175,2861/3896,3673) rotate(271.6) screen(0xc) frames(75) damages(12825600/0.163086)
[32;1mNEMO:[m [1;33m[SYSTEM] (2994.738)[0m   CANVAS[15594] bounds(2902,3453/3824,4376) rotate(-476.1) screen(0x4) frames(86) damages(40235616/0.446182)
[32;1mNEMO:[m [1;33m[SYSTEM] (2994.738)[0m   CANVAS[14787] bounds(3099,2507/3717,3422) rotate(-79.3) screen(0x4) frames(0) damages(0/0.000000)
[32;1mNEMO:[m [1;33m[SYSTEM] (2994.738)[0m   CANVAS[14572] bounds(1940,2314/2788,2797) rotate(-180.9) screen(0x4) frames(90) damages(34345080/0.363934)
[32;1mNEMO:[m [1;33m[SYSTEM] (2994.738)[0m   CANVAS[14546] bounds(898,2149/1953,2999) rotate(-155.8) screen(0x6) frames(72) damages(33284160/0.440865)
[32;1mNEMO:[m [1;33m[SYSTEM] (2994.738)[0m   CANVAS[14518] bounds(1513,2186/2697,2965) rotate(-548.8) screen(0x4) frames(90) damages(59316480/0.628540)
[32;1mNEMO:[m [1;33m[SYSTEM] (2994.738)[0m   CANVAS[14339] bounds(145,2715/956,3773) rotate(87.5) screen(0x4) frames(0) damages(0/0.000000)
[32;1mNEMO:[m [1;33m[SYSTEM] (2994.738)[0m   CANVAS[14279] bounds(-98,2083/857,3038) rotate(76.9) screen(0x5) frames(160) damages(100869760/0.601231)
[32;1mNEMO:[m [1;33m[SYSTEM] (2994.738)[0m   CANVAS[13868] bounds(1512,3207/2485,3778) rotate(-2.7) screen(0x4) frames(23) damages(11468904/0.475548)
[32;1mNEMO:[m [1;33m[SYSTEM] (2994.738)[0m   CANVAS[13091] bounds(1559,3625/2609,4235) rotate(3.3) screen(0x4) frames(1) damages(496850/0.473833)
[32;1mNEMO:[m [1;33m[SYSTEM] (2994.738)[0m   CANVAS[12638] bounds(951,3377/1957,4219) rotate(-13.3) screen(0x4) frames(58) damages(21357348/0.351172)
[32;1mNEMO:[m [1;33m[SYSTEM] (2994.738)[0m   CANVAS[7848] bounds(-1920,2160/0,3240) rotate(0.0) screen(0x1) frames(0) damages(0/0.000000)
[32;1mNEMO:[m [1;33m[SYSTEM] (2994.738)[0m   CANVAS[7847] bounds(3840,2160/5760,3240) rotate(0.0) screen(0x8) frames(0) damages(0/0.000000)
[32;1mNEMO:[m [1;33m[SYSTEM] (2994.738)[0m   CANVAS[7849] bounds(0,2160/3840,4320) rotate(0.0) screen(0x4) frames(0) damages(0/0.000000)
[32;1mNEMO:[m [1;33m[SYSTEM] (2994.738)[0m   CANVAS[7846] bounds(0,2160/3840,4320) rotate(0.0) screen(0x4) frames(0) damages(0/0.000000)
[32;1mNEMO:[m [1;33m[SYSTEM] (2994.738)[0m   CANVAS[7850] bounds(960,1080/2880,2160) rotate(0.0) screen(0x2) frames(0) damages(0/0.000000)
[32;1mNEMO:[m [1;33m[SYSTEM] (2997.738)[0m SYSTEM[] cpu(0.523132) memory(0.197892)
[32;1mNEMO:[m [1;33m[SYSTEM] (2997.738)[0m   SCREEN[0:0] frames(155)
[32;1mNEMO:[m [1;33m[SYSTEM] (2997.738)[0m   SCREEN[0:1] frames(75)
[32;1mNEMO:[m [1;33m[SYSTEM] (2997.738)[0m   SCREEN[0:2] frames(178)
[32;1mNEMO:[m [1;33m[SYSTEM] (2997.738)[0m   SCREEN[0:3] frames(76)
[32;1mNEMO:[m [1;33m[SYSTEM] (2997.738)[0m   CANVAS[17830] bounds(2000,3232/2873,3982) rotate(20.1) screen(0x4) frames(0) damages(0/0.000000)
[32;1mNEMO:[m [1;33m[SYSTEM] (2997.738)[0m   CANVAS[17407] bounds(113,3462/820,4309) rotate(117.3) screen(0x4) frames(84) damages(24560894/0.278846)
[32;1mNEMO:[m [1;33m[SYSTEM] (2997.738)[0m   CANVAS[15709] bounds(3175,2861/3896,3673) rotate(271.6) screen(0xc) frames(76) damages(12750116/0.159993)
[32;1mNEMO:[m [1;33m[SYSTEM] (2997.738)[0m   CANVAS[15594] bounds(2902,3453/3824,4376) rotate(-476.1) screen(0x4) frames(88) damages(41171328/0.446182)
[32;1mNEMO:[m [1;33m[SYSTEM] (2997.738)[0m   CANVAS[14787] bounds(3099,2507/3717,3422) rotate(-79.3) screen(0x4) frames(0) damages(0/0.000000)
[32;1mNEMO:[m [1;33m[SYSTEM] (2997.738)[0m   CANVAS[14572] bounds(1940,2314/2788,2797) rotate(-180.9) screen(0x4) frames(89) damages(33963468/0.363934)
[32;1mNEMO:[m [1;33m[SYSTEM] (2997.738)[0m   CANVAS[14546] bounds(898,2149/1953,2999) rotate(-155.8) screen(0x6) frames(72) damages(33284160/0.440865)
[32;1mNEMO:[m [1;33m[SYSTEM] (2997.738)[0m   CANVAS[14518] bounds(1513,2186/2697,2965) rotate(-548.8) screen(0x4) frames(89) damages(58657408/0.628540)
[32;1mNEMO:[m [1;33m[SYSTEM] (2997.738)[0m   CANVAS[14339] bounds(145,2715/956,3773) rotate(87.5) screen(0x4) frames(0) damages(0/0.000000)
[32;1mNEMO:[m [1;33m[SYSTEM] (2997.738)[0m   CANVAS[14279] bounds(-98,2083/857,3038) rotate(76.9) screen(0x5) frames(155) damages(97717580/0.601231)
[32;1mNEMO:[m [1;33m[SYSTEM] (2997.738)[0m   CANVAS[13868] bounds(1512,3207/2485,3778) rotate(-2.7) screen(0x4) frames(0) damages(0/0.000000)
[32;1mNEMO:[m [1;33m[SYSTEM] (2997.738)[0m   CANVAS[13091] bounds(1553,3633/2613,4225) rotate(2.0) screen(0x4) frames(1) damages(577200/0.550461)
[32;1mNEMO:[m [1;33m[SYSTEM] (2997.738)[0m   CANVAS[12638] bounds(951,3377/1957,4219) rotate(-13.3) screen(0x4) frames(0) damages(0/0.000000)
[32;1mNEMO:[m [1;33m[SYSTEM] (2997.738)[0m   CANVAS[7848] bounds(-1920,2160/0,3240) rotate(0.0) screen(0x1) frames(0) damages(0/0.000000)
[32;1mNEMO:[m [1;33m[SYSTEM] (2997.738)[0m   CANVAS[7847] bounds(3840,2160/5760,3240) rotate(0.0) screen(0x8) frames(0) damages(0/0.000000)
[32;1mNEMO:[m [1;33m[SYSTEM] (2997.738)[0m   CANVAS[7849] bounds(0,2160/3840,4320) rotate(0.0) screen(0x4) frames(0) damages(0/0.000000)
[32;1mNEMO:[m [1;33m[SYSTEM] (2997.738)[0m   CANVAS[7846] bounds(0,2160/3840,4320) rotate(0.0) screen(0x4) frames(0) damages(0/0.000000)
[32;1mNEMO:[m [1;33m[SYSTEM] (2997.738)[0m   CANVAS[7850] bounds(960,1080/2880,2160) rotate(0.0) screen(0x2) frames(0) damages(0/0.000000)
[32;1mNEMO:[m [1;33m[SYSTEM] (3000.738)[0m SYSTEM[] cpu(0.523132) memory(0.198030)
[32;1mNEMO:[m [1;33m[SYSTEM] (3000.738)[0m   SCREEN[0:0] frames(151)
[32;1mNEMO:[m [1;33m[SYSTEM] (3000.738)[0m   SCREEN[0:1] frames(75)
[32;1mNEMO:[m [1;33m[SYSTEM] (3000.738)[0m   SCREEN[0:2] frames(179)
[32;1mNEMO:[m [1;33m[SYSTEM] (3000.738)[0m   SCREEN[0:3] frames(75)
[32;1mNEMO:[m [1;33m[SYSTEM] (3000.738)[0m   CANVAS[17830] bounds(2000,3232/2873,3982) rotate(20.1) screen(0x4) frames(0) damages(0/0.000000)
[32;1mNEMO:[m [1;33m[SYSTEM] (3000.738)[0m   CANVAS[17407] bounds(113,3462/820,4309) rotate(117.3) screen(0x4) frames(84) damages(23674666/0.268785)
[32;1mNEMO:[m [1;33m[SYSTEM] (3000.739)[0m   CANVAS[15709] bounds(3175,2861/3896,3673) rotate(271.6) screen(0xc) frames(75) damages(12825600/0.163086)
[32;1mNEMO:[m [1;33m[SYSTEM] (3000.739)[0m   CANVAS[15594] bounds(2902,3453/3824,4376) rotate(-476.1) screen(0x4) frames(87) damages(40703472/0.446182)
[32;1mNEMO:[m [1;33m[SYSTEM] (3000.739)[0m   CANVAS[14787] bounds(3099,2507/3717,3422) rotate(-79.3) screen(0x4) frames(0) damages(0/0.000000)
[32;1mNEMO:[m [1;33m[SYSTEM] (3000.739)[0m   CANVAS[14572] bounds(1328,2237/2568,2937) rotate(-180.0) screen(0x4) frames(89) damages(32319103/0.346313)
[32;1mNEMO:[m [1;33m[SYSTEM] (3000.739)[0m   CANVAS[14546] bounds(898,2149/1953,2999) rotate(-155.8) screen(0x6) frames(72) damages(33284160/0.440865)
[32;1mNEMO:[m [1;33m[SYSTEM] (3000.739)[0m   CANVAS[14518] bounds(1513,2186/2697,2965) rotate(-548.8) screen(0x4) frames(89) damages(58657408/0.628540)
[32;1mNEMO:[m [1;33m[SYSTEM] (3000.739)[0m   CANVAS[14339] bounds(145,2715/956,3773) rotate(87.5) screen(0x4) frames(0) damages(0/0.000000)
[32;1mNEMO:[m [1;33m[SYSTEM] (3000.739)[0m   CANVAS[14279] bounds(-98,2083/857,3038) rotate(76.9) screen(0x5) frames(151) damages(94703040/0.598118)
[32;1mNEMO:[m [1;33m[SYSTEM] (3000.739)[0m   CANVAS[13868] bounds(1512,3207/2485,3778) rotate(-2.7) screen(0x4) frames(0) damages(0/0.000000)
[32;1mNEMO:[m [1;33m[SYSTEM] (3000.739)[0m   CANVAS[13091] bounds(1553,3633/2613,4225) rotate(2.0) screen(0x4) frames(0) damages(0/0.000000)
[32;1mNEMO:[m [1;33m[SYSTEM] (3000.739)[0m   CANVAS[12638] bounds(951,3377/1957,4219) rotate(-13.3) screen(0x4) frames(0) damages(0/0.000000)
[32;1mNEMO:[m [1;33m[SYSTEM] (3000.739)[0m   CANVAS[7848] bounds(-1920,2160/0,3240) rotate(0.0) screen(0x1) frames(0) damages(0/0.000000)
[32;1mNEMO:[m [1;33m[SYSTEM] (3000.739)[0m   CANVAS[7847] bounds(3840,2160/5760,3240) rotate(0.0) screen(0x8) frames(0) damages(0/0.000000)
[32;1mNEMO:[m [1;33m[SYSTEM] (3000.739)[0m   CANVAS[7849] bounds(0,2160/3840,4320) rotate(0.0) screen(0x4) frames(0) damages(0/0.000000)
[32;1mNEMO:[m [1;33m[SYSTEM] (3000.739)[0m   CANVAS[7846] bounds(0,2160/3840,4320) rotate(0.0) screen(0x4) frames(0) damages(0/0.000000)
[32;1mNEMO:[m [1;33m[SYSTEM] (3000.739)[0m   CANVAS[7850] bounds(960,1080/2880,2160) rotate(0.0) screen(0x2) frames(0) damages(0/0.000000)
[32;1mNEMO:[m [1;33m[SYSTEM] (3003.739)[0m SYSTEM[] cpu(0.531311) memory(0.198655)
[32;1mNEMO:[m [1;33m[SYSTEM] (3003.739)[0m   SCREEN[0:0] frames(167)
[32;1mNEMO:[m [1;33m[SYSTEM] (3003.739)[0m   SCREEN[0:1] frames(76)
[32;1mNEMO:[m [1;33m[SYSTEM] (3003.739)[0m   SCREEN[0:2] frames(180)
[32;1mNEMO:[m [1;33m[SYSTEM] (3003.739)[0m   SCREEN[0:3] frames(75)
[32;1mNEMO:[m [1;33m[SYSTEM] (3003.739)[0m   CANVAS[17830] bounds(2000,3232/2873,3982) rotate(20.1) screen(0x4) frames(0) damages(0/0.000000)
[32;1mNEMO:[m [1;33m[SYSTEM] (3003.739)[0m   CANVAS[17407] bounds(113,3462/820,4309) rotate(117.3) screen(0x4) frames(75) damages(22300725/0.283568)
[32;1mNEMO:[m [1;33m[SYSTEM] (3003.739)[0m   CANVAS[15709] bounds(3175,2861/3896,3673) rotate(271.6) screen(0xc) frames(75) damages(12825600/0.163086)
[32;1mNEMO:[m [1;33m[SYSTEM] (3003.739)[0m   CANVAS[15594] bounds(2902,3453/3824,4376) rotate(-476.1) screen(0x4) frames(86) damages(40235616/0.446182)
[32;1mNEMO:[m [1;33m[SYSTEM] (3003.739)[0m   CANVAS[14787] bounds(3099,2507/3717,3422) rotate(-79.3) screen(0x4) frames(0) damages(0/0.000000)
[32;1mNEMO:[m [1;33m[SYSTEM] (3003.739)[0m   CANVAS[14572] bounds(1181,2170/2535,2969) rotate(-182.7) screen(0x4) frames(89) damages(62250037/0.667037)
[32;1mNEMO:[m [1;33m[SYSTEM] (3003.739)[0m   CANVAS[14546] bounds(898,2149/1953,2999) rotate(-155.8) screen(0x6) frames(72) damages(33284160/0.440865)
[32;1mNEMO:[m [1;33m[SYSTEM] (3003.739)[0m   CANVAS[14518] bounds(1513,2186/2697,2965) rotate(-548.8) screen(0x4) frames(90) damages(59316480/0.628540)
[32;1mNEMO:[m [1;33m[SYSTEM] (3003.739)[0m   CANVAS[14339] bounds(130,2784/589,3390) rotate(89.0) screen(0x4) frames(2) damages(784384/0.374023)
[32;1mNEMO:[m [1;33m[SYSTEM] (3003.739)[0m   CANVAS[14279] bounds(-98,2083/857,3038) rotate(76.9) screen(0x5) frames(167) damages(105282812/0.601231)
[32;1mNEMO:[m [1;33m[SYSTEM] (3003.739)[0m   CANVAS[13868] bounds(1512,3207/2485,3778) rotate(-2.7) screen(0x4) frames(0) damages(0/0.000000)
[32;1mNEMO:[m [1;33m[SYSTEM] (3003.739)[0m   CANVAS[13091] bounds(1553,3633/2613,4225) rotate(2.0) screen(0x4) frames(0) damages(0/0.000000)
[32;1mNEMO:[m [1;33m[SYSTEM] (3003.739)[0m   CANVAS[12638] bounds(951,3377/1957,4219) rotate(-13.3) screen(0x4) frames(2) damages(576846/0.275062)
[32;1mNEMO:[m [1;33m[SYSTEM] (3003.739)[0m   CANVAS[7848] bounds(-1920,2160/0,3240) rotate(0.0) screen(0x1) frames(0) damages(0/0.000000)
[32;1mNEMO:[m [1;33m[SYSTEM] (3003.739)[0m   CANVAS[7847] bounds(3840,2160/5760,3240) rotate(0.0) screen(0x8) frames(0) damages(0/0.000000)
[32;1mNEMO:[m [1;33m[SYSTEM] (3003.739)[0m   CANVAS[7849] bounds(0,2160/3840,4320) rotate(0.0) screen(0x4) frames(0) damages(0/0.000000)
[32;1mNEMO:[m [1;33m[SYSTEM] (3003.739)[0m   CANVAS[7846] bounds(0,2160/3840,4320) rotate(0.0) screen(0x4) frames(0) damages(0/0.000000)
[32;1mNEMO:[m [1;33m[SYSTEM] (3003.739)[0m   CANVAS[7850] bounds(960,1080/2880,2160) rotate(0.0) screen(0x2) frames(0) damages(0/0.000000)
[32;1mNEMO:[m [1;33m[SYSTEM] (3006.739)[0m SYSTEM[] cpu(0.538818) memory(0.199128)
[32;1mNEMO:[m [1;33m[SYSTEM] (3006.739)[0m   SCREEN[0:0] frames(179)
[32;1mNEMO:[m [1;33m[SYSTEM] (3006.739)[0m   SCREEN[0:1] frames(76)
[32;1mNEMO:[m [1;33m[SYSTEM] (3006.739)[0m   SCREEN[0:2] frames(180)
[32;1mNEMO:[m [1;33m[SYSTEM] (3006.739)[0m   SCREEN[0:3] frames(75)
[32;1mNEMO:[m [1;33m[SYSTEM] (3006.739)[0m   CANVAS[17830] bounds(2000,3232/2873,3982) rotate(20.1) screen(0x4) frames(0) damages(0/0.000000)
[32;1mNEMO:[m [1;33m[SYSTEM] (3006.739)[0m   CANVAS[17407] bounds(168,2600/888,3840) rotate(88.3) screen(0x4) frames(86) damages(33642643/0.373071)
[32;1mNEMO:[m [1;33m[SYSTEM] (3006.739)[0m   CANVAS[15709] bounds(3175,2861/3896,3673) rotate(271.6) screen(0xc) frames(75) damages(12825600/0.163086)
[32;1mNEMO:[m [1;33m[SYSTEM] (3006.739)[0m   CANVAS[15594] bounds(2902,3453/3824,4376) rotate(-476.1) screen(0x4) frames(88) damages(41171328/0.446182)
[32;1mNEMO:[m [1;33m[SYSTEM] (3006.739)[0m   CANVAS[14787] bounds(3099,2507/3717,3422) rotate(-79.3) screen(0x4) frames(0) damages(0/0.000000)
[32;1mNEMO:[m [1;33m[SYSTEM] (3006.739)[0m   CANVAS[14572] bounds(1181,2170/2535,2969) rotate(-182.7) screen(0x4) frames(90) damages(85174308/0.902539)
[32;1mNEMO:[m [1;33m[SYSTEM] (3006.739)[0m   CANVAS[14546] bounds(898,2149/1953,2999) rotate(-155.8) screen(0x6) frames(72) damages(33284160/0.440865)
[32;1mNEMO:[m [1;33m[SYSTEM] (3006.739)[0m   CANVAS[14518] bounds(1513,2186/2697,2965) rotate(-548.8) screen(0x4) frames(90) damages(59316480/0.628540)
[32;1mNEMO:[m [1;33m[SYSTEM] (3006.739)[0m   CANVAS[14339] bounds(119,2771/591,3381) rotate(86.5) screen(0x4) frames(6) damages(1241748/0.197371)
[32;1mNEMO:[m [1;33m[SYSTEM] (3006.739)[0m   CANVAS[14279] bounds(-98,2083/857,3038) rotate(76.9) screen(0x5) frames(179) damages(112848044/0.601231)
[32;1mNEMO:[m [1;33m[SYSTEM] (3006.739)[0m   CANVAS[13868] bounds(1512,3207/2485,3778) rotate(-2.7) screen(0x4) frames(0) damages(0/0.000000)
[32;1mNEMO:[m [1;33m[SYSTEM] (3006.739)[0m   CANVAS[13091] bounds(1553,3633/2613,4225) rotate(2.0) screen(0x4) frames(0) damages(0/0.000000)
[32;1mNEMO:[m [1;33m[SYSTEM] (3006.739)[0m   CANVAS[12638] bounds(951,3377/1957,4219) rotate(-13.3) screen(0x4) frames(0) damages(0/0.000000)
[32;1mNEMO:[m [1;33m[SYSTEM] (3006.739)[0m   CANVAS[7848] bounds(-1920,2160/0,3240) rotate(0.0) screen(0x1) frames(0) damages(0/0.000000)
[32;1mNEMO:[m [1;33m[SYSTEM] (3006.739)[0m   CANVAS[7847] bounds(3840,2160/5760,3240) rotate(0.0) screen(0x8) frames(0) damages(0/0.000000)
[32;1mNEMO:[m [1;33m[SYSTEM] (3006.739)[0m   CANVAS[7849] bounds(0,2160/3840,4320) rotate(0.0) screen(0x4) frames(0) damages(0/0.000000)
[32;1mNEMO:[m [1;33m[SYSTEM] (3006.739)[0m   CANVAS[7846] bounds(0,2160/3840,4320) rotate(0.0) screen(0x4) frames(0) damages(0/0.000000)
[32;1mNEMO:[m [1;33m[SYSTEM] (3006.739)[0m   CANVAS[7850] bounds(960,1080/2880,2160) rotate(0.0) screen(0x2) frames(0) damages(0/0.000000)
[32;1mNEMO:[m [1;33m[SYSTEM] (3009.740)[0m SYSTEM[] cpu(0.538818) memory(0.199188)
[32;1mNEMO:[m [1;33m[SYSTEM] (3009.740)[0m   SCREEN[0:0] frames(179)
[32;1mNEMO:[m [1;33m[SYSTEM] (3009.740)[0m   SCREEN[0:1] frames(73)
[32;1mNEMO:[m [1;33m[SYSTEM] (3009.740)[0m   SCREEN[0:2] frames(180)
[32;1mNEMO:[m [1;33m[SYSTEM] (3009.740)[0m   SCREEN[0:3] frames(105)
[32;1mNEMO:[m [1;33m[SYSTEM] (3009.740)[0m   CANVAS[17830] bounds(2000,3232/2873,3982) rotate(20.1) screen(0x4) frames(0) damages(0/0.000000)
[32;1mNEMO:[m [1;33m[SYSTEM] (3009.740)[0m   CANVAS[17407] bounds(168,2600/888,3840) rotate(88.3) screen(0x4) frames(84) damages(65290092/0.741256)
[32;1mNEMO:[m [1;33m[SYSTEM] (3009.740)[0m   CANVAS[15709] bounds(2813,2592/3866,3777) rotate(268.4) screen(0xc) frames(77) damages(13798784/0.170903)
[32;1mNEMO:[m [1;33m[SYSTEM] (3009.740)[0m   CANVAS[15594] bounds(3015,3663/3682,4330) rotate(-459.0) screen(0x4) frames(92) damages(36380391/0.377120)
[32;1mNEMO:[m [1;33m[SYSTEM] (3009.740)[0m   CANVAS[14787] bounds(3099,2507/3717,3422) rotate(-79.3) screen(0x4) frames(0) damages(0/0.000000)
[32;1mNEMO:[m [1;33m[SYSTEM] (3009.740)[0m   CANVAS[14572] bounds(1181,2170/2535,2969) rotate(-182.7) screen(0x4) frames(90) damages(84942000/0.900078)
[32;1mNEMO:[m [1;33m[SYSTEM] (3009.740)[0m   CANVAS[14546] bounds(898,2149/1953,2999) rotate(-155.8) screen(0x6) frames(72) damages(33284160/0.440865)
[32;1mNEMO:[m [1;33m[SYSTEM] (3009.740)[0m   CANVAS[14518] bounds(1513,2186/2697,2965) rotate(-548.8) screen(0x4) frames(89) damages(58657408/0.628540)
[32;1mNEMO:[m [1;33m[SYSTEM] (3009.740)[0m   CANVAS[14339] bounds(119,2771/591,3381) rotate(86.5) screen(0x4) frames(0) damages(0/0.000000)
[32;1mNEMO:[m [1;33m[SYSTEM] (3009.740)[0m   CANVAS[14279] bounds(-98,2083/857,3038) rotate(76.9) screen(0x5) frames(179) damages(112848044/0.601231)
[32;1mNEMO:[m [1;33m[SYSTEM] (3009.740)[0m   CANVAS[13868] bounds(1512,3207/2485,3778) rotate(-2.7) screen(0x4) frames(0) damages(0/0.000000)
[32;1mNEMO:[m [1;33m[SYSTEM] (3009.740)[0m   CANVAS[13091] bounds(1553,3633/2613,4225) rotate(2.0) screen(0x4) frames(0) damages(0/0.000000)
[32;1mNEMO:[m [1;33m[SYSTEM] (3009.740)[0m   CANVAS[12638] bounds(951,3377/1957,4219) rotate(-13.3) screen(0x4) frames(0) damages(0/0.000000)
[32;1mNEMO:[m [1;33m[SYSTEM] (3009.740)[0m   CANVAS[7848] bounds(-1920,2160/0,3240) rotate(0.0) screen(0x1) frames(0) damages(0/0.000000)
[32;1mNEMO:[m [1;33m[SYSTEM] (3009.740)[0m   CANVAS[7847] bounds(3840,2160/5760,3240) rotate(0.0) screen(0x8) frames(0) damages(0/0.000000)
[32;1mNEMO:[m [1;33m[SYSTEM] (3009.740)[0m   CANVAS[7849] bounds(0,2160/3840,4320) rotate(0.0) screen(0x4) frames(0) damages(0/0.000000)
[32;1mNEMO:[m [1;33m[SYSTEM] (3009.740)[0m   CANVAS[7846] bounds(0,2160/3840,4320) rotate(0.0) screen(0x4) frames(0) damages(0/0.000000)
[32;1mNEMO:[m [1;33m[SYSTEM] (3009.740)[0m   CANVAS[7850] bounds(960,1080/2880,2160) rotate(0.0) screen(0x2) frames(0) damages(0/0.000000)
[32;1mNEMO:[m [1;33m[SYSTEM] (3012.740)[0m SYSTEM[] cpu(0.545776) memory(0.199282)
[32;1mNEMO:[m [1;33m[SYSTEM] (3012.740)[0m   SCREEN[0:0] frames(179)
[32;1mNEMO:[m [1;33m[SYSTEM] (3012.740)[0m   SCREEN[0:1] frames(73)
[32;1mNEMO:[m [1;33m[SYSTEM] (3012.740)[0m   SCREEN[0:2] frames(181)
[32;1mNEMO:[m [1;33m[SYSTEM] (3012.740)[0m   SCREEN[0:3] frames(47)
[32;1mNEMO:[m [1;33m[SYSTEM] (3012.740)[0m   CANVAS[17830] bounds(2000,3232/2873,3982) rotate(20.1) screen(0x4) frames(0) damages(0/0.000000)
[32;1mNEMO:[m [1;33m[SYSTEM] (3012.740)[0m   CANVAS[17407] bounds(168,2600/888,3840) rotate(88.3) screen(0x4) frames(75) damages(60750000/0.772476)
[32;1mNEMO:[m [1;33m[SYSTEM] (3012.740)[0m   CANVAS[15709] bounds(3042,2848/3787,3692) rotate(270.3) screen(0x4) frames(90) damages(22834199/0.241960)
[32;1mNEMO:[m [1;33m[SYSTEM] (3012.740)[0m   CANVAS[15594] bounds(3015,3663/3682,4330) rotate(-459.0) screen(0x4) frames(89) damages(29831983/0.319663)
[32;1mNEMO:[m [1;33m[SYSTEM] (3012.740)[0m   CANVAS[14787] bounds(3099,2507/3717,3422) rotate(-79.3) screen(0x4) frames(0) damages(0/0.000000)
[32;1mNEMO:[m [1;33m[SYSTEM] (3012.740)[0m   CANVAS[14572] bounds(1181,2170/2535,2969) rotate(-182.7) screen(0x4) frames(90) damages(84942000/0.900078)
[32;1mNEMO:[m [1;33m[SYSTEM] (3012.740)[0m   CANVAS[14546] bounds(898,2149/1953,2999) rotate(-155.8) screen(0x6) frames(71) damages(32821880/0.440865)
[32;1mNEMO:[m [1;33m[SYSTEM] (3012.740)[0m   CANVAS[14518] bounds(1513,2186/2697,2965) rotate(-548.8) screen(0x4) frames(90) damages(59316480/0.628540)
[32;1mNEMO:[m [1;33m[SYSTEM] (3012.740)[0m   CANVAS[14339] bounds(119,2771/591,3381) rotate(86.5) screen(0x4) frames(0) damages(0/0.000000)
[32;1mNEMO:[m [1;33m[SYSTEM] (3012.740)[0m   CANVAS[14279] bounds(-98,2083/857,3038) rotate(76.9) screen(0x5) frames(179) damages(112848044/0.601231)
[32;1mNEMO:[m [1;33m[SYSTEM] (3012.740)[0m   CANVAS[13868] bounds(1512,3207/2485,3778) rotate(-2.7) screen(0x4) frames(0) damages(0/0.000000)
[32;1mNEMO:[m [1;33m[SYSTEM] (3012.740)[0m   CANVAS[13091] bounds(1553,3633/2613,4225) rotate(2.0) screen(0x4) frames(0) damages(0/0.000000)
[32;1mNEMO:[m [1;33m[SYSTEM] (3012.740)[0m   CANVAS[12638] bounds(951,3377/1957,4219) rotate(-13.3) screen(0x4) frames(0) damages(0/0.000000)
[32;1mNEMO:[m [1;33m[SYSTEM] (3012.740)[0m   CANVAS[7848] bounds(-1920,2160/0,3240) rotate(0.0) screen(0x1) frames(0) damages(0/0.000000)
[32;1mNEMO:[m [1;33m[SYSTEM] (3012.740)[0m   CANVAS[7847] bounds(3840,2160/5760,3240) rotate(0.0) screen(0x8) frames(0) damages(0/0.000000)
[32;1mNEMO:[m [1;33m[SYSTEM] (3012.740)[0m   CANVAS[7849] bounds(0,2160/3840,4320) rotate(0.0) screen(0x4) frames(0) damages(0/0.000000)
[32;1mNEMO:[m [1;33m[SYSTEM] (3012.740)[0m   CANVAS[7846] bounds(0,2160/3840,4320) rotate(0.0) screen(0x4) frames(0) damages(0/0.000000)
[32;1mNEMO:[m [1;33m[SYSTEM] (3012.740)[0m   CANVAS[7850] bounds(960,1080/2880,2160) rotate(0.0) screen(0x2) frames(0) damages(0/0.000000)
[32;1mNEMO:[m [1;33m[SYSTEM] (3015.740)[0m SYSTEM[] cpu(0.545776) memory(0.199312)
[32;1mNEMO:[m [1;33m[SYSTEM] (3015.740)[0m   SCREEN[0:0] frames(170)
[32;1mNEMO:[m [1;33m[SYSTEM] (3015.740)[0m   SCREEN[0:1] frames(74)
[32;1mNEMO:[m [1;33m[SYSTEM] (3015.740)[0m   SCREEN[0:2] frames(180)
[32;1mNEMO:[m [1;33m[SYSTEM] (3015.740)[0m   SCREEN[0:3] frames(0)
[32;1mNEMO:[m [1;33m[SYSTEM] (3015.740)[0m   CANVAS[17830] bounds(2000,3232/2873,3982) rotate(20.1) screen(0x4) frames(0) damages(0/0.000000)
[32;1mNEMO:[m [1;33m[SYSTEM] (3015.740)[0m   CANVAS[17407] bounds(168,2600/888,3840) rotate(88.3) screen(0x4) frames(75) damages(60750000/0.772476)
[32;1mNEMO:[m [1;33m[SYSTEM] (3015.740)[0m   CANVAS[15709] bounds(3042,2848/3787,3692) rotate(270.3) screen(0x4) frames(75) damages(13728000/0.174561)
[32;1mNEMO:[m [1;33m[SYSTEM] (3015.740)[0m   CANVAS[15594] bounds(3015,3663/3682,4330) rotate(-459.0) screen(0x4) frames(87) damages(29065308/0.318607)
[32;1mNEMO:[m [1;33m[SYSTEM] (3015.740)[0m   CANVAS[14787] bounds(3099,2507/3717,3422) rotate(-79.3) screen(0x4) frames(0) damages(0/0.000000)
[32;1mNEMO:[m [1;33m[SYSTEM] (3015.740)[0m   CANVAS[14572] bounds(1181,2170/2535,2969) rotate(-182.7) screen(0x4) frames(89) damages(83998200/0.900078)
[32;1mNEMO:[m [1;33m[SYSTEM] (3015.740)[0m   CANVAS[14546] bounds(898,2149/1953,2999) rotate(-155.8) screen(0x6) frames(72) damages(33284160/0.440865)
[32;1mNEMO:[m [1;33m[SYSTEM] (3015.740)[0m   CANVAS[14518] bounds(1513,2186/2697,2965) rotate(-548.8) screen(0x4) frames(90) damages(59316480/0.628540)
[32;1mNEMO:[m [1;33m[SYSTEM] (3015.740)[0m   CANVAS[14339] bounds(119,2771/591,3381) rotate(86.5) screen(0x4) frames(0) damages(0/0.000000)
[32;1mNEMO:[m [1;33m[SYSTEM] (3015.740)[0m   CANVAS[14279] bounds(-98,2083/857,3038) rotate(76.9) screen(0x5) frames(170) damages(106643320/0.598253)
[32;1mNEMO:[m [1;33m[SYSTEM] (3015.740)[0m   CANVAS[13868] bounds(1512,3207/2485,3778) rotate(-2.7) screen(0x4) frames(0) damages(0/0.000000)
[32;1mNEMO:[m [1;33m[SYSTEM] (3015.740)[0m   CANVAS[13091] bounds(1553,3633/2613,4225) rotate(2.0) screen(0x4) frames(0) damages(0/0.000000)
[32;1mNEMO:[m [1;33m[SYSTEM] (3015.740)[0m   CANVAS[12638] bounds(951,3377/1957,4219) rotate(-13.3) screen(0x4) frames(0) damages(0/0.000000)
[32;1mNEMO:[m [1;33m[SYSTEM] (3015.740)[0m   CANVAS[7848] bounds(-1920,2160/0,3240) rotate(0.0) screen(0x1) frames(0) damages(0/0.000000)
[32;1mNEMO:[m [1;33m[SYSTEM] (3015.740)[0m   CANVAS[7847] bounds(3840,2160/5760,3240) rotate(0.0) screen(0x8) frames(0) damages(0/0.000000)
[32;1mNEMO:[m [1;33m[SYSTEM] (3015.740)[0m   CANVAS[7849] bounds(0,2160/3840,4320) rotate(0.0) screen(0x4) frames(0) damages(0/0.000000)
[32;1mNEMO:[m [1;33m[SYSTEM] (3015.740)[0m   CANVAS[7846] bounds(0,2160/3840,4320) rotate(0.0) screen(0x4) frames(0) damages(0/0.000000)
[32;1mNEMO:[m [1;33m[SYSTEM] (3015.740)[0m   CANVAS[7850] bounds(960,1080/2880,2160) rotate(0.0) screen(0x2) frames(0) damages(0/0.000000)
[32;1mNEMO:[m [1;33m[SYSTEM] (3018.742)[0m SYSTEM[] cpu(0.512024) memory(0.199462)
[32;1mNEMO:[m [1;33m[SYSTEM] (3018.742)[0m   SCREEN[0:0] frames(172)
[32;1mNEMO:[m [1;33m[SYSTEM] (3018.742)[0m   SCREEN[0:1] frames(74)
[32;1mNEMO:[m [1;33m[SYSTEM] (3018.742)[0m   SCREEN[0:2] frames(179)
[32;1mNEMO:[m [1;33m[SYSTEM] (3018.742)[0m   SCREEN[0:3] frames(0)
[32;1mNEMO:[m [1;33m[SYSTEM] (3018.742)[0m   CANVAS[17830] bounds(2000,3232/2873,3982) rotate(20.1) screen(0x4) frames(0) damages(0/0.000000)
[32;1mNEMO:[m [1;33m[SYSTEM] (3018.742)[0m   CANVAS[17407] bounds(168,2600/888,3840) rotate(88.3) screen(0x4) frames(75) damages(60750000/0.772476)
[32;1mNEMO:[m [1;33m[SYSTEM] (3018.742)[0m   CANVAS[15709] bounds(3042,2848/3787,3692) rotate(270.3) screen(0x4) frames(75) damages(13728000/0.174561)
[32;1mNEMO:[m [1;33m[SYSTEM] (3018.742)[0m   CANVAS[15594] bounds(3015,3663/3682,4330) rotate(-459.0) screen(0x4) frames(88) damages(29399392/0.318607)
[32;1mNEMO:[m [1;33m[SYSTEM] (3018.742)[0m   CANVAS[14787] bounds(3099,2507/3717,3422) rotate(-79.3) screen(0x4) frames(0) damages(0/0.000000)
[32;1mNEMO:[m [1;33m[SYSTEM] (3018.742)[0m   CANVAS[14572] bounds(1181,2170/2535,2969) rotate(-182.7) screen(0x4) frames(90) damages(84942000/0.900078)
[32;1mNEMO:[m [1;33m[SYSTEM] (3018.742)[0m   CANVAS[14546] bounds(898,2149/1953,2999) rotate(-155.8) screen(0x6) frames(72) damages(33284160/0.440865)
[32;1mNEMO:[m [1;33m[SYSTEM] (3018.742)[0m   CANVAS[14518] bounds(1513,2186/2697,2965) rotate(-548.8) screen(0x4) frames(90) damages(59316480/0.628540)
[32;1mNEMO:[m [1;33m[SYSTEM] (3018.742)[0m   CANVAS[14339] bounds(119,2771/591,3381) rotate(86.5) screen(0x4) frames(0) damages(0/0.000000)
[32;1mNEMO:[m [1;33m[SYSTEM] (3018.742)[0m   CANVAS[14279] bounds(-98,2083/857,3038) rotate(76.9) screen(0x5) frames(171) damages(107277824/0.598293)
[32;1mNEMO:[m [1;33m[SYSTEM] (3018.742)[0m   CANVAS[13868] bounds(1512,3207/2485,3778) rotate(-2.7) screen(0x4) frames(0) damages(0/0.000000)
[32;1mNEMO:[m [1;33m[SYSTEM] (3018.742)[0m   CANVAS[13091] bounds(1553,3633/2613,4225) rotate(2.0) screen(0x4) frames(0) damages(0/0.000000)
[32;1mNEMO:[m [1;33m[SYSTEM] (3018.742)[0m   CANVAS[12638] bounds(951,3377/1957,4219) rotate(-13.3) screen(0x4) frames(0) damages(0/0.000000)
[32;1mNEMO:[m [1;33m[SYSTEM] (3018.742)[0m   CANVAS[7848] bounds(-1920,2160/0,3240) rotate(0.0) screen(0x1) frames(0) damages(0/0.000000)
[32;1mNEMO:[m [1;33m[SYSTEM] (3018.742)[0m   CANVAS[7847] bounds(3840,2160/5760,3240) rotate(0.0) screen(0x8) frames(0) damages(0/0.000000)
[32;1mNEMO:[m [1;33m[SYSTEM] (3018.742)[0m   CANVAS[7849] bounds(0,2160/3840,4320) rotate(0.0) screen(0x4) frames(0) damages(0/0.000000)
[32;1mNEMO:[m [1;33m[SYSTEM] (3018.742)[0m   CANVAS[7846] bounds(0,2160/3840,4320) rotate(0.0) screen(0x4) frames(0) damages(0/0.000000)
[32;1mNEMO:[m [1;33m[SYSTEM] (3018.742)[0m   CANVAS[7850] bounds(960,1080/2880,2160) rotate(0.0) screen(0x2) frames(0) damages(0/0.000000)
[32;1mNEMO:[m [1;33m[SYSTEM] (3021.742)[0m SYSTEM[] cpu(0.531128) memory(0.199783)
[32;1mNEMO:[m [1;33m[SYSTEM] (3021.742)[0m   SCREEN[0:0] frames(173)
[32;1mNEMO:[m [1;33m[SYSTEM] (3021.742)[0m   SCREEN[0:1] frames(73)
[32;1mNEMO:[m [1;33m[SYSTEM] (3021.742)[0m   SCREEN[0:2] frames(180)
[32;1mNEMO:[m [1;33m[SYSTEM] (3021.742)[0m   SCREEN[0:3] frames(0)
[32;1mNEMO:[m [1;33m[SYSTEM] (3021.742)[0m   CANVAS[17830] bounds(1434,3388/2403,4095) rotate(1.2) screen(0x4) frames(115) damages(55457600/0.459900)
[32;1mNEMO:[m [1;33m[SYSTEM] (3021.742)[0m   CANVAS[17407] bounds(168,2600/888,3840) rotate(88.3) screen(0x4) frames(82) damages(65297218/0.759418)
[32;1mNEMO:[m [1;33m[SYSTEM] (3021.742)[0m   CANVAS[15709] bounds(3042,2848/3787,3692) rotate(270.3) screen(0x4) frames(75) damages(13728000/0.174561)
[32;1mNEMO:[m [1;33m[SYSTEM] (3021.742)[0m   CANVAS[15594] bounds(3015,3663/3682,4330) rotate(-459.0) screen(0x4) frames(87) damages(29065308/0.318607)
[32;1mNEMO:[m [1;33m[SYSTEM] (3021.742)[0m   CANVAS[14787] bounds(3099,2507/3717,3422) rotate(-79.3) screen(0x4) frames(0) damages(0/0.000000)
[32;1mNEMO:[m [1;33m[SYSTEM] (3021.742)[0m   CANVAS[14572] bounds(1181,2170/2535,2969) rotate(-182.7) screen(0x4) frames(90) damages(84942000/0.900078)
[32;1mNEMO:[m [1;33m[SYSTEM] (3021.742)[0m   CANVAS[14546] bounds(898,2149/1953,2999) rotate(-155.8) screen(0x6) frames(72) damages(33284160/0.440865)
[32;1mNEMO:[m [1;33m[SYSTEM] (3021.742)[0m   CANVAS[14518] bounds(1513,2186/2697,2965) rotate(-548.8) screen(0x4) frames(90) damages(59316480/0.628540)
[32;1mNEMO:[m [1;33m[SYSTEM] (3021.742)[0m   CANVAS[14339] bounds(119,2771/591,3381) rotate(86.5) screen(0x4) frames(0) damages(0/0.000000)
[32;1mNEMO:[m [1;33m[SYSTEM] (3021.742)[0m   CANVAS[14279] bounds(-98,2083/857,3038) rotate(76.9) screen(0x5) frames(173) damages(109065428/0.601231)
[32;1mNEMO:[m [1;33m[SYSTEM] (3021.742)[0m   CANVAS[13868] bounds(1512,3207/2485,3778) rotate(-2.7) screen(0x4) frames(0) damages(0/0.000000)
[32;1mNEMO:[m [1;33m[SYSTEM] (3021.742)[0m   CANVAS[13091] bounds(1553,3633/2613,4225) rotate(2.0) screen(0x4) frames(0) damages(0/0.000000)
[32;1mNEMO:[m [1;33m[SYSTEM] (3021.742)[0m   CANVAS[12638] bounds(951,3377/1957,4219) rotate(-13.3) screen(0x4) frames(0) damages(0/0.000000)
[32;1mNEMO:[m [1;33m[SYSTEM] (3021.742)[0m   CANVAS[7848] bounds(-1920,2160/0,3240) rotate(0.0) screen(0x1) frames(0) damages(0/0.000000)
[32;1mNEMO:[m [1;33m[SYSTEM] (3021.743)[0m   CANVAS[7847] bounds(3840,2160/5760,3240) rotate(0.0) screen(0x8) frames(0) damages(0/0.000000)
[32;1mNEMO:[m [1;33m[SYSTEM] (3021.743)[0m   CANVAS[7849] bounds(0,2160/3840,4320) rotate(0.0) screen(0x4) frames(0) damages(0/0.000000)
[32;1mNEMO:[m [1;33m[SYSTEM] (3021.743)[0m   CANVAS[7846] bounds(0,2160/3840,4320) rotate(0.0) screen(0x4) frames(0) damages(0/0.000000)
[32;1mNEMO:[m [1;33m[SYSTEM] (3021.743)[0m   CANVAS[7850] bounds(960,1080/2880,2160) rotate(0.0) screen(0x2) frames(0) damages(0/0.000000)
[32;1mNEMO:[m [1;33m[SYSTEM] (3024.743)[0m SYSTEM[] cpu(0.531128) memory(0.199839)
[32;1mNEMO:[m [1;33m[SYSTEM] (3024.743)[0m   SCREEN[0:0] frames(148)
[32;1mNEMO:[m [1;33m[SYSTEM] (3024.743)[0m   SCREEN[0:1] frames(76)
[32;1mNEMO:[m [1;33m[SYSTEM] (3024.743)[0m   SCREEN[0:2] frames(180)
[32;1mNEMO:[m [1;33m[SYSTEM] (3024.743)[0m   SCREEN[0:3] frames(0)
[32;1mNEMO:[m [1;33m[SYSTEM] (3024.743)[0m   CANVAS[17830] bounds(1434,3388/2403,4095) rotate(1.2) screen(0x4) frames(61) damages(39364520/0.615425)
[32;1mNEMO:[m [1;33m[SYSTEM] (3024.743)[0m   CANVAS[17407] bounds(168,2600/888,3840) rotate(88.3) screen(0x4) frames(86) damages(66107880/0.733086)
[32;1mNEMO:[m [1;33m[SYSTEM] (3024.743)[0m   CANVAS[15709] bounds(3042,2848/3787,3692) rotate(270.3) screen(0x4) frames(75) damages(13728000/0.174561)
[32;1mNEMO:[m [1;33m[SYSTEM] (3024.743)[0m   CANVAS[15594] bounds(3015,3663/3682,4330) rotate(-459.0) screen(0x4) frames(86) damages(28731224/0.318607)
[32;1mNEMO:[m [1;33m[SYSTEM] (3024.743)[0m   CANVAS[14787] bounds(3099,2507/3717,3422) rotate(-79.3) screen(0x4) frames(0) damages(0/0.000000)
[32;1mNEMO:[m [1;33m[SYSTEM] (3024.743)[0m   CANVAS[14572] bounds(1181,2170/2535,2969) rotate(-182.7) screen(0x4) frames(90) damages(84942000/0.900078)
[32;1mNEMO:[m [1;33m[SYSTEM] (3024.743)[0m   CANVAS[14546] bounds(898,2149/1953,2999) rotate(-155.8) screen(0x6) frames(72) damages(33284160/0.440865)
[32;1mNEMO:[m [1;33m[SYSTEM] (3024.743)[0m   CANVAS[14518] bounds(1513,2186/2697,2965) rotate(-548.8) screen(0x4) frames(90) damages(59316480/0.628540)
[32;1mNEMO:[m [1;33m[SYSTEM] (3024.743)[0m   CANVAS[14339] bounds(119,2771/591,3381) rotate(86.5) screen(0x4) frames(0) damages(0/0.000000)
[32;1mNEMO:[m [1;33m[SYSTEM] (3024.743)[0m   CANVAS[14279] bounds(-98,2083/857,3038) rotate(76.9) screen(0x5) frames(149) damages(93934964/0.601231)
[32;1mNEMO:[m [1;33m[SYSTEM] (3024.743)[0m   CANVAS[13868] bounds(1512,3207/2485,3778) rotate(-2.7) screen(0x4) frames(0) damages(0/0.000000)
[32;1mNEMO:[m [1;33m[SYSTEM] (3024.743)[0m   CANVAS[13091] bounds(1553,3633/2613,4225) rotate(2.0) screen(0x4) frames(0) damages(0/0.000000)
[32;1mNEMO:[m [1;33m[SYSTEM] (3024.743)[0m   CANVAS[12638] bounds(951,3377/1957,4219) rotate(-13.3) screen(0x4) frames(0) damages(0/0.000000)
[32;1mNEMO:[m [1;33m[SYSTEM] (3024.743)[0m   CANVAS[7848] bounds(-1920,2160/0,3240) rotate(0.0) screen(0x1) frames(0) damages(0/0.000000)
[32;1mNEMO:[m [1;33m[SYSTEM] (3024.743)[0m   CANVAS[7847] bounds(3840,2160/5760,3240) rotate(0.0) screen(0x8) frames(0) damages(0/0.000000)
[32;1mNEMO:[m [1;33m[SYSTEM] (3024.743)[0m   CANVAS[7849] bounds(0,2160/3840,4320) rotate(0.0) screen(0x4) frames(0) damages(0/0.000000)
[32;1mNEMO:[m [1;33m[SYSTEM] (3024.743)[0m   CANVAS[7846] bounds(0,2160/3840,4320) rotate(0.0) screen(0x4) frames(0) damages(0/0.000000)
[32;1mNEMO:[m [1;33m[SYSTEM] (3024.743)[0m   CANVAS[7850] bounds(960,1080/2880,2160) rotate(0.0) screen(0x2) frames(0) damages(0/0.000000)
[32;1mNEMO:[m [1;33m[SYSTEM] (3027.743)[0m SYSTEM[] cpu(0.508606) memory(0.199521)
[32;1mNEMO:[m [1;33m[SYSTEM] (3027.743)[0m   SCREEN[0:0] frames(162)
[32;1mNEMO:[m [1;33m[SYSTEM] (3027.743)[0m   SCREEN[0:1] frames(73)
[32;1mNEMO:[m [1;33m[SYSTEM] (3027.743)[0m   SCREEN[0:2] frames(180)
[32;1mNEMO:[m [1;33m[SYSTEM] (3027.743)[0m   SCREEN[0:3] frames(0)
[32;1mNEMO:[m [1;33m[SYSTEM] (3027.743)[0m   CANVAS[17830] bounds(1434,3388/2403,4095) rotate(1.2) screen(0x4) frames(0) damages(0/0.000000)
[32;1mNEMO:[m [1;33m[SYSTEM] (3027.743)[0m   CANVAS[17407] bounds(31,3349/783,4271) rotate(115.0) screen(0x4) frames(88) damages(53958033/0.584754)
[32;1mNEMO:[m [1;33m[SYSTEM] (3027.743)[0m   CANVAS[15709] bounds(3042,2848/3787,3692) rotate(270.3) screen(0x4) frames(75) damages(13728000/0.174561)
[32;1mNEMO:[m [1;33m[SYSTEM] (3027.743)[0m   CANVAS[15594] bounds(3015,3663/3682,4330) rotate(-459.0) screen(0x4) frames(87) damages(29065308/0.318607)
[32;1mNEMO:[m [1;33m[SYSTEM] (3027.743)[0m   CANVAS[14787] bounds(3099,2507/3717,3422) rotate(-79.3) screen(0x4) frames(0) damages(0/0.000000)
[32;1mNEMO:[m [1;33m[SYSTEM] (3027.743)[0m   CANVAS[14572] bounds(1181,2170/2535,2969) rotate(-182.7) screen(0x4) frames(90) damages(84942000/0.900078)
[32;1mNEMO:[m [1;33m[SYSTEM] (3027.743)[0m   CANVAS[14546] bounds(898,2149/1953,2999) rotate(-155.8) screen(0x6) frames(72) damages(33284160/0.440865)
[32;1mNEMO:[m [1;33m[SYSTEM] (3027.743)[0m   CANVAS[14518] bounds(1513,2186/2697,2965) rotate(-548.8) screen(0x4) frames(90) damages(59316480/0.628540)
[32;1mNEMO:[m [1;33m[SYSTEM] (3027.743)[0m   CANVAS[14339] bounds(75,2581/826,3543) rotate(85.6) screen(0x4) frames(0) damages(0/0.000000)
[32;1mNEMO:[m [1;33m[SYSTEM] (3027.743)[0m   CANVAS[14279] bounds(-98,2083/857,3038) rotate(76.9) screen(0x5) frames(159) damages(99669000/0.597810)
[32;1mNEMO:[m [1;33m[SYSTEM] (3027.743)[0m   CANVAS[13868] bounds(1512,3207/2485,3778) rotate(-2.7) screen(0x4) frames(0) damages(0/0.000000)
[32;1mNEMO:[m [1;33m[SYSTEM] (3027.743)[0m   CANVAS[13091] bounds(1553,3633/2613,4225) rotate(2.0) screen(0x4) frames(0) damages(0/0.000000)
[32;1mNEMO:[m [1;33m[SYSTEM] (3027.743)[0m   CANVAS[12638] bounds(951,3377/1957,4219) rotate(-13.3) screen(0x4) frames(0) damages(0/0.000000)
[32;1mNEMO:[m [1;33m[SYSTEM] (3027.743)[0m   CANVAS[7848] bounds(-1920,2160/0,3240) rotate(0.0) screen(0x1) frames(0) damages(0/0.000000)
[32;1mNEMO:[m [1;33m[SYSTEM] (3027.743)[0m   CANVAS[7847] bounds(3840,2160/5760,3240) rotate(0.0) screen(0x8) frames(0) damages(0/0.000000)
[32;1mNEMO:[m [1;33m[SYSTEM] (3027.743)[0m   CANVAS[7849] bounds(0,2160/3840,4320) rotate(0.0) screen(0x4) frames(0) damages(0/0.000000)
[32;1mNEMO:[m [1;33m[SYSTEM] (3027.743)[0m   CANVAS[7846] bounds(0,2160/3840,4320) rotate(0.0) screen(0x4) frames(0) damages(0/0.000000)
[32;1mNEMO:[m [1;33m[SYSTEM] (3027.743)[0m   CANVAS[7850] bounds(960,1080/2880,2160) rotate(0.0) screen(0x2) frames(0) damages(0/0.000000)
[32;1mNEMO:[m [1;33m[SYSTEM] (3030.743)[0m SYSTEM[] cpu(0.508606) memory(0.199687)
[32;1mNEMO:[m [1;33m[SYSTEM] (3030.743)[0m   SCREEN[0:0] frames(142)
[32;1mNEMO:[m [1;33m[SYSTEM] (3030.743)[0m   SCREEN[0:1] frames(74)
[32;1mNEMO:[m [1;33m[SYSTEM] (3030.743)[0m   SCREEN[0:2] frames(180)
[32;1mNEMO:[m [1;33m[SYSTEM] (3030.743)[0m   SCREEN[0:3] frames(0)
[32;1mNEMO:[m [1;33m[SYSTEM] (3030.743)[0m   CANVAS[17830] bounds(1434,3388/2403,4095) rotate(1.2) screen(0x4) frames(0) damages(0/0.000000)
[32;1mNEMO:[m [1;33m[SYSTEM] (3030.743)[0m   CANVAS[17407] bounds(31,3349/783,4271) rotate(115.0) screen(0x4) frames(83) damages(29607900/0.340196)
[32;1mNEMO:[m [1;33m[SYSTEM] (3030.743)[0m   CANVAS[15709] bounds(3042,2848/3787,3692) rotate(270.3) screen(0x4) frames(75) damages(13728000/0.174561)
[32;1mNEMO:[m [1;33m[SYSTEM] (3030.743)[0m   CANVAS[15594] bounds(3015,3663/3682,4330) rotate(-459.0) screen(0x4) frames(88) damages(29399392/0.318607)
[32;1mNEMO:[m [1;33m[SYSTEM] (3030.743)[0m   CANVAS[14787] bounds(3099,2507/3717,3422) rotate(-79.3) screen(0x4) frames(0) damages(0/0.000000)
[32;1mNEMO:[m [1;33m[SYSTEM] (3030.743)[0m   CANVAS[14572] bounds(1181,2170/2535,2969) rotate(-182.7) screen(0x4) frames(90) damages(84942000/0.900078)
[32;1mNEMO:[m [1;33m[SYSTEM] (3030.743)[0m   CANVAS[14546] bounds(898,2149/1953,2999) rotate(-155.8) screen(0x6) frames(72) damages(33284160/0.440865)
[32;1mNEMO:[m [1;33m[SYSTEM] (3030.743)[0m   CANVAS[14518] bounds(1513,2186/2697,2965) rotate(-548.8) screen(0x4) frames(90) damages(59316480/0.628540)
[32;1mNEMO:[m [1;33m[SYSTEM] (3030.743)[0m   CANVAS[14339] bounds(147,3005/741,3773) rotate(93.6) screen(0x4) frames(5) damages(2000483/0.381562)
[32;1mNEMO:[m [1;33m[SYSTEM] (3030.743)[0m   CANVAS[14279] bounds(14,2436/803,3225) rotate(68.2) screen(0x4) frames(151) damages(92827036/0.586270)
[32;1mNEMO:[m [1;33m[SYSTEM] (3030.743)[0m   CANVAS[13868] bounds(1512,3207/2485,3778) rotate(-2.7) screen(0x4) frames(0) damages(0/0.000000)
[32;1mNEMO:[m [1;33m[SYSTEM] (3030.743)[0m   CANVAS[13091] bounds(1553,3633/2613,4225) rotate(2.0) screen(0x4) frames(0) damages(0/0.000000)
[32;1mNEMO:[m [1;33m[SYSTEM] (3030.743)[0m   CANVAS[12638] bounds(951,3377/1957,4219) rotate(-13.3) screen(0x4) frames(0) damages(0/0.000000)
[32;1mNEMO:[m [1;33m[SYSTEM] (3030.743)[0m   CANVAS[7848] bounds(-1920,2160/0,3240) rotate(0.0) screen(0x1) frames(0) damages(0/0.000000)
[32;1mNEMO:[m [1;33m[SYSTEM] (3030.743)[0m   CANVAS[7847] bounds(3840,2160/5760,3240) rotate(0.0) screen(0x8) frames(0) damages(0/0.000000)
[32;1mNEMO:[m [1;33m[SYSTEM] (3030.743)[0m   CANVAS[7849] bounds(0,2160/3840,4320) rotate(0.0) screen(0x4) frames(0) damages(0/0.000000)
[32;1mNEMO:[m [1;33m[SYSTEM] (3030.743)[0m   CANVAS[7846] bounds(0,2160/3840,4320) rotate(0.0) screen(0x4) frames(0) damages(0/0.000000)
[32;1mNEMO:[m [1;33m[SYSTEM] (3030.743)[0m   CANVAS[7850] bounds(960,1080/2880,2160) rotate(0.0) screen(0x2) frames(0) damages(0/0.000000)
[32;1mNEMO:[m [1;33m[SYSTEM] (3033.743)[0m SYSTEM[] cpu(0.517944) memory(0.199679)
[32;1mNEMO:[m [1;33m[SYSTEM] (3033.744)[0m   SCREEN[0:0] frames(0)
[32;1mNEMO:[m [1;33m[SYSTEM] (3033.744)[0m   SCREEN[0:1] frames(78)
[32;1mNEMO:[m [1;33m[SYSTEM] (3033.744)[0m   SCREEN[0:2] frames(180)
[32;1mNEMO:[m [1;33m[SYSTEM] (3033.744)[0m   SCREEN[0:3] frames(0)
[32;1mNEMO:[m [1;33m[SYSTEM] (3033.744)[0m   CANVAS[17830] bounds(1434,3388/2403,4095) rotate(1.2) screen(0x4) frames(0) damages(0/0.000000)
[32;1mNEMO:[m [1;33m[SYSTEM] (3033.744)[0m   CANVAS[17407] bounds(31,3349/783,4271) rotate(115.0) screen(0x4) frames(74) damages(26205176/0.337719)
[32;1mNEMO:[m [1;33m[SYSTEM] (3033.744)[0m   CANVAS[15709] bounds(3042,2848/3787,3692) rotate(270.3) screen(0x4) frames(75) damages(13728000/0.174561)
[32;1mNEMO:[m [1;33m[SYSTEM] (3033.744)[0m   CANVAS[15594] bounds(3015,3663/3682,4330) rotate(-459.0) screen(0x4) frames(87) damages(29065308/0.318607)
[32;1mNEMO:[m [1;33m[SYSTEM] (3033.744)[0m   CANVAS[14787] bounds(3099,2507/3717,3422) rotate(-79.3) screen(0x4) frames(0) damages(0/0.000000)
[32;1mNEMO:[m [1;33m[SYSTEM] (3033.744)[0m   CANVAS[14572] bounds(2485,2660/3356,3884) rotate(-104.3) screen(0x4) frames(90) damages(85493961/0.905927)
[32;1mNEMO:[m [1;33m[SYSTEM] (3033.744)[0m   CANVAS[14546] bounds(898,2149/1953,2999) rotate(-155.8) screen(0x6) frames(72) damages(33284160/0.440865)
[32;1mNEMO:[m [1;33m[SYSTEM] (3033.744)[0m   CANVAS[14518] bounds(1513,2186/2697,2965) rotate(-548.8) screen(0x4) frames(90) damages(59316480/0.628540)
[32;1mNEMO:[m [1;33m[SYSTEM] (3033.744)[0m   CANVAS[14339] bounds(147,3005/741,3773) rotate(93.6) screen(0x4) frames(0) damages(0/0.000000)
[32;1mNEMO:[m [1;33m[SYSTEM] (3033.744)[0m   CANVAS[14279] bounds(14,2436/803,3225) rotate(68.2) screen(0x4) frames(175) damages(64266300/0.350224)
[32;1mNEMO:[m [1;33m[SYSTEM] (3033.744)[0m   CANVAS[13868] bounds(1512,3207/2485,3778) rotate(-2.7) screen(0x4) frames(0) damages(0/0.000000)
[32;1mNEMO:[m [1;33m[SYSTEM] (3033.744)[0m   CANVAS[13091] bounds(1553,3633/2613,4225) rotate(2.0) screen(0x4) frames(0) damages(0/0.000000)
[32;1mNEMO:[m [1;33m[SYSTEM] (3033.744)[0m   CANVAS[12638] bounds(951,3377/1957,4219) rotate(-13.3) screen(0x4) frames(0) damages(0/0.000000)
[32;1mNEMO:[m [1;33m[SYSTEM] (3033.744)[0m   CANVAS[7848] bounds(-1920,2160/0,3240) rotate(0.0) screen(0x1) frames(0) damages(0/0.000000)
[32;1mNEMO:[m [1;33m[SYSTEM] (3033.744)[0m   CANVAS[7847] bounds(3840,2160/5760,3240) rotate(0.0) screen(0x8) frames(0) damages(0/0.000000)
[32;1mNEMO:[m [1;33m[SYSTEM] (3033.744)[0m   CANVAS[7849] bounds(0,2160/3840,4320) rotate(0.0) screen(0x4) frames(0) damages(0/0.000000)
[32;1mNEMO:[m [1;33m[SYSTEM] (3033.744)[0m   CANVAS[7846] bounds(0,2160/3840,4320) rotate(0.0) screen(0x4) frames(0) damages(0/0.000000)
[32;1mNEMO:[m [1;33m[SYSTEM] (3033.744)[0m   CANVAS[7850] bounds(960,1080/2880,2160) rotate(0.0) screen(0x2) frames(0) damages(0/0.000000)
[32;1mNEMO:[m [1;33m[SYSTEM] (3036.744)[0m SYSTEM[] cpu(0.536560) memory(0.199378)
[32;1mNEMO:[m [1;33m[SYSTEM] (3036.744)[0m   SCREEN[0:0] frames(0)
[32;1mNEMO:[m [1;33m[SYSTEM] (3036.744)[0m   SCREEN[0:1] frames(45)
[32;1mNEMO:[m [1;33m[SYSTEM] (3036.744)[0m   SCREEN[0:2] frames(180)
[32;1mNEMO:[m [1;33m[SYSTEM] (3036.744)[0m   SCREEN[0:3] frames(0)
[32;1mNEMO:[m [1;33m[SYSTEM] (3036.744)[0m   CANVAS[17830] bounds(1434,3388/2403,4095) rotate(1.2) screen(0x4) frames(0) damages(0/0.000000)
[32;1mNEMO:[m [1;33m[SYSTEM] (3036.744)[0m   CANVAS[17407] bounds(31,3349/783,4271) rotate(115.0) screen(0x4) frames(75) damages(26559300/0.337719)
[32;1mNEMO:[m [1;33m[SYSTEM] (3036.744)[0m   CANVAS[15709] bounds(3042,2848/3787,3692) rotate(270.3) screen(0x4) frames(75) damages(13728000/0.174561)
[32;1mNEMO:[m [1;33m[SYSTEM] (3036.744)[0m   CANVAS[15594] bounds(3015,3663/3682,4330) rotate(-459.0) screen(0x4) frames(88) damages(29437633/0.319022)
[32;1mNEMO:[m [1;33m[SYSTEM] (3036.744)[0m   CANVAS[14787] bounds(3099,2507/3717,3422) rotate(-79.3) screen(0x4) frames(0) damages(0/0.000000)
[32;1mNEMO:[m [1;33m[SYSTEM] (3036.744)[0m   CANVAS[14572] bounds(2487,2662/3352,3888) rotate(-103.7) screen(0x4) frames(90) damages(56610352/0.599865)
[32;1mNEMO:[m [1;33m[SYSTEM] (3036.744)[0m   CANVAS[14546] bounds(770,2233/1591,2786) rotate(-169.5) screen(0x4) frames(82) damages(36044938/0.419209)
[32;1mNEMO:[m [1;33m[SYSTEM] (3036.744)[0m   CANVAS[14518] bounds(1513,2186/2697,2965) rotate(-548.8) screen(0x4) frames(89) damages(58657408/0.628540)
[32;1mNEMO:[m [1;33m[SYSTEM] (3036.744)[0m   CANVAS[14339] bounds(147,3005/741,3773) rotate(93.6) screen(0x4) frames(0) damages(0/0.000000)
[32;1mNEMO:[m [1;33m[SYSTEM] (3036.744)[0m   CANVAS[14279] bounds(14,2436/803,3225) rotate(68.2) screen(0x4) frames(175) damages(64266300/0.350224)
[32;1mNEMO:[m [1;33m[SYSTEM] (3036.744)[0m   CANVAS[13868] bounds(1512,3207/2485,3778) rotate(-2.7) screen(0x4) frames(0) damages(0/0.000000)
[32;1mNEMO:[m [1;33m[SYSTEM] (3036.744)[0m   CANVAS[13091] bounds(1553,3633/2613,4225) rotate(2.0) screen(0x4) frames(0) damages(0/0.000000)
[32;1mNEMO:[m [1;33m[SYSTEM] (3036.744)[0m   CANVAS[12638] bounds(951,3377/1957,4219) rotate(-13.3) screen(0x4) frames(0) damages(0/0.000000)
[32;1mNEMO:[m [1;33m[SYSTEM] (3036.744)[0m   CANVAS[7848] bounds(-1920,2160/0,3240) rotate(0.0) screen(0x1) frames(0) damages(0/0.000000)
[32;1mNEMO:[m [1;33m[SYSTEM] (3036.744)[0m   CANVAS[7847] bounds(3840,2160/5760,3240) rotate(0.0) screen(0x8) frames(0) damages(0/0.000000)
[32;1mNEMO:[m [1;33m[SYSTEM] (3036.744)[0m   CANVAS[7849] bounds(0,2160/3840,4320) rotate(0.0) screen(0x4) frames(0) damages(0/0.000000)
[32;1mNEMO:[m [1;33m[SYSTEM] (3036.744)[0m   CANVAS[7846] bounds(0,2160/3840,4320) rotate(0.0) screen(0x4) frames(0) damages(0/0.000000)
[32;1mNEMO:[m [1;33m[SYSTEM] (3036.744)[0m   CANVAS[7850] bounds(960,1080/2880,2160) rotate(0.0) screen(0x2) frames(0) damages(0/0.000000)
[32;1mNEMO:[m [1;33m[SYSTEM] (3039.744)[0m SYSTEM[] cpu(0.536560) memory(0.199438)
[32;1mNEMO:[m [1;33m[SYSTEM] (3039.744)[0m   SCREEN[0:0] frames(0)
[32;1mNEMO:[m [1;33m[SYSTEM] (3039.744)[0m   SCREEN[0:1] frames(1)
[32;1mNEMO:[m [1;33m[SYSTEM] (3039.744)[0m   SCREEN[0:2] frames(180)
[32;1mNEMO:[m [1;33m[SYSTEM] (3039.744)[0m   SCREEN[0:3] frames(0)
[32;1mNEMO:[m [1;33m[SYSTEM] (3039.744)[0m   CANVAS[17830] bounds(1434,3388/2403,4095) rotate(1.2) screen(0x4) frames(0) damages(0/0.000000)
[32;1mNEMO:[m [1;33m[SYSTEM] (3039.744)[0m   CANVAS[17407] bounds(31,3349/783,4271) rotate(115.0) screen(0x4) frames(76) damages(26913424/0.337719)
[32;1mNEMO:[m [1;33m[SYSTEM] (3039.744)[0m   CANVAS[15709] bounds(3042,2848/3787,3692) rotate(270.3) screen(0x4) frames(75) damages(13728000/0.174561)
[32;1mNEMO:[m [1;33m[SYSTEM] (3039.744)[0m   CANVAS[15594] bounds(3015,3663/3682,4330) rotate(-459.0) screen(0x4) frames(90) damages(28562582/0.302660)
[32;1mNEMO:[m [1;33m[SYSTEM] (3039.744)[0m   CANVAS[14787] bounds(3099,2507/3717,3422) rotate(-79.3) screen(0x4) frames(0) damages(0/0.000000)
[32;1mNEMO:[m [1;33m[SYSTEM] (3039.744)[0m   CANVAS[14572] bounds(2245,2377/3400,3583) rotate(-130.6) screen(0x4) frames(90) damages(60307548/0.639042)
[32;1mNEMO:[m [1;33m[SYSTEM] (3039.744)[0m   CANVAS[14546] bounds(770,2233/1591,2786) rotate(-169.5) screen(0x4) frames(85) damages(24675650/0.276853)
[32;1mNEMO:[m [1;33m[SYSTEM] (3039.744)[0m   CANVAS[14518] bounds(1403,2190/2367,2754) rotate(-537.9) screen(0x4) frames(92) damages(51249222/0.531251)
[32;1mNEMO:[m [1;33m[SYSTEM] (3039.744)[0m   CANVAS[14339] bounds(147,3005/741,3773) rotate(93.6) screen(0x4) frames(0) damages(0/0.000000)
[32;1mNEMO:[m [1;33m[SYSTEM] (3039.744)[0m   CANVAS[14279] bounds(14,2436/803,3225) rotate(68.2) screen(0x4) frames(177) damages(64713672/0.348677)
[32;1mNEMO:[m [1;33m[SYSTEM] (3039.744)[0m   CANVAS[13868] bounds(1512,3207/2485,3778) rotate(-2.7) screen(0x4) frames(0) damages(0/0.000000)
[32;1mNEMO:[m [1;33m[SYSTEM] (3039.744)[0m   CANVAS[13091] bounds(1553,3633/2613,4225) rotate(2.0) screen(0x4) frames(0) damages(0/0.000000)
[32;1mNEMO:[m [1;33m[SYSTEM] (3039.744)[0m   CANVAS[12638] bounds(951,3377/1957,4219) rotate(-13.3) screen(0x4) frames(0) damages(0/0.000000)
[32;1mNEMO:[m [1;33m[SYSTEM] (3039.744)[0m   CANVAS[7848] bounds(-1920,2160/0,3240) rotate(0.0) screen(0x1) frames(0) damages(0/0.000000)
[32;1mNEMO:[m [1;33m[SYSTEM] (3039.744)[0m   CANVAS[7847] bounds(3840,2160/5760,3240) rotate(0.0) screen(0x8) frames(0) damages(0/0.000000)
[32;1mNEMO:[m [1;33m[SYSTEM] (3039.744)[0m   CANVAS[7849] bounds(0,2160/3840,4320) rotate(0.0) screen(0x4) frames(0) damages(0/0.000000)
[32;1mNEMO:[m [1;33m[SYSTEM] (3039.744)[0m   CANVAS[7846] bounds(0,2160/3840,4320) rotate(0.0) screen(0x4) frames(0) damages(0/0.000000)
[32;1mNEMO:[m [1;33m[SYSTEM] (3039.744)[0m   CANVAS[7850] bounds(960,1080/2880,2160) rotate(0.0) screen(0x2) frames(0) damages(0/0.000000)
[32;1mNEMO:[m [1;33m[SYSTEM] (3042.744)[0m SYSTEM[] cpu(0.553711) memory(0.199551)
[32;1mNEMO:[m [1;33m[SYSTEM] (3042.744)[0m   SCREEN[0:0] frames(0)
[32;1mNEMO:[m [1;33m[SYSTEM] (3042.744)[0m   SCREEN[0:1] frames(142)
[32;1mNEMO:[m [1;33m[SYSTEM] (3042.744)[0m   SCREEN[0:2] frames(180)
[32;1mNEMO:[m [1;33m[SYSTEM] (3042.744)[0m   SCREEN[0:3] frames(0)
[32;1mNEMO:[m [1;33m[SYSTEM] (3042.744)[0m   CANVAS[17830] bounds(1434,3388/2403,4095) rotate(1.2) screen(0x4) frames(0) damages(0/0.000000)
[32;1mNEMO:[m [1;33m[SYSTEM] (3042.745)[0m   CANVAS[17407] bounds(31,3349/783,4271) rotate(115.0) screen(0x4) frames(75) damages(26559300/0.337719)
[32;1mNEMO:[m [1;33m[SYSTEM] (3042.745)[0m   CANVAS[15709] bounds(3042,2848/3787,3692) rotate(270.3) screen(0x4) frames(76) damages(14348860/0.180054)
[32;1mNEMO:[m [1;33m[SYSTEM] (3042.745)[0m   CANVAS[15594] bounds(3015,3663/3682,4330) rotate(-459.0) screen(0x4) frames(87) damages(29075739/0.318722)
[32;1mNEMO:[m [1;33m[SYSTEM] (3042.745)[0m   CANVAS[14787] bounds(3099,2507/3717,3422) rotate(-79.3) screen(0x4) frames(0) damages(0/0.000000)
[32;1mNEMO:[m [1;33m[SYSTEM] (3042.745)[0m   CANVAS[14572] bounds(1809,2061/2938,2942) rotate(-201.5) screen(0x6) frames(91) damages(53074400/0.556216)
[32;1mNEMO:[m [1;33m[SYSTEM] (3042.745)[0m   CANVAS[14546] bounds(770,2233/1591,2786) rotate(-169.5) screen(0x4) frames(72) damages(22314240/0.295563)
[32;1mNEMO:[m [1;33m[SYSTEM] (3042.745)[0m   CANVAS[14518] bounds(1403,2190/2367,2754) rotate(-537.9) screen(0x4) frames(90) damages(43854570/0.464700)
[32;1mNEMO:[m [1;33m[SYSTEM] (3042.745)[0m   CANVAS[14339] bounds(147,3005/741,3773) rotate(93.6) screen(0x4) frames(0) damages(0/0.000000)
[32;1mNEMO:[m [1;33m[SYSTEM] (3042.745)[0m   CANVAS[14279] bounds(14,2436/803,3225) rotate(68.2) screen(0x4) frames(177) damages(65000772/0.350224)
[32;1mNEMO:[m [1;33m[SYSTEM] (3042.745)[0m   CANVAS[13868] bounds(1512,3207/2485,3778) rotate(-2.7) screen(0x4) frames(0) damages(0/0.000000)
[32;1mNEMO:[m [1;33m[SYSTEM] (3042.745)[0m   CANVAS[13091] bounds(1553,3633/2613,4225) rotate(2.0) screen(0x4) frames(0) damages(0/0.000000)
[32;1mNEMO:[m [1;33m[SYSTEM] (3042.745)[0m   CANVAS[12638] bounds(951,3377/1957,4219) rotate(-13.3) screen(0x4) frames(0) damages(0/0.000000)
[32;1mNEMO:[m [1;33m[SYSTEM] (3042.745)[0m   CANVAS[7848] bounds(-1920,2160/0,3240) rotate(0.0) screen(0x1) frames(0) damages(0/0.000000)
[32;1mNEMO:[m [1;33m[SYSTEM] (3042.745)[0m   CANVAS[7847] bounds(3840,2160/5760,3240) rotate(0.0) screen(0x8) frames(0) damages(0/0.000000)
[32;1mNEMO:[m [1;33m[SYSTEM] (3042.745)[0m   CANVAS[7849] bounds(0,2160/3840,4320) rotate(0.0) screen(0x4) frames(0) damages(0/0.000000)
[32;1mNEMO:[m [1;33m[SYSTEM] (3042.745)[0m   CANVAS[7846] bounds(0,2160/3840,4320) rotate(0.0) screen(0x4) frames(0) damages(0/0.000000)
[32;1mNEMO:[m [1;33m[SYSTEM] (3042.745)[0m   CANVAS[7850] bounds(960,1080/2880,2160) rotate(0.0) screen(0x2) frames(0) damages(0/0.000000)
[32;1mNEMO:[m [1;33m[SYSTEM] (3045.745)[0m SYSTEM[] cpu(0.553711) memory(0.199562)
[32;1mNEMO:[m [1;33m[SYSTEM] (3045.745)[0m   SCREEN[0:0] frames(0)
[32;1mNEMO:[m [1;33m[SYSTEM] (3045.745)[0m   SCREEN[0:1] frames(168)
[32;1mNEMO:[m [1;33m[SYSTEM] (3045.745)[0m   SCREEN[0:2] frames(179)
[32;1mNEMO:[m [1;33m[SYSTEM] (3045.745)[0m   SCREEN[0:3] frames(97)
[32;1mNEMO:[m [1;33m[SYSTEM] (3045.745)[0m   CANVAS[17830] bounds(1434,3388/2403,4095) rotate(1.2) screen(0x4) frames(0) damages(0/0.000000)
[32;1mNEMO:[m [1;33m[SYSTEM] (3045.745)[0m   CANVAS[17407] bounds(31,3349/783,4271) rotate(115.0) screen(0x4) frames(81) damages(28553041/0.336177)
[32;1mNEMO:[m [1;33m[SYSTEM] (3045.745)[0m   CANVAS[15709] bounds(3018,2240/3914,3186) rotate(291.3) screen(0xc) frames(76) damages(9898404/0.124209)
[32;1mNEMO:[m [1;33m[SYSTEM] (3045.745)[0m   CANVAS[15594] bounds(3015,3663/3682,4330) rotate(-459.0) screen(0x4) frames(87) damages(29065308/0.318607)
[32;1mNEMO:[m [1;33m[SYSTEM] (3045.745)[0m   CANVAS[14787] bounds(3184,2873/3614,3630) rotate(-90.9) screen(0x4) frames(2) damages(128238/0.061149)
[32;1mNEMO:[m [1;33m[SYSTEM] (3045.745)[0m   CANVAS[14572] bounds(1809,2061/2938,2942) rotate(-201.5) screen(0x6) frames(89) damages(47993704/0.514274)
[32;1mNEMO:[m [1;33m[SYSTEM] (3045.745)[0m   CANVAS[14546] bounds(770,2233/1591,2786) rotate(-169.5) screen(0x4) frames(72) damages(22314240/0.295563)
[32;1mNEMO:[m [1;33m[SYSTEM] (3045.745)[0m   CANVAS[14518] bounds(1403,2190/2367,2754) rotate(-537.9) screen(0x4) frames(90) damages(43607700/0.462084)
[32;1mNEMO:[m [1;33m[SYSTEM] (3045.745)[0m   CANVAS[14339] bounds(147,3005/741,3773) rotate(93.6) screen(0x4) frames(2) damages(402966/0.192149)
[32;1mNEMO:[m [1;33m[SYSTEM] (3045.745)[0m   CANVAS[14279] bounds(14,2436/803,3225) rotate(68.2) screen(0x4) frames(166) damages(60961176/0.350224)
[32;1mNEMO:[m [1;33m[SYSTEM] (3045.745)[0m   CANVAS[13868] bounds(1512,3207/2485,3778) rotate(-2.7) screen(0x4) frames(0) damages(0/0.000000)
[32;1mNEMO:[m [1;33m[SYSTEM] (3045.745)[0m   CANVAS[13091] bounds(1553,3633/2613,4225) rotate(2.0) screen(0x4) frames(0) damages(0/0.000000)
[32;1mNEMO:[m [1;33m[SYSTEM] (3045.745)[0m   CANVAS[12638] bounds(951,3377/1957,4219) rotate(-13.3) screen(0x4) frames(2) damages(576846/0.275062)
[32;1mNEMO:[m [1;33m[SYSTEM] (3045.745)[0m   CANVAS[7848] bounds(-1920,2160/0,3240) rotate(0.0) screen(0x1) frames(0) damages(0/0.000000)
[32;1mNEMO:[m [1;33m[SYSTEM] (3045.745)[0m   CANVAS[7847] bounds(3840,2160/5760,3240) rotate(0.0) screen(0x8) frames(0) damages(0/0.000000)
[32;1mNEMO:[m [1;33m[SYSTEM] (3045.745)[0m   CANVAS[7849] bounds(0,2160/3840,4320) rotate(0.0) screen(0x4) frames(0) damages(0/0.000000)
[32;1mNEMO:[m [1;33m[SYSTEM] (3045.746)[0m   CANVAS[7846] bounds(0,2160/3840,4320) rotate(0.0) screen(0x4) frames(0) damages(0/0.000000)
[32;1mNEMO:[m [1;33m[SYSTEM] (3045.746)[0m   CANVAS[7850] bounds(960,1080/2880,2160) rotate(0.0) screen(0x2) frames(0) damages(0/0.000000)
[32;1mNEMO:[m [1;33m[SYSTEM] (3048.746)[0m SYSTEM[] cpu(0.549377) memory(0.199638)
[32;1mNEMO:[m [1;33m[SYSTEM] (3048.746)[0m   SCREEN[0:0] frames(0)
[32;1mNEMO:[m [1;33m[SYSTEM] (3048.746)[0m   SCREEN[0:1] frames(176)
[32;1mNEMO:[m [1;33m[SYSTEM] (3048.746)[0m   SCREEN[0:2] frames(180)
[32;1mNEMO:[m [1;33m[SYSTEM] (3048.746)[0m   SCREEN[0:3] frames(75)
[32;1mNEMO:[m [1;33m[SYSTEM] (3048.746)[0m   CANVAS[17830] bounds(1434,3388/2403,4095) rotate(1.2) screen(0x4) frames(0) damages(0/0.000000)
[32;1mNEMO:[m [1;33m[SYSTEM] (3048.746)[0m   CANVAS[17407] bounds(31,3349/783,4271) rotate(115.0) screen(0x4) frames(85) damages(28221150/0.316633)
[32;1mNEMO:[m [1;33m[SYSTEM] (3048.746)[0m   CANVAS[15709] bounds(3018,2240/3914,3186) rotate(291.3) screen(0xc) frames(75) damages(6284250/0.079908)
[32;1mNEMO:[m [1;33m[SYSTEM] (3048.746)[0m   CANVAS[15594] bounds(2638,3522/3507,4391) rotate(-678.4) screen(0x4) frames(88) damages(28836065/0.312502)
[32;1mNEMO:[m [1;33m[SYSTEM] (3048.746)[0m   CANVAS[14787] bounds(3150,2812/3620,3597) rotate(-93.5) screen(0x4) frames(8) damages(1503579/0.179241)
[32;1mNEMO:[m [1;33m[SYSTEM] (3048.746)[0m   CANVAS[14572] bounds(1809,2061/2938,2942) rotate(-201.5) screen(0x6) frames(89) damages(47709340/0.511227)
[32;1mNEMO:[m [1;33m[SYSTEM] (3048.746)[0m   CANVAS[14546] bounds(770,2233/1591,2786) rotate(-169.5) screen(0x4) frames(71) damages(22004320/0.295563)
[32;1mNEMO:[m [1;33m[SYSTEM] (3048.746)[0m   CANVAS[14518] bounds(1403,2190/2367,2754) rotate(-537.9) screen(0x4) frames(90) damages(43607700/0.462084)
[32;1mNEMO:[m [1;33m[SYSTEM] (3048.746)[0m   CANVAS[14339] bounds(147,3005/741,3773) rotate(93.6) screen(0x4) frames(0) damages(0/0.000000)
[32;1mNEMO:[m [1;33m[SYSTEM] (3048.746)[0m   CANVAS[14279] bounds(14,2436/803,3225) rotate(68.2) screen(0x4) frames(171) damages(62510256/0.348622)
[32;1mNEMO:[m [1;33m[SYSTEM] (3048.746)[0m   CANVAS[13868] bounds(1512,3207/2485,3778) rotate(-2.7) screen(0x4) frames(0) damages(0/0.000000)
[32;1mNEMO:[m [1;33m[SYSTEM] (3048.746)[0m   CANVAS[13091] bounds(1553,3633/2613,4225) rotate(2.0) screen(0x4) frames(0) damages(0/0.000000)
[32;1mNEMO:[m [1;33m[SYSTEM] (3048.746)[0m   CANVAS[12638] bounds(951,3377/1957,4219) rotate(-13.3) screen(0x4) frames(0) damages(0/0.000000)
[32;1mNEMO:[m [1;33m[SYSTEM] (3048.746)[0m   CANVAS[7848] bounds(-1920,2160/0,3240) rotate(0.0) screen(0x1) frames(0) damages(0/0.000000)
[32;1mNEMO:[m [1;33m[SYSTEM] (3048.746)[0m   CANVAS[7847] bounds(3840,2160/5760,3240) rotate(0.0) screen(0x8) frames(0) damages(0/0.000000)
[32;1mNEMO:[m [1;33m[SYSTEM] (3048.746)[0m   CANVAS[7849] bounds(0,2160/3840,4320) rotate(0.0) screen(0x4) frames(0) damages(0/0.000000)
[32;1mNEMO:[m [1;33m[SYSTEM] (3048.746)[0m   CANVAS[7846] bounds(0,2160/3840,4320) rotate(0.0) screen(0x4) frames(0) damages(0/0.000000)
[32;1mNEMO:[m [1;33m[SYSTEM] (3048.746)[0m   CANVAS[7850] bounds(960,1080/2880,2160) rotate(0.0) screen(0x2) frames(0) damages(0/0.000000)
[32;1mNEMO:[m [1;33m[SYSTEM] (3051.746)[0m SYSTEM[] cpu(0.525391) memory(0.199570)
[32;1mNEMO:[m [1;33m[SYSTEM] (3051.746)[0m   SCREEN[0:0] frames(0)
[32;1mNEMO:[m [1;33m[SYSTEM] (3051.746)[0m   SCREEN[0:1] frames(179)
[32;1mNEMO:[m [1;33m[SYSTEM] (3051.746)[0m   SCREEN[0:2] frames(180)
[32;1mNEMO:[m [1;33m[SYSTEM] (3051.746)[0m   SCREEN[0:3] frames(75)
[32;1mNEMO:[m [1;33m[SYSTEM] (3051.746)[0m   CANVAS[17830] bounds(1161,3421/2010,4111) rotate(-12.7) screen(0x4) frames(63) damages(35938816/0.544031)
[32;1mNEMO:[m [1;33m[SYSTEM] (3051.746)[0m   CANVAS[17407] bounds(31,3349/783,4271) rotate(115.0) screen(0x4) frames(75) damages(26559300/0.337719)
[32;1mNEMO:[m [1;33m[SYSTEM] (3051.746)[0m   CANVAS[15709] bounds(3018,2240/3914,3186) rotate(291.3) screen(0xc) frames(75) damages(6284250/0.079908)
[32;1mNEMO:[m [1;33m[SYSTEM] (3051.746)[0m   CANVAS[15594] bounds(2656,3538/3480,4361) rotate(-682.0) screen(0x4) frames(92) damages(29552967/0.306347)
[32;1mNEMO:[m [1;33m[SYSTEM] (3051.746)[0m   CANVAS[14787] bounds(3150,2812/3620,3597) rotate(-93.5) screen(0x4) frames(0) damages(0/0.000000)
[32;1mNEMO:[m [1;33m[SYSTEM] (3051.746)[0m   CANVAS[14572] bounds(1809,2061/2938,2942) rotate(-201.5) screen(0x6) frames(90) damages(48245400/0.511227)
[32;1mNEMO:[m [1;33m[SYSTEM] (3051.746)[0m   CANVAS[14546] bounds(770,2233/1591,2786) rotate(-169.5) screen(0x4) frames(72) damages(22314240/0.295563)
[32;1mNEMO:[m [1;33m[SYSTEM] (3051.746)[0m   CANVAS[14518] bounds(1403,2190/2367,2754) rotate(-537.9) screen(0x4) frames(90) damages(43607700/0.462084)
[32;1mNEMO:[m [1;33m[SYSTEM] (3051.746)[0m   CANVAS[14339] bounds(147,3005/741,3773) rotate(93.6) screen(0x4) frames(0) damages(0/0.000000)
[32;1mNEMO:[m [1;33m[SYSTEM] (3051.746)[0m   CANVAS[14279] bounds(14,2436/803,3225) rotate(68.2) screen(0x4) frames(175) damages(64266300/0.350224)
[32;1mNEMO:[m [1;33m[SYSTEM] (3051.746)[0m   CANVAS[13868] bounds(1512,3207/2485,3778) rotate(-2.7) screen(0x4) frames(0) damages(0/0.000000)
[32;1mNEMO:[m [1;33m[SYSTEM] (3051.746)[0m   CANVAS[13091] bounds(1553,3633/2613,4225) rotate(2.0) screen(0x4) frames(0) damages(0/0.000000)
[32;1mNEMO:[m [1;33m[SYSTEM] (3051.746)[0m   CANVAS[12638] bounds(951,3377/1957,4219) rotate(-13.3) screen(0x4) frames(0) damages(0/0.000000)
[32;1mNEMO:[m [1;33m[SYSTEM] (3051.746)[0m   CANVAS[7848] bounds(-1920,2160/0,3240) rotate(0.0) screen(0x1) frames(0) damages(0/0.000000)
[32;1mNEMO:[m [1;33m[SYSTEM] (3051.747)[0m   CANVAS[7847] bounds(3840,2160/5760,3240) rotate(0.0) screen(0x8) frames(0) damages(0/0.000000)
[32;1mNEMO:[m [1;33m[SYSTEM] (3051.747)[0m   CANVAS[7849] bounds(0,2160/3840,4320) rotate(0.0) screen(0x4) frames(0) damages(0/0.000000)
[32;1mNEMO:[m [1;33m[SYSTEM] (3051.747)[0m   CANVAS[7846] bounds(0,2160/3840,4320) rotate(0.0) screen(0x4) frames(0) damages(0/0.000000)
[32;1mNEMO:[m [1;33m[SYSTEM] (3051.747)[0m   CANVAS[7850] bounds(960,1080/2880,2160) rotate(0.0) screen(0x2) frames(0) damages(0/0.000000)
[32;1mNEMO:[m [1;33m[SYSTEM] (3054.747)[0m SYSTEM[] cpu(0.525391) memory(0.199701)
[32;1mNEMO:[m [1;33m[SYSTEM] (3054.747)[0m   SCREEN[0:0] frames(0)
[32;1mNEMO:[m [1;33m[SYSTEM] (3054.747)[0m   SCREEN[0:1] frames(173)
[32;1mNEMO:[m [1;33m[SYSTEM] (3054.747)[0m   SCREEN[0:2] frames(179)
[32;1mNEMO:[m [1;33m[SYSTEM] (3054.747)[0m   SCREEN[0:3] frames(75)
[32;1mNEMO:[m [1;33m[SYSTEM] (3054.747)[0m   CANVAS[17830] bounds(1161,3421/2010,4111) rotate(-12.7) screen(0x4) frames(60) damages(23793120/0.378181)
[32;1mNEMO:[m [1;33m[SYSTEM] (3054.747)[0m   CANVAS[17407] bounds(31,3349/783,4271) rotate(115.0) screen(0x4) frames(76) damages(26913424/0.337719)
[32;1mNEMO:[m [1;33m[SYSTEM] (3054.747)[0m   CANVAS[15709] bounds(3018,2240/3914,3186) rotate(291.3) screen(0xc) frames(75) damages(6284250/0.079908)
[32;1mNEMO:[m [1;33m[SYSTEM] (3054.747)[0m   CANVAS[15594] bounds(2656,3538/3480,4361) rotate(-682.0) screen(0x4) frames(88) damages(29807712/0.323032)
[32;1mNEMO:[m [1;33m[SYSTEM] (3054.747)[0m   CANVAS[14787] bounds(3150,2812/3620,3597) rotate(-93.5) screen(0x4) frames(0) damages(0/0.000000)
[32;1mNEMO:[m [1;33m[SYSTEM] (3054.747)[0m   CANVAS[14572] bounds(1809,2061/2938,2942) rotate(-201.5) screen(0x6) frames(90) damages(48245400/0.511227)
[32;1mNEMO:[m [1;33m[SYSTEM] (3054.747)[0m   CANVAS[14546] bounds(770,2233/1591,2786) rotate(-169.5) screen(0x4) frames(73) damages(22624160/0.295563)
[32;1mNEMO:[m [1;33m[SYSTEM] (3054.747)[0m   CANVAS[14518] bounds(1403,2190/2367,2754) rotate(-537.9) screen(0x4) frames(90) damages(43607700/0.462084)
[32;1mNEMO:[m [1;33m[SYSTEM] (3054.747)[0m   CANVAS[14339] bounds(147,3005/741,3773) rotate(93.6) screen(0x4) frames(0) damages(0/0.000000)
[32;1mNEMO:[m [1;33m[SYSTEM] (3054.747)[0m   CANVAS[14279] bounds(14,2436/803,3225) rotate(68.2) screen(0x4) frames(173) damages(63255752/0.348702)
[32;1mNEMO:[m [1;33m[SYSTEM] (3054.747)[0m   CANVAS[13868] bounds(1766,3148/2731,3723) rotate(3.5) screen(0x4) frames(3) damages(1466272/0.466115)
[32;1mNEMO:[m [1;33m[SYSTEM] (3054.747)[0m   CANVAS[13091] bounds(1490,3644/2479,4171) rotate(-0.2) screen(0x4) frames(3) damages(1608556/0.511346)
[32;1mNEMO:[m [1;33m[SYSTEM] (3054.747)[0m   CANVAS[12638] bounds(951,3377/1957,4219) rotate(-13.3) screen(0x4) frames(2) damages(576846/0.275062)
[32;1mNEMO:[m [1;33m[SYSTEM] (3054.747)[0m   CANVAS[7848] bounds(-1920,2160/0,3240) rotate(0.0) screen(0x1) frames(0) damages(0/0.000000)
[32;1mNEMO:[m [1;33m[SYSTEM] (3054.747)[0m   CANVAS[7847] bounds(3840,2160/5760,3240) rotate(0.0) screen(0x8) frames(0) damages(0/0.000000)
[32;1mNEMO:[m [1;33m[SYSTEM] (3054.747)[0m   CANVAS[7849] bounds(0,2160/3840,4320) rotate(0.0) screen(0x4) frames(0) damages(0/0.000000)
[32;1mNEMO:[m [1;33m[SYSTEM] (3054.747)[0m   CANVAS[7846] bounds(0,2160/3840,4320) rotate(0.0) screen(0x4) frames(0) damages(0/0.000000)
[32;1mNEMO:[m [1;33m[SYSTEM] (3054.747)[0m   CANVAS[7850] bounds(960,1080/2880,2160) rotate(0.0) screen(0x2) frames(0) damages(0/0.000000)
[32;1mNEMO:[m [1;33m[SYSTEM] (3057.747)[0m SYSTEM[] cpu(0.553406) memory(0.199739)
[32;1mNEMO:[m [1;33m[SYSTEM] (3057.747)[0m   SCREEN[0:0] frames(0)
[32;1mNEMO:[m [1;33m[SYSTEM] (3057.747)[0m   SCREEN[0:1] frames(169)
[32;1mNEMO:[m [1;33m[SYSTEM] (3057.747)[0m   SCREEN[0:2] frames(180)
[32;1mNEMO:[m [1;33m[SYSTEM] (3057.747)[0m   SCREEN[0:3] frames(75)
[32;1mNEMO:[m [1;33m[SYSTEM] (3057.747)[0m   CANVAS[17830] bounds(1161,3421/2010,4111) rotate(-12.7) screen(0x4) frames(0) damages(0/0.000000)
[32;1mNEMO:[m [1;33m[SYSTEM] (3057.747)[0m   CANVAS[17407] bounds(31,3349/783,4271) rotate(115.0) screen(0x4) frames(74) damages(26205176/0.337719)
[32;1mNEMO:[m [1;33m[SYSTEM] (3057.747)[0m   CANVAS[15709] bounds(3018,2240/3914,3186) rotate(291.3) screen(0xc) frames(75) damages(6284250/0.079908)
[32;1mNEMO:[m [1;33m[SYSTEM] (3057.747)[0m   CANVAS[15594] bounds(2656,3538/3480,4361) rotate(-682.0) screen(0x4) frames(87) damages(29468988/0.323032)
[32;1mNEMO:[m [1;33m[SYSTEM] (3057.747)[0m   CANVAS[14787] bounds(3150,2812/3620,3597) rotate(-93.5) screen(0x4) frames(0) damages(0/0.000000)
[32;1mNEMO:[m [1;33m[SYSTEM] (3057.747)[0m   CANVAS[14572] bounds(1809,2061/2938,2942) rotate(-201.5) screen(0x6) frames(90) damages(48245400/0.511227)
[32;1mNEMO:[m [1;33m[SYSTEM] (3057.747)[0m   CANVAS[14546] bounds(770,2233/1591,2786) rotate(-169.5) screen(0x4) frames(72) damages(22314240/0.295563)
[32;1mNEMO:[m [1;33m[SYSTEM] (3057.747)[0m   CANVAS[14518] bounds(1403,2190/2367,2754) rotate(-537.9) screen(0x4) frames(89) damages(43123170/0.462084)
[32;1mNEMO:[m [1;33m[SYSTEM] (3057.747)[0m   CANVAS[14339] bounds(150,2818/728,3549) rotate(96.9) screen(0x4) frames(2) damages(402966/0.192149)
[32;1mNEMO:[m [1;33m[SYSTEM] (3057.747)[0m   CANVAS[14279] bounds(42,2261/629,2849) rotate(79.7) screen(0x4) frames(176) damages(59425416/0.322003)
[32;1mNEMO:[m [1;33m[SYSTEM] (3057.747)[0m   CANVAS[13868] bounds(1766,3148/2731,3723) rotate(3.5) screen(0x4) frames(0) damages(0/0.000000)
[32;1mNEMO:[m [1;33m[SYSTEM] (3057.747)[0m   CANVAS[13091] bounds(1490,3644/2479,4171) rotate(-0.2) screen(0x4) frames(0) damages(0/0.000000)
[32;1mNEMO:[m [1;33m[SYSTEM] (3057.747)[0m   CANVAS[12638] bounds(951,3377/1957,4219) rotate(-13.3) screen(0x4) frames(0) damages(0/0.000000)
[32;1mNEMO:[m [1;33m[SYSTEM] (3057.747)[0m   CANVAS[7848] bounds(-1920,2160/0,3240) rotate(0.0) screen(0x1) frames(0) damages(0/0.000000)
[32;1mNEMO:[m [1;33m[SYSTEM] (3057.747)[0m   CANVAS[7847] bounds(3840,2160/5760,3240) rotate(0.0) screen(0x8) frames(0) damages(0/0.000000)
[32;1mNEMO:[m [1;33m[SYSTEM] (3057.747)[0m   CANVAS[7849] bounds(0,2160/3840,4320) rotate(0.0) screen(0x4) frames(0) damages(0/0.000000)
[32;1mNEMO:[m [1;33m[SYSTEM] (3057.747)[0m   CANVAS[7846] bounds(0,2160/3840,4320) rotate(0.0) screen(0x4) frames(0) damages(0/0.000000)
[32;1mNEMO:[m [1;33m[SYSTEM] (3057.747)[0m   CANVAS[7850] bounds(960,1080/2880,2160) rotate(0.0) screen(0x2) frames(0) damages(0/0.000000)
[32;1mNEMO:[m [1;33m[SYSTEM] (3060.749)[0m SYSTEM[] cpu(0.553406) memory(0.199764)
[32;1mNEMO:[m [1;33m[SYSTEM] (3060.749)[0m   SCREEN[0:0] frames(0)
[32;1mNEMO:[m [1;33m[SYSTEM] (3060.749)[0m   SCREEN[0:1] frames(174)
[32;1mNEMO:[m [1;33m[SYSTEM] (3060.749)[0m   SCREEN[0:2] frames(180)
[32;1mNEMO:[m [1;33m[SYSTEM] (3060.749)[0m   SCREEN[0:3] frames(75)
[32;1mNEMO:[m [1;33m[SYSTEM] (3060.749)[0m   CANVAS[17830] bounds(1161,3421/2010,4111) rotate(-12.7) screen(0x4) frames(0) damages(0/0.000000)
[32;1mNEMO:[m [1;33m[SYSTEM] (3060.749)[0m   CANVAS[17407] bounds(31,3349/783,4271) rotate(115.0) screen(0x4) frames(75) damages(26559300/0.337719)
[32;1mNEMO:[m [1;33m[SYSTEM] (3060.749)[0m   CANVAS[15709] bounds(3018,2240/3914,3186) rotate(291.3) screen(0xc) frames(75) damages(6284250/0.079908)
[32;1mNEMO:[m [1;33m[SYSTEM] (3060.749)[0m   CANVAS[15594] bounds(3023,3313/3624,3914) rotate(-715.7) screen(0x4) frames(88) damages(29870724/0.323715)
[32;1mNEMO:[m [1;33m[SYSTEM] (3060.749)[0m   CANVAS[14787] bounds(3150,2812/3620,3597) rotate(-93.5) screen(0x4) frames(0) damages(0/0.000000)
[32;1mNEMO:[m [1;33m[SYSTEM] (3060.749)[0m   CANVAS[14572] bounds(1809,2061/2938,2942) rotate(-201.5) screen(0x6) frames(89) damages(47709340/0.511227)
[32;1mNEMO:[m [1;33m[SYSTEM] (3060.749)[0m   CANVAS[14546] bounds(770,2233/1591,2786) rotate(-169.5) screen(0x4) frames(71) damages(22004320/0.295563)
[32;1mNEMO:[m [1;33m[SYSTEM] (3060.749)[0m   CANVAS[14518] bounds(1403,2190/2367,2754) rotate(-537.9) screen(0x4) frames(91) damages(44092230/0.462084)
[32;1mNEMO:[m [1;33m[SYSTEM] (3060.749)[0m   CANVAS[14339] bounds(154,2795/667,3443) rotate(96.1) screen(0x4) frames(5) damages(1042524/0.198846)
[32;1mNEMO:[m [1;33m[SYSTEM] (3060.749)[0m   CANVAS[14279] bounds(42,2261/629,2849) rotate(79.7) screen(0x4) frames(175) damages(44261971/0.241209)
[32;1mNEMO:[m [1;33m[SYSTEM] (3060.749)[0m   CANVAS[13868] bounds(1766,3148/2731,3723) rotate(3.5) screen(0x4) frames(0) damages(0/0.000000)
[32;1mNEMO:[m [1;33m[SYSTEM] (3060.749)[0m   CANVAS[13091] bounds(1490,3644/2479,4171) rotate(-0.2) screen(0x4) frames(0) damages(0/0.000000)
[32;1mNEMO:[m [1;33m[SYSTEM] (3060.749)[0m   CANVAS[12638] bounds(951,3377/1957,4219) rotate(-13.3) screen(0x4) frames(0) damages(0/0.000000)
[32;1mNEMO:[m [1;33m[SYSTEM] (3060.749)[0m   CANVAS[7848] bounds(-1920,2160/0,3240) rotate(0.0) screen(0x1) frames(0) damages(0/0.000000)
[32;1mNEMO:[m [1;33m[SYSTEM] (3060.749)[0m   CANVAS[7847] bounds(3840,2160/5760,3240) rotate(0.0) screen(0x8) frames(0) damages(0/0.000000)
[32;1mNEMO:[m [1;33m[SYSTEM] (3060.749)[0m   CANVAS[7849] bounds(0,2160/3840,4320) rotate(0.0) screen(0x4) frames(0) damages(0/0.000000)
[32;1mNEMO:[m [1;33m[SYSTEM] (3060.749)[0m   CANVAS[7846] bounds(0,2160/3840,4320) rotate(0.0) screen(0x4) frames(0) damages(0/0.000000)
[32;1mNEMO:[m [1;33m[SYSTEM] (3060.749)[0m   CANVAS[7850] bounds(960,1080/2880,2160) rotate(0.0) screen(0x2) frames(0) damages(0/0.000000)
[32;1mNEMO:[m [1;33m[SYSTEM] (3063.749)[0m SYSTEM[] cpu(0.539062) memory(0.199876)
[32;1mNEMO:[m [1;33m[SYSTEM] (3063.749)[0m   SCREEN[0:0] frames(0)
[32;1mNEMO:[m [1;33m[SYSTEM] (3063.749)[0m   SCREEN[0:1] frames(178)
[32;1mNEMO:[m [1;33m[SYSTEM] (3063.749)[0m   SCREEN[0:2] frames(180)
[32;1mNEMO:[m [1;33m[SYSTEM] (3063.749)[0m   SCREEN[0:3] frames(75)
[32;1mNEMO:[m [1;33m[SYSTEM] (3063.749)[0m   CANVAS[17830] bounds(1161,3421/2010,4111) rotate(-12.7) screen(0x4) frames(0) damages(0/0.000000)
[32;1mNEMO:[m [1;33m[SYSTEM] (3063.749)[0m   CANVAS[17407] bounds(31,3349/783,4271) rotate(115.0) screen(0x4) frames(75) damages(26559300/0.337719)
[32;1mNEMO:[m [1;33m[SYSTEM] (3063.749)[0m   CANVAS[15709] bounds(3018,2240/3914,3186) rotate(291.3) screen(0xc) frames(75) damages(6284250/0.079908)
[32;1mNEMO:[m [1;33m[SYSTEM] (3063.749)[0m   CANVAS[15594] bounds(3105,3426/3810,4131) rotate(-799.7) screen(0x4) frames(91) damages(30483893/0.319469)
[32;1mNEMO:[m [1;33m[SYSTEM] (3063.749)[0m   CANVAS[14787] bounds(3150,2812/3620,3597) rotate(-93.5) screen(0x4) frames(0) damages(0/0.000000)
[32;1mNEMO:[m [1;33m[SYSTEM] (3063.749)[0m   CANVAS[14572] bounds(1809,2061/2938,2942) rotate(-201.5) screen(0x6) frames(90) damages(48245400/0.511227)
[32;1mNEMO:[m [1;33m[SYSTEM] (3063.749)[0m   CANVAS[14546] bounds(770,2233/1591,2786) rotate(-169.5) screen(0x4) frames(72) damages(22314240/0.295563)
[32;1mNEMO:[m [1;33m[SYSTEM] (3063.749)[0m   CANVAS[14518] bounds(1403,2190/2367,2754) rotate(-537.9) screen(0x4) frames(90) damages(43607700/0.462084)
[32;1mNEMO:[m [1;33m[SYSTEM] (3063.749)[0m   CANVAS[14339] bounds(154,2795/667,3443) rotate(96.1) screen(0x4) frames(0) damages(0/0.000000)
[32;1mNEMO:[m [1;33m[SYSTEM] (3063.749)[0m   CANVAS[14279] bounds(42,2261/629,2849) rotate(79.7) screen(0x4) frames(177) damages(44960832/0.242249)
[32;1mNEMO:[m [1;33m[SYSTEM] (3063.749)[0m   CANVAS[13868] bounds(1766,3148/2731,3723) rotate(3.5) screen(0x4) frames(0) damages(0/0.000000)
[32;1mNEMO:[m [1;33m[SYSTEM] (3063.749)[0m   CANVAS[13091] bounds(1490,3644/2479,4171) rotate(-0.2) screen(0x4) frames(0) damages(0/0.000000)
[32;1mNEMO:[m [1;33m[SYSTEM] (3063.749)[0m   CANVAS[12638] bounds(951,3377/1957,4219) rotate(-13.3) screen(0x4) frames(0) damages(0/0.000000)
[32;1mNEMO:[m [1;33m[SYSTEM] (3063.749)[0m   CANVAS[7848] bounds(-1920,2160/0,3240) rotate(0.0) screen(0x1) frames(0) damages(0/0.000000)
[32;1mNEMO:[m [1;33m[SYSTEM] (3063.749)[0m   CANVAS[7847] bounds(3840,2160/5760,3240) rotate(0.0) screen(0x8) frames(0) damages(0/0.000000)
[32;1mNEMO:[m [1;33m[SYSTEM] (3063.749)[0m   CANVAS[7849] bounds(0,2160/3840,4320) rotate(0.0) screen(0x4) frames(0) damages(0/0.000000)
[32;1mNEMO:[m [1;33m[SYSTEM] (3063.749)[0m   CANVAS[7846] bounds(0,2160/3840,4320) rotate(0.0) screen(0x4) frames(0) damages(0/0.000000)
[32;1mNEMO:[m [1;33m[SYSTEM] (3063.749)[0m   CANVAS[7850] bounds(960,1080/2880,2160) rotate(0.0) screen(0x2) frames(0) damag