SYSTEM[] cpu(0.264465) memory(0.190241)
SCREEN[0:0] frames(179) 
SCREEN[0:1] frames(76) 
SCREEN[0:2] frames(180) 
SCREEN[0:3] frames(0) 
CANVAS[17407] bounds(127,3399/812,4143) rotate(126.8)
CANVAS[15709] bounds(2864,2612/3750,3586) rotate(261.8)
CANVAS[15594] bounds(2976,2147/3837,3008) rotate(-413.8)
CANVAS[14787] bounds(2795,3195/3799,4341) rotate(-121.8)
CANVAS[14572] bounds(1866,2162/2863,2952) rotate(-202.7)
CANVAS[14546] bounds(496,1926/1630,2955) rotate(-504.7)
CANVAS[14518] bounds(1117,2292/2310,2978) rotate(-538.8)
CANVAS[14339] bounds(-15,3140/505,3809) rotate(93.8)
CANVAS[14279] bounds(-2,2625/973,3600) rotate(110.6)
CANVAS[13868] bounds(1757,3433/2664,4082) rotate(14.7)
CANVAS[13091] bounds(1343,3681/2416,4309) rotate(1.3)
CANVAS[12638] bounds(1048,3425/2171,4336) rotate(-9.0)
CANVAS[7848] bounds(-1920,2160/0,3240) rotate(0.0)
CANVAS[7847] bounds(3840,2160/5760,3240) rotate(0.0)
CANVAS[7849] bounds(0,2160/3840,4320) rotate(0.0)
CANVAS[7846] bounds(0,2160/3840,4320) rotate(0.0)
CANVAS[7850] bounds(960,1080/2880,2160) rotate(0.0)
SYSTEM[] cpu(0.263306) memory(0.190305)
SCREEN[0:0] frames(180) 
SCREEN[0:1] frames(72) 
SCREEN[0:2] frames(180) 
SCREEN[0:3] frames(0) 
CANVAS[17407] bounds(127,3399/812,4143) rotate(126.8)
CANVAS[15709] bounds(2864,2612/3750,3586) rotate(261.8)
CANVAS[15594] bounds(2976,2147/3837,3008) rotate(-413.8)
CANVAS[14787] bounds(2795,3195/3799,4341) rotate(-121.8)
CANVAS[14572] bounds(1866,2162/2863,2952) rotate(-202.7)
CANVAS[14546] bounds(496,1926/1630,2955) rotate(-504.7)
CANVAS[14518] bounds(1117,2292/2310,2978) rotate(-538.8)
CANVAS[14339] bounds(-15,3140/505,3809) rotate(93.8)
CANVAS[14279] bounds(-2,2625/973,3600) rotate(110.6)
CANVAS[13868] bounds(1757,3433/2664,4082) rotate(14.7)
CANVAS[13091] bounds(1343,3681/2416,4309) rotate(1.3)
CANVAS[12638] bounds(1048,3425/2171,4336) rotate(-9.0)
CANVAS[7848] bounds(-1920,2160/0,3240) rotate(0.0)
CANVAS[7847] bounds(3840,2160/5760,3240) rotate(0.0)
CANVAS[7849] bounds(0,2160/3840,4320) rotate(0.0)
CANVAS[7846] bounds(0,2160/3840,4320) rotate(0.0)
CANVAS[7850] bounds(960,1080/2880,2160) rotate(0.0)
SYSTEM[] cpu(0.263306) memory(0.190467)
SCREEN[0:0] frames(179) 
SCREEN[0:1] frames(76) 
SCREEN[0:2] frames(180) 
SCREEN[0:3] frames(0) 
CANVAS[17407] bounds(127,3399/812,4143) rotate(126.8)
CANVAS[15709] bounds(2864,2612/3750,3586) rotate(261.8)
CANVAS[15594] bounds(2976,2147/3837,3008) rotate(-413.8)
CANVAS[14787] bounds(2795,3195/3799,4341) rotate(-121.8)
CANVAS[14572] bounds(1866,2162/2863,2952) rotate(-202.7)
CANVAS[14546] bounds(496,1926/1630,2955) rotate(-504.7)
CANVAS[14518] bounds(1117,2292/2310,2978) rotate(-538.8)
CANVAS[14339] bounds(-15,3140/505,3809) rotate(93.8)
CANVAS[14279] bounds(-2,2625/973,3600) rotate(110.6)
CANVAS[13868] bounds(1757,3433/2664,4082) rotate(14.7)
CANVAS[13091] bounds(1343,3681/2416,4309) rotate(1.3)
CANVAS[12638] bounds(745,3330/1697,4165) rotate(-20.3)
CANVAS[7848] bounds(-1920,2160/0,3240) rotate(0.0)
CANVAS[7847] bounds(3840,2160/5760,3240) rotate(0.0)
CANVAS[7849] bounds(0,2160/3840,4320) rotate(0.0)
CANVAS[7846] bounds(0,2160/3840,4320) rotate(0.0)
CANVAS[7850] bounds(960,1080/2880,2160) rotate(0.0)
SYSTEM[] cpu(0.262207) memory(0.190973)
SCREEN[0:0] frames(174) 
SCREEN[0:1] frames(83) 
SCREEN[0:2] frames(180) 
SCREEN[0:3] frames(0) 
CANVAS[17407] bounds(127,3399/812,4143) rotate(126.8)
CANVAS[15709] bounds(2864,2612/3750,3586) rotate(261.8)
CANVAS[15594] bounds(2976,2147/3837,3008) rotate(-413.8)
CANVAS[14787] bounds(2795,3195/3799,4341) rotate(-121.8)
CANVAS[14572] bounds(1866,2162/2863,2952) rotate(-202.7)
CANVAS[14546] bounds(496,1926/1630,2955) rotate(-504.7)
CANVAS[14518] bounds(1117,2292/2310,2978) rotate(-538.8)
CANVAS[14339] bounds(-15,3140/505,3809) rotate(93.8)
CANVAS[14279] bounds(-2,2625/973,3600) rotate(110.6)
CANVAS[13868] bounds(1679,3222/2675,3793) rotate(1.5)
CANVAS[13091] bounds(1572,3112/3089,4636) rotate(46.0)
CANVAS[12638] bounds(745,3330/1697,4165) rotate(-20.3)
CANVAS[7848] bounds(-1920,2160/0,3240) rotate(0.0)
CANVAS[7847] bounds(3840,2160/5760,3240) rotate(0.0)
CANVAS[7849] bounds(0,2160/3840,4320) rotate(0.0)
CANVAS[7846] bounds(0,2160/3840,4320) rotate(0.0)
CANVAS[7850] bounds(960,1080/2880,2160) rotate(0.0)
SYSTEM[] cpu(0.241150) memory(0.190802)
SCREEN[0:0] frames(180) 
SCREEN[0:1] frames(76) 
SCREEN[0:2] frames(180) 
SCREEN[0:3] frames(0) 
CANVAS[17407] bounds(127,3399/812,4143) rotate(126.8)
CANVAS[15709] bounds(2864,2612/3750,3586) rotate(261.8)
CANVAS[15594] bounds(2976,2147/3837,3008) rotate(-413.8)
CANVAS[14787] bounds(2795,3195/3799,4341) rotate(-121.8)
CANVAS[14572] bounds(1866,2162/2863,2952) rotate(-202.7)
CANVAS[14546] bounds(496,1926/1630,2955) rotate(-504.7)
CANVAS[14518] bounds(1117,2292/2310,2978) rotate(-538.8)
CANVAS[14339] bounds(-15,3140/505,3809) rotate(93.8)
CANVAS[14279] bounds(-2,2625/973,3600) rotate(110.6)
CANVAS[13868] bounds(1679,3222/2675,3793) rotate(1.5)
CANVAS[13091] bounds(1832,3449/2904,4601) rotate(52.4)
CANVAS[12638] bounds(745,3330/1697,4165) rotate(-20.3)
CANVAS[7848] bounds(-1920,2160/0,3240) rotate(0.0)
CANVAS[7847] bounds(3840,2160/5760,3240) rotate(0.0)
CANVAS[7849] bounds(0,2160/3840,4320) rotate(0.0)
CANVAS[7846] bounds(0,2160/3840,4320) rotate(0.0)
CANVAS[7850] bounds(960,1080/2880,2160) rotate(0.0)
SYSTEM[] cpu(0.241150) memory(0.190717)
SCREEN[0:0] frames(178) 
SCREEN[0:1] frames(74) 
SCREEN[0:2] frames(180) 
SCREEN[0:3] frames(0) 
CANVAS[17407] bounds(127,3399/812,4143) rotate(126.8)
CANVAS[15709] bounds(3066,3461/3869,4282) rotate(235.6)
CANVAS[15594] bounds(2976,2147/3837,3008) rotate(-413.8)
CANVAS[14787] bounds(3097,2954/3591,3806) rotate(-91.8)
CANVAS[14572] bounds(1866,2162/2863,2952) rotate(-202.7)
CANVAS[14546] bounds(496,1926/1630,2955) rotate(-504.7)
CANVAS[14518] bounds(1117,2292/2310,2978) rotate(-538.8)
CANVAS[14339] bounds(-15,3140/505,3809) rotate(93.8)
CANVAS[14279] bounds(-2,2625/973,3600) rotate(110.6)
CANVAS[13868] bounds(1679,3222/2675,3793) rotate(1.5)
CANVAS[13091] bounds(1832,3449/2904,4601) rotate(52.4)
CANVAS[12638] bounds(745,3330/1697,4165) rotate(-20.3)
CANVAS[7848] bounds(-1920,2160/0,3240) rotate(0.0)
CANVAS[7847] bounds(3840,2160/5760,3240) rotate(0.0)
CANVAS[7849] bounds(0,2160/3840,4320) rotate(0.0)
CANVAS[7846] bounds(0,2160/3840,4320) rotate(0.0)
CANVAS[7850] bounds(960,1080/2880,2160) rotate(0.0)
SYSTEM[] cpu(0.221802) memory(0.191000)
SCREEN[0:0] frames(178) 
SCREEN[0:1] frames(74) 
SCREEN[0:2] frames(180) 
SCREEN[0:3] frames(2) 
CANVAS[17407] bounds(127,3399/812,4143) rotate(126.8)
CANVAS[15709] bounds(3066,3461/3869,4282) rotate(235.6)
CANVAS[15594] bounds(2897,2351/3729,3184) rotate(-429.1)
CANVAS[14787] bounds(3114,2989/3558,3773) rotate(-450.5)
CANVAS[14572] bounds(1866,2162/2863,2952) rotate(-202.7)
CANVAS[14546] bounds(496,1926/1630,2955) rotate(-504.7)
CANVAS[14518] bounds(1117,2292/2310,2978) rotate(-538.8)
CANVAS[14339] bounds(-15,3140/505,3809) rotate(93.8)
CANVAS[14279] bounds(-2,2625/973,3600) rotate(110.6)
CANVAS[13868] bounds(1679,3222/2675,3793) rotate(1.5)
CANVAS[13091] bounds(1832,3449/2904,4601) rotate(52.4)
CANVAS[12638] bounds(745,3330/1697,4165) rotate(-20.3)
CANVAS[7848] bounds(-1920,2160/0,3240) rotate(0.0)
CANVAS[7847] bounds(3840,2160/5760,3240) rotate(0.0)
CANVAS[7849] bounds(0,2160/3840,4320) rotate(0.0)
CANVAS[7846] bounds(0,2160/3840,4320) rotate(0.0)
CANVAS[7850] bounds(960,1080/2880,2160) rotate(0.0)
SYSTEM[] cpu(0.221802) memory(0.191122)
SCREEN[0:0] frames(168) 
SCREEN[0:1] frames(80) 
SCREEN[0:2] frames(180) 
SCREEN[0:3] frames(0) 
CANVAS[17407] bounds(127,3399/812,4143) rotate(126.8)
CANVAS[15709] bounds(3066,3461/3869,4282) rotate(235.6)
CANVAS[15594] bounds(3078,2808/3609,3339) rotate(-446.2)
CANVAS[14787] bounds(3114,2989/3558,3773) rotate(-450.5)
CANVAS[14572] bounds(1923,2217/3112,2896) rotate(-182.2)
CANVAS[14546] bounds(496,1926/1630,2955) rotate(-504.7)
CANVAS[14518] bounds(1117,2292/2310,2978) rotate(-538.8)
CANVAS[14339] bounds(-15,3140/505,3809) rotate(93.8)
CANVAS[14279] bounds(-2,2625/973,3600) rotate(110.6)
CANVAS[13868] bounds(1679,3222/2675,3793) rotate(1.5)
CANVAS[13091] bounds(1832,3449/2904,4601) rotate(52.4)
CANVAS[12638] bounds(745,3330/1697,4165) rotate(-20.3)
CANVAS[7848] bounds(-1920,2160/0,3240) rotate(0.0)
CANVAS[7847] bounds(3840,2160/5760,3240) rotate(0.0)
CANVAS[7849] bounds(0,2160/3840,4320) rotate(0.0)
CANVAS[7846] bounds(0,2160/3840,4320) rotate(0.0)
CANVAS[7850] bounds(960,1080/2880,2160) rotate(0.0)
SYSTEM[] cpu(0.234070) memory(0.191226)
SCREEN[0:0] frames(178) 
SCREEN[0:1] frames(102) 
SCREEN[0:2] frames(180) 
SCREEN[0:3] frames(0) 
CANVAS[17407] bounds(127,3399/812,4143) rotate(126.8)
CANVAS[15709] bounds(3066,3461/3869,4282) rotate(235.6)
CANVAS[15594] bounds(3078,2808/3609,3339) rotate(-446.2)
CANVAS[14787] bounds(3114,2989/3558,3773) rotate(-450.5)
CANVAS[14572] bounds(2233,2107/3292,2837) rotate(-192.0)
CANVAS[14546] bounds(496,1926/1630,2955) rotate(-504.7)
CANVAS[14518] bounds(1647,2338/2465,2819) rotate(-538.1)
CANVAS[14339] bounds(-15,3140/505,3809) rotate(93.8)
CANVAS[14279] bounds(-2,2625/973,3600) rotate(110.6)
CANVAS[13868] bounds(1679,3222/2675,3793) rotate(1.5)
CANVAS[13091] bounds(1832,3449/2904,4601) rotate(52.4)
CANVAS[12638] bounds(745,3330/1697,4165) rotate(-20.3)
CANVAS[7848] bounds(-1920,2160/0,3240) rotate(0.0)
CANVAS[7847] bounds(3840,2160/5760,3240) rotate(0.0)
CANVAS[7849] bounds(0,2160/3840,4320) rotate(0.0)
CANVAS[7846] bounds(0,2160/3840,4320) rotate(0.0)
CANVAS[7850] bounds(960,1080/2880,2160) rotate(0.0)
SYSTEM[] cpu(0.275391) memory(0.191260)
SCREEN[0:0] frames(180) 
SCREEN[0:1] frames(90) 
SCREEN[0:2] frames(180) 
SCREEN[0:3] frames(0) 
CANVAS[17407] bounds(127,3399/812,4143) rotate(126.8)
CANVAS[15709] bounds(3066,3461/3869,4282) rotate(235.6)
CANVAS[15594] bounds(3078,2808/3609,3339) rotate(-446.2)
CANVAS[14787] bounds(3114,2989/3558,3773) rotate(-450.5)
CANVAS[14572] bounds(2233,2107/3292,2837) rotate(-192.0)
CANVAS[14546] bounds(705,2360/1709,2948) rotate(-542.3)
CANVAS[14518] bounds(1601,2267/2472,2803) rotate(-535.2)
CANVAS[14339] bounds(-15,3140/505,3809) rotate(93.8)
CANVAS[14279] bounds(-2,2625/973,3600) rotate(110.6)
CANVAS[13868] bounds(1679,3222/2675,3793) rotate(1.5)
CANVAS[13091] bounds(1832,3449/2904,4601) rotate(52.4)
CANVAS[12638] bounds(745,3330/1697,4165) rotate(-20.3)
CANVAS[7848] bounds(-1920,2160/0,3240) rotate(0.0)
CANVAS[7847] bounds(3840,2160/5760,3240) rotate(0.0)
CANVAS[7849] bounds(0,2160/3840,4320) rotate(0.0)
CANVAS[7846] bounds(0,2160/3840,4320) rotate(0.0)
CANVAS[7850] bounds(960,1080/2880,2160) rotate(0.0)
SYSTEM[] cpu(0.275391) memory(0.191377)
SCREEN[0:0] frames(178) 
SCREEN[0:1] frames(135) 
SCREEN[0:2] frames(180) 
SCREEN[0:3] frames(0) 
CANVAS[17407] bounds(127,3399/812,4143) rotate(126.8)
CANVAS[15709] bounds(3066,3461/3869,4282) rotate(235.6)
CANVAS[15594] bounds(3078,2808/3609,3339) rotate(-446.2)
CANVAS[14787] bounds(3114,2989/3558,3773) rotate(-450.5)
CANVAS[14572] bounds(2233,2107/3292,2837) rotate(-192.0)
CANVAS[14546] bounds(1003,2122/1820,3278) rotate(-463.9)
CANVAS[14518] bounds(1601,2267/2472,2803) rotate(-535.2)
CANVAS[14339] bounds(-15,3140/505,3809) rotate(93.8)
CANVAS[14279] bounds(-2,2625/973,3600) rotate(110.6)
CANVAS[13868] bounds(1679,3222/2675,3793) rotate(1.5)
CANVAS[13091] bounds(1832,3449/2904,4601) rotate(52.4)
CANVAS[12638] bounds(745,3330/1697,4165) rotate(-20.3)
CANVAS[7848] bounds(-1920,2160/0,3240) rotate(0.0)
CANVAS[7847] bounds(3840,2160/5760,3240) rotate(0.0)
CANVAS[7849] bounds(0,2160/3840,4320) rotate(0.0)
CANVAS[7846] bounds(0,2160/3840,4320) rotate(0.0)
CANVAS[7850] bounds(960,1080/2880,2160) rotate(0.0)
SYSTEM[] cpu(0.263306) memory(0.191434)
SCREEN[0:0] frames(180) 
SCREEN[0:1] frames(87) 
SCREEN[0:2] frames(180) 
SCREEN[0:3] frames(0) 
CANVAS[17407] bounds(127,3399/812,4143) rotate(126.8)
CANVAS[15709] bounds(3066,3461/3869,4282) rotate(235.6)
CANVAS[15594] bounds(3078,2808/3609,3339) rotate(-446.2)
CANVAS[14787] bounds(3114,2989/3558,3773) rotate(-450.5)
CANVAS[14572] bounds(2233,2107/3292,2837) rotate(-192.0)
CANVAS[14546] bounds(898,2149/1953,2999) rotate(-155.8)
CANVAS[14518] bounds(1601,2267/2472,2803) rotate(-535.2)
CANVAS[14339] bounds(-15,3140/505,3809) rotate(93.8)
CANVAS[14279] bounds(-106,2475/1005,3585) rotate(100.5)
CANVAS[13868] bounds(1679,3222/2675,3793) rotate(1.5)
CANVAS[13091] bounds(1832,3449/2904,4601) rotate(52.4)
CANVAS[12638] bounds(745,3330/1697,4165) rotate(-20.3)
CANVAS[7848] bounds(-1920,2160/0,3240) rotate(0.0)
CANVAS[7847] bounds(3840,2160/5760,3240) rotate(0.0)
CANVAS[7849] bounds(0,2160/3840,4320) rotate(0.0)
CANVAS[7846] bounds(0,2160/3840,4320) rotate(0.0)
CANVAS[7850] bounds(960,1080/2880,2160) rotate(0.0)
SYSTEM[] cpu(0.263306) memory(0.191413)
SCREEN[0:0] frames(179) 
SCREEN[0:1] frames(126) 
SCREEN[0:2] frames(180) 
SCREEN[0:3] frames(0) 
CANVAS[17407] bounds(279,3400/1219,4336) rotate(134.5)
CANVAS[15709] bounds(3066,3461/3869,4282) rotate(235.6)
CANVAS[15594] bounds(3078,2808/3609,3339) rotate(-446.2)
CANVAS[14787] bounds(3114,2989/3558,3773) rotate(-450.5)
CANVAS[14572] bounds(2233,2107/3292,2837) rotate(-192.0)
CANVAS[14546] bounds(898,2149/1953,2999) rotate(-155.8)
CANVAS[14518] bounds(1601,2267/2472,2803) rotate(-535.2)
CANVAS[14339] bounds(-15,3140/505,3809) rotate(93.8)
CANVAS[14279] bounds(-25,2277/982,3284) rotate(48.8)
CANVAS[13868] bounds(1679,3222/2675,3793) rotate(1.5)
CANVAS[13091] bounds(1832,3449/2904,4601) rotate(52.4)
CANVAS[12638] bounds(745,3330/1697,4165) rotate(-20.3)
CANVAS[7848] bounds(-1920,2160/0,3240) rotate(0.0)
CANVAS[7847] bounds(3840,2160/5760,3240) rotate(0.0)
CANVAS[7849] bounds(0,2160/3840,4320) rotate(0.0)
CANVAS[7846] bounds(0,2160/3840,4320) rotate(0.0)
CANVAS[7850] bounds(960,1080/2880,2160) rotate(0.0)
SYSTEM[] cpu(0.252197) memory(0.191777)
SCREEN[0:0] frames(180) 
SCREEN[0:1] frames(78) 
SCREEN[0:2] frames(180) 
SCREEN[0:3] frames(0) 
CANVAS[17407] bounds(272,3367/1257,4364) rotate(133.8)
CANVAS[15709] bounds(3066,3461/3869,4282) rotate(235.6)
CANVAS[15594] bounds(3078,2808/3609,3339) rotate(-446.2)
CANVAS[14787] bounds(3114,2989/3558,3773) rotate(-450.5)
CANVAS[14572] bounds(2233,2107/3292,2837) rotate(-192.0)
CANVAS[14546] bounds(898,2149/1953,2999) rotate(-155.8)
CANVAS[14518] bounds(1601,2267/2472,2803) rotate(-535.2)
CANVAS[14339] bounds(106,2850/716,3642) rotate(92.9)
CANVAS[14279] bounds(-25,2277/982,3284) rotate(48.8)
CANVAS[13868] bounds(1679,3222/2675,3793) rotate(1.5)
CANVAS[13091] bounds(1832,3449/2904,4601) rotate(52.4)
CANVAS[12638] bounds(745,3330/1697,4165) rotate(-20.3)
CANVAS[7848] bounds(-1920,2160/0,3240) rotate(0.0)
CANVAS[7847] bounds(3840,2160/5760,3240) rotate(0.0)
CANVAS[7849] bounds(0,2160/3840,4320) rotate(0.0)
CANVAS[7846] bounds(0,2160/3840,4320) rotate(0.0)
CANVAS[7850] bounds(960,1080/2880,2160) rotate(0.0)
SYSTEM[] cpu(0.312134) memory(0.191803)
SCREEN[0:0] frames(178) 
SCREEN[0:1] frames(74) 
SCREEN[0:2] frames(180) 
SCREEN[0:3] frames(0) 
CANVAS[17407] bounds(272,3367/1257,4364) rotate(133.8)
CANVAS[15709] bounds(3066,3461/3869,4282) rotate(235.6)
CANVAS[15594] bounds(3078,2808/3609,3339) rotate(-446.2)
CANVAS[14787] bounds(3114,2989/3558,3773) rotate(-450.5)
CANVAS[14572] bounds(2233,2107/3292,2837) rotate(-192.0)
CANVAS[14546] bounds(898,2149/1953,2999) rotate(-155.8)
CANVAS[14518] bounds(1601,2267/2472,2803) rotate(-535.2)
CANVAS[14339] bounds(106,2850/716,3642) rotate(92.9)
CANVAS[14279] bounds(-25,2277/982,3284) rotate(48.8)
CANVAS[13868] bounds(1679,3222/2675,3793) rotate(1.5)
CANVAS[13091] bounds(1832,3449/2904,4601) rotate(52.4)
CANVAS[12638] bounds(745,3330/1697,4165) rotate(-20.3)
CANVAS[7848] bounds(-1920,2160/0,3240) rotate(0.0)
CANVAS[7847] bounds(3840,2160/5760,3240) rotate(0.0)
CANVAS[7849] bounds(0,2160/3840,4320) rotate(0.0)
CANVAS[7846] bounds(0,2160/3840,4320) rotate(0.0)
CANVAS[7850] bounds(960,1080/2880,2160) rotate(0.0)
SYSTEM[] cpu(0.312134) memory(0.191838)
SCREEN[0:0] frames(176) 
SCREEN[0:1] frames(73) 
SCREEN[0:2] frames(180) 
SCREEN[0:3] frames(0) 
CANVAS[17407] bounds(172,3288/747,4147) rotate(99.9)
CANVAS[15709] bounds(3066,3461/3869,4282) rotate(235.6)
CANVAS[15594] bounds(3078,2808/3609,3339) rotate(-446.2)
CANVAS[14787] bounds(3114,2989/3558,3773) rotate(-450.5)
CANVAS[14572] bounds(2233,2107/3292,2837) rotate(-192.0)
CANVAS[14546] bounds(898,2149/1953,2999) rotate(-155.8)
CANVAS[14518] bounds(1601,2267/2472,2803) rotate(-535.2)
CANVAS[14339] bounds(106,2850/716,3642) rotate(92.9)
CANVAS[14279] bounds(-25,2277/982,3284) rotate(48.8)
CANVAS[13868] bounds(1679,3222/2675,3793) rotate(1.5)
CANVAS[13091] bounds(1832,3449/2904,4601) rotate(52.4)
CANVAS[12638] bounds(1201,3462/2207,4219) rotate(-0.8)
CANVAS[7848] bounds(-1920,2160/0,3240) rotate(0.0)
CANVAS[7847] bounds(3840,2160/5760,3240) rotate(0.0)
CANVAS[7849] bounds(0,2160/3840,4320) rotate(0.0)
CANVAS[7846] bounds(0,2160/3840,4320) rotate(0.0)
CANVAS[7850] bounds(960,1080/2880,2160) rotate(0.0)
SYSTEM[] cpu(0.297119) memory(0.192623)
SCREEN[0:0] frames(177) 
SCREEN[0:1] frames(77) 
SCREEN[0:2] frames(180) 
SCREEN[0:3] frames(0) 
CANVAS[17407] bounds(172,3288/747,4147) rotate(99.9)
CANVAS[15709] bounds(3066,3461/3869,4282) rotate(235.6)
CANVAS[15594] bounds(3078,2808/3609,3339) rotate(-446.2)
CANVAS[14787] bounds(3114,2989/3558,3773) rotate(-450.5)
CANVAS[14572] bounds(2233,2107/3292,2837) rotate(-192.0)
CANVAS[14546] bounds(898,2149/1953,2999) rotate(-155.8)
CANVAS[14518] bounds(1601,2267/2472,2803) rotate(-535.2)
CANVAS[14339] bounds(106,2850/716,3642) rotate(92.9)
CANVAS[14279] bounds(-25,2277/982,3284) rotate(48.8)
CANVAS[13868] bounds(1679,3222/2675,3793) rotate(1.5)
CANVAS[13091] bounds(1832,3449/2904,4601) rotate(52.4)
CANVAS[12638] bounds(996,3245/2104,4203) rotate(-18.3)
CANVAS[7848] bounds(-1920,2160/0,3240) rotate(0.0)
CANVAS[7847] bounds(3840,2160/5760,3240) rotate(0.0)
CANVAS[7849] bounds(0,2160/3840,4320) rotate(0.0)
CANVAS[7846] bounds(0,2160/3840,4320) rotate(0.0)
CANVAS[7850] bounds(960,1080/2880,2160) rotate(0.0)
SYSTEM[] cpu(0.297119) memory(0.192412)
SCREEN[0:0] frames(176) 
SCREEN[0:1] frames(77) 
SCREEN[0:2] frames(180) 
SCREEN[0:3] frames(0) 
CANVAS[17407] bounds(172,3288/747,4147) rotate(99.9)
CANVAS[15709] bounds(3066,3461/3869,4282) rotate(235.6)
CANVAS[15594] bounds(3078,2808/3609,3339) rotate(-446.2)
CANVAS[14787] bounds(3114,2989/3558,3773) rotate(-450.5)
CANVAS[14572] bounds(2233,2107/3292,2837) rotate(-192.0)
CANVAS[14546] bounds(898,2149/1953,2999) rotate(-155.8)
CANVAS[14518] bounds(1601,2267/2472,2803) rotate(-535.2)
CANVAS[14339] bounds(106,2850/716,3642) rotate(92.9)
CANVAS[14279] bounds(-25,2277/982,3284) rotate(48.8)
CANVAS[13868] bounds(1679,3222/2675,3793) rotate(1.5)
CANVAS[13091] bounds(1263,3450/2454,4165) rotate(-4.0)
CANVAS[12638] bounds(996,3245/2104,4203) rotate(-18.3)
CANVAS[7848] bounds(-1920,2160/0,3240) rotate(0.0)
CANVAS[7847] bounds(3840,2160/5760,3240) rotate(0.0)
CANVAS[7849] bounds(0,2160/3840,4320) rotate(0.0)
CANVAS[7846] bounds(0,2160/3840,4320) rotate(0.0)
CANVAS[7850] bounds(960,1080/2880,2160) rotate(0.0)
SYSTEM[] cpu(0.303406) memory(0.192463)
SCREEN[0:0] frames(178) 
SCREEN[0:1] frames(74) 
SCREEN[0:2] frames(180) 
SCREEN[0:3] frames(0) 
CANVAS[17407] bounds(172,3288/747,4147) rotate(99.9)
CANVAS[15709] bounds(3066,3461/3869,4282) rotate(235.6)
CANVAS[15594] bounds(2736,2388/3618,3270) rotate(-455.5)
CANVAS[14787] bounds(2950,3142/3656,3923) rotate(-124.9)
CANVAS[14572] bounds(2233,2107/3292,2837) rotate(-192.0)
CANVAS[14546] bounds(898,2149/1953,2999) rotate(-155.8)
CANVAS[14518] bounds(1601,2267/2472,2803) rotate(-535.2)
CANVAS[14339] bounds(106,2850/716,3642) rotate(92.9)
CANVAS[14279] bounds(-25,2277/982,3284) rotate(48.8)
CANVAS[13868] bounds(1679,3222/2675,3793) rotate(1.5)
CANVAS[13091] bounds(1263,3450/2454,4165) rotate(-4.0)
CANVAS[12638] bounds(996,3245/2104,4203) rotate(-18.3)
CANVAS[7848] bounds(-1920,2160/0,3240) rotate(0.0)
CANVAS[7847] bounds(3840,2160/5760,3240) rotate(0.0)
CANVAS[7849] bounds(0,2160/3840,4320) rotate(0.0)
CANVAS[7846] bounds(0,2160/3840,4320) rotate(0.0)
CANVAS[7850] bounds(960,1080/2880,2160) rotate(0.0)
SYSTEM[] cpu(0.319153) memory(0.192625)
SCREEN[0:0] frames(178) 
SCREEN[0:1] frames(72) 
SCREEN[0:2] frames(180) 
SCREEN[0:3] frames(90) 
CANVAS[17407] bounds(172,3288/747,4147) rotate(99.9)
CANVAS[15709] bounds(3226,2803/3998,3662) rotate(273.8)
CANVAS[15594] bounds(2736,2388/3618,3270) rotate(-455.5)
CANVAS[14787] bounds(2953,3163/3658,3923) rotate(-127.5)
CANVAS[14572] bounds(2233,2107/3292,2837) rotate(-192.0)
CANVAS[14546] bounds(898,2149/1953,2999) rotate(-155.8)
CANVAS[14518] bounds(1601,2267/2472,2803) rotate(-535.2)
CANVAS[14339] bounds(106,2850/716,3642) rotate(92.9)
CANVAS[14279] bounds(-25,2277/982,3284) rotate(48.8)
CANVAS[13868] bounds(1679,3222/2675,3793) rotate(1.5)
CANVAS[13091] bounds(1263,3450/2454,4165) rotate(-4.0)
CANVAS[12638] bounds(996,3245/2104,4203) rotate(-18.3)
CANVAS[7848] bounds(-1920,2160/0,3240) rotate(0.0)
CANVAS[7847] bounds(3840,2160/5760,3240) rotate(0.0)
CANVAS[7849] bounds(0,2160/3840,4320) rotate(0.0)
CANVAS[7846] bounds(0,2160/3840,4320) rotate(0.0)
CANVAS[7850] bounds(960,1080/2880,2160) rotate(0.0)
SYSTEM[] cpu(0.319153) memory(0.192731)
SCREEN[0:0] frames(179) 
SCREEN[0:1] frames(75) 
SCREEN[0:2] frames(180) 
SCREEN[0:3] frames(108) 
CANVAS[17407] bounds(172,3288/747,4147) rotate(99.9)
CANVAS[15709] bounds(3175,2861/3896,3673) rotate(271.6)
CANVAS[15594] bounds(3042,3187/3903,4049) rotate(-463.9)
CANVAS[14787] bounds(2953,3163/3658,3923) rotate(-127.5)
CANVAS[14572] bounds(2233,2107/3292,2837) rotate(-192.0)
CANVAS[14546] bounds(898,2149/1953,2999) rotate(-155.8)
CANVAS[14518] bounds(1601,2267/2472,2803) rotate(-535.2)
CANVAS[14339] bounds(106,2850/716,3642) rotate(92.9)
CANVAS[14279] bounds(-25,2277/982,3284) rotate(48.8)
CANVAS[13868] bounds(1679,3222/2675,3793) rotate(1.5)
CANVAS[13091] bounds(1263,3450/2454,4165) rotate(-4.0)
CANVAS[12638] bounds(996,3245/2104,4203) rotate(-18.3)
CANVAS[7848] bounds(-1920,2160/0,3240) rotate(0.0)
CANVAS[7847] bounds(3840,2160/5760,3240) rotate(0.0)
CANVAS[7849] bounds(0,2160/3840,4320) rotate(0.0)
CANVAS[7846] bounds(0,2160/3840,4320) rotate(0.0)
CANVAS[7850] bounds(960,1080/2880,2160) rotate(0.0)
SYSTEM[] cpu(0.323669) memory(0.192637)
SCREEN[0:0] frames(180) 
SCREEN[0:1] frames(97) 
SCREEN[0:2] frames(181) 
SCREEN[0:3] frames(180) 
CANVAS[17407] bounds(172,3288/747,4147) rotate(99.9)
CANVAS[15709] bounds(3175,2861/3896,3673) rotate(271.6)
CANVAS[15594] bounds(3049,3200/3895,4045) rotate(-463.5)
CANVAS[14787] bounds(2953,3163/3658,3923) rotate(-127.5)
CANVAS[14572] bounds(2592,2359/3357,2821) rotate(-183.9)
CANVAS[14546] bounds(898,2149/1953,2999) rotate(-155.8)
CANVAS[14518] bounds(1601,2267/2472,2803) rotate(-535.2)
CANVAS[14339] bounds(106,2850/716,3642) rotate(92.9)
CANVAS[14279] bounds(-25,2277/982,3284) rotate(48.8)
CANVAS[13868] bounds(1679,3222/2675,3793) rotate(1.5)
CANVAS[13091] bounds(1263,3450/2454,4165) rotate(-4.0)
CANVAS[12638] bounds(996,3245/2104,4203) rotate(-18.3)
CANVAS[7848] bounds(-1920,2160/0,3240) rotate(0.0)
CANVAS[7847] bounds(3840,2160/5760,3240) rotate(0.0)
CANVAS[7849] bounds(0,2160/3840,4320) rotate(0.0)
CANVAS[7846] bounds(0,2160/3840,4320) rotate(0.0)
CANVAS[7850] bounds(960,1080/2880,2160) rotate(0.0)
failed to queue
failed to queue
SYSTEM[] cpu(0.323669) memory(0.192737)
SCREEN[0:0] frames(173) 
SCREEN[0:1] frames(100) 
SCREEN[0:2] frames(180) 
SCREEN[0:3] frames(154) 
CANVAS[17407] bounds(172,3288/747,4147) rotate(99.9)
CANVAS[15709] bounds(3175,2861/3896,3673) rotate(271.6)
CANVAS[15594] bounds(3049,3200/3895,4045) rotate(-463.5)
CANVAS[14787] bounds(2953,3163/3658,3923) rotate(-127.5)
CANVAS[14572] bounds(2592,2359/3357,2821) rotate(-183.9)
CANVAS[14546] bounds(898,2149/1953,2999) rotate(-155.8)
CANVAS[14518] bounds(1513,2186/2697,2965) rotate(-548.8)
CANVAS[14339] bounds(106,2850/716,3642) rotate(92.9)
CANVAS[14279] bounds(-25,2277/982,3284) rotate(48.8)
CANVAS[13868] bounds(1679,3222/2675,3793) rotate(1.5)
CANVAS[13091] bounds(1263,3450/2454,4165) rotate(-4.0)
CANVAS[12638] bounds(996,3245/2104,4203) rotate(-18.3)
CANVAS[7848] bounds(-1920,2160/0,3240) rotate(0.0)
CANVAS[7847] bounds(3840,2160/5760,3240) rotate(0.0)
CANVAS[7849] bounds(0,2160/3840,4320) rotate(0.0)
CANVAS[7846] bounds(0,2160/3840,4320) rotate(0.0)
CANVAS[7850] bounds(960,1080/2880,2160) rotate(0.0)
SYSTEM[] cpu(0.307739) memory(0.192865)
SCREEN[0:0] frames(180) 
SCREEN[0:1] frames(78) 
SCREEN[0:2] frames(180) 
SCREEN[0:3] frames(151) 
CANVAS[17407] bounds(113,3462/820,4309) rotate(117.3)
CANVAS[15709] bounds(3175,2861/3896,3673) rotate(271.6)
CANVAS[15594] bounds(3049,3200/3895,4045) rotate(-463.5)
CANVAS[14787] bounds(2953,3163/3658,3923) rotate(-127.5)
CANVAS[14572] bounds(2592,2359/3357,2821) rotate(-183.9)
CANVAS[14546] bounds(898,2149/1953,2999) rotate(-155.8)
CANVAS[14518] bounds(1513,2186/2697,2965) rotate(-548.8)
CANVAS[14339] bounds(106,2850/716,3642) rotate(92.9)
CANVAS[14279] bounds(-98,2083/857,3038) rotate(76.9)
CANVAS[13868] bounds(1679,3222/2675,3793) rotate(1.5)
CANVAS[13091] bounds(1263,3450/2454,4165) rotate(-4.0)
CANVAS[12638] bounds(996,3245/2104,4203) rotate(-18.3)
CANVAS[7848] bounds(-1920,2160/0,3240) rotate(0.0)
CANVAS[7847] bounds(3840,2160/5760,3240) rotate(0.0)
CANVAS[7849] bounds(0,2160/3840,4320) rotate(0.0)
CANVAS[7846] bounds(0,2160/3840,4320) rotate(0.0)
CANVAS[7850] bounds(960,1080/2880,2160) rotate(0.0)
SYSTEM[] cpu(0.303101) memory(0.192947)
SCREEN[0:0] frames(169) 
SCREEN[0:1] frames(77) 
SCREEN[0:2] frames(180) 
SCREEN[0:3] frames(146) 
CANVAS[17407] bounds(113,3462/820,4309) rotate(117.3)
CANVAS[15709] bounds(3175,2861/3896,3673) rotate(271.6)
CANVAS[15594] bounds(3049,3200/3895,4045) rotate(-463.5)
CANVAS[14787] bounds(2953,3163/3658,3923) rotate(-127.5)
CANVAS[14572] bounds(2592,2359/3357,2821) rotate(-183.9)
CANVAS[14546] bounds(898,2149/1953,2999) rotate(-155.8)
CANVAS[14518] bounds(1513,2186/2697,2965) rotate(-548.8)
CANVAS[14339] bounds(145,2715/956,3773) rotate(87.5)
CANVAS[14279] bounds(-98,2083/857,3038) rotate(76.9)
CANVAS[13868] bounds(1679,3222/2675,3793) rotate(1.5)
CANVAS[13091] bounds(1263,3450/2454,4165) rotate(-4.0)
CANVAS[12638] bounds(996,3245/2104,4203) rotate(-18.3)
CANVAS[7848] bounds(-1920,2160/0,3240) rotate(0.0)
CANVAS[7847] bounds(3840,2160/5760,3240) rotate(0.0)
CANVAS[7849] bounds(0,2160/3840,4320) rotate(0.0)
CANVAS[7846] bounds(0,2160/3840,4320) rotate(0.0)
CANVAS[7850] bounds(960,1080/2880,2160) rotate(0.0)
SYSTEM[] cpu(0.303101) memory(0.193063)
SCREEN[0:0] frames(180) 
SCREEN[0:1] frames(77) 
SCREEN[0:2] frames(180) 
SCREEN[0:3] frames(155) 
CANVAS[17407] bounds(113,3462/820,4309) rotate(117.3)
CANVAS[15709] bounds(3175,2861/3896,3673) rotate(271.6)
CANVAS[15594] bounds(3049,3200/3895,4045) rotate(-463.5)
CANVAS[14787] bounds(2953,3163/3658,3923) rotate(-127.5)
CANVAS[14572] bounds(2592,2359/3357,2821) rotate(-183.9)
CANVAS[14546] bounds(898,2149/1953,2999) rotate(-155.8)
CANVAS[14518] bounds(1513,2186/2697,2965) rotate(-548.8)
CANVAS[14339] bounds(145,2715/956,3773) rotate(87.5)
CANVAS[14279] bounds(-98,2083/857,3038) rotate(76.9)
CANVAS[13868] bounds(1679,3222/2675,3793) rotate(1.5)
CANVAS[13091] bounds(1484,3716/2461,4291) rotate(-3.1)
CANVAS[12638] bounds(996,3245/2104,4203) rotate(-18.3)
CANVAS[7848] bounds(-1920,2160/0,3240) rotate(0.0)
CANVAS[7847] bounds(3840,2160/5760,3240) rotate(0.0)
CANVAS[7849] bounds(0,2160/3840,4320) rotate(0.0)
CANVAS[7846] bounds(0,2160/3840,4320) rotate(0.0)
CANVAS[7850] bounds(960,1080/2880,2160) rotate(0.0)
SYSTEM[] cpu(0.318909) memory(0.193192)
SCREEN[0:0] frames(180) 
SCREEN[0:1] frames(76) 
SCREEN[0:2] frames(180) 
SCREEN[0:3] frames(159) 
CANVAS[17407] bounds(113,3462/820,4309) rotate(117.3)
CANVAS[15709] bounds(3175,2861/3896,3673) rotate(271.6)
CANVAS[15594] bounds(3049,3200/3895,4045) rotate(-463.5)
CANVAS[14787] bounds(2953,3163/3658,3923) rotate(-127.5)
CANVAS[14572] bounds(2592,2359/3357,2821) rotate(-183.9)
CANVAS[14546] bounds(898,2149/1953,2999) rotate(-155.8)
CANVAS[14518] bounds(1513,2186/2697,2965) rotate(-548.8)
CANVAS[14339] bounds(145,2715/956,3773) rotate(87.5)
CANVAS[14279] bounds(-98,2083/857,3038) rotate(76.9)
CANVAS[13868] bounds(1645,3277/2789,4045) rotate(9.1)
CANVAS[13091] bounds(1484,3716/2461,4291) rotate(-3.1)
CANVAS[12638] bounds(1098,3437/2068,4341) rotate(-31.4)
CANVAS[7848] bounds(-1920,2160/0,3240) rotate(0.0)
CANVAS[7847] bounds(3840,2160/5760,3240) rotate(0.0)
CANVAS[7849] bounds(0,2160/3840,4320) rotate(0.0)
CANVAS[7846] bounds(0,2160/3840,4320) rotate(0.0)
CANVAS[7850] bounds(960,1080/2880,2160) rotate(0.0)
SYSTEM[] cpu(0.318909) memory(0.193265)
SCREEN[0:0] frames(179) 
SCREEN[0:1] frames(75) 
SCREEN[0:2] frames(180) 
SCREEN[0:3] frames(121) 
CANVAS[17407] bounds(113,3462/820,4309) rotate(117.3)
CANVAS[15709] bounds(3175,2861/3896,3673) rotate(271.6)
CANVAS[15594] bounds(2902,3453/3824,4376) rotate(-476.1)
CANVAS[14787] bounds(2953,3163/3658,3923) rotate(-127.5)
CANVAS[14572] bounds(2592,2359/3357,2821) rotate(-183.9)
CANVAS[14546] bounds(898,2149/1953,2999) rotate(-155.8)
CANVAS[14518] bounds(1513,2186/2697,2965) rotate(-548.8)
CANVAS[14339] bounds(145,2715/956,3773) rotate(87.5)
CANVAS[14279] bounds(-98,2083/857,3038) rotate(76.9)
CANVAS[13868] bounds(1658,3297/2784,4034) rotate(8.9)
CANVAS[13091] bounds(1484,3716/2461,4291) rotate(-3.1)
CANVAS[12638] bounds(1098,3437/2068,4341) rotate(-31.4)
CANVAS[7848] bounds(-1920,2160/0,3240) rotate(0.0)
CANVAS[7847] bounds(3840,2160/5760,3240) rotate(0.0)
CANVAS[7849] bounds(0,2160/3840,4320) rotate(0.0)
CANVAS[7846] bounds(0,2160/3840,4320) rotate(0.0)
CANVAS[7850] bounds(960,1080/2880,2160) rotate(0.0)
SYSTEM[] cpu(0.313354) memory(0.193443)
SCREEN[0:0] frames(163) 
SCREEN[0:1] frames(77) 
SCREEN[0:2] frames(180) 
SCREEN[0:3] frames(75) 
CANVAS[17407] bounds(113,3462/820,4309) rotate(117.3)
CANVAS[15709] bounds(3175,2861/3896,3673) rotate(271.6)
CANVAS[15594] bounds(2902,3453/3824,4376) rotate(-476.1)
CANVAS[14787] bounds(3117,2763/3564,3491) rotate(-94.9)
CANVAS[14572] bounds(2592,2359/3357,2821) rotate(-183.9)
CANVAS[14546] bounds(898,2149/1953,2999) rotate(-155.8)
CANVAS[14518] bounds(1513,2186/2697,2965) rotate(-548.8)
CANVAS[14339] bounds(145,2715/956,3773) rotate(87.5)
CANVAS[14279] bounds(-98,2083/857,3038) rotate(76.9)
CANVAS[13868] bounds(1658,3297/2784,4034) rotate(8.9)
CANVAS[13091] bounds(1484,3716/2461,4291) rotate(-3.1)
CANVAS[12638] bounds(1098,3437/2068,4341) rotate(-31.4)
CANVAS[7848] bounds(-1920,2160/0,3240) rotate(0.0)
CANVAS[7847] bounds(3840,2160/5760,3240) rotate(0.0)
CANVAS[7849] bounds(0,2160/3840,4320) rotate(0.0)
CANVAS[7846] bounds(0,2160/3840,4320) rotate(0.0)
CANVAS[7850] bounds(960,1080/2880,2160) rotate(0.0)
SYSTEM[] cpu(0.288208) memory(0.193651)
SCREEN[0:0] frames(175) 
SCREEN[0:1] frames(78) 
SCREEN[0:2] frames(180) 
SCREEN[0:3] frames(75) 
CANVAS[17407] bounds(113,3462/820,4309) rotate(117.3)
CANVAS[15709] bounds(3175,2861/3896,3673) rotate(271.6)
CANVAS[15594] bounds(2902,3453/3824,4376) rotate(-476.1)
CANVAS[14787] bounds(3123,2755/3569,3482) rotate(-94.8)
CANVAS[14572] bounds(2592,2359/3357,2821) rotate(-183.9)
CANVAS[14546] bounds(898,2149/1953,2999) rotate(-155.8)
CANVAS[14518] bounds(1513,2186/2697,2965) rotate(-548.8)
CANVAS[14339] bounds(145,2715/956,3773) rotate(87.5)
CANVAS[14279] bounds(-98,2083/857,3038) rotate(76.9)
CANVAS[13868] bounds(1658,3297/2784,4034) rotate(8.9)
CANVAS[13091] bounds(1484,3716/2461,4291) rotate(-3.1)
CANVAS[12638] bounds(1098,3437/2068,4341) rotate(-31.4)
CANVAS[7848] bounds(-1920,2160/0,3240) rotate(0.0)
CANVAS[7847] bounds(3840,2160/5760,3240) rotate(0.0)
CANVAS[7849] bounds(0,2160/3840,4320) rotate(0.0)
CANVAS[7846] bounds(0,2160/3840,4320) rotate(0.0)
CANVAS[7850] bounds(960,1080/2880,2160) rotate(0.0)
SYSTEM[] cpu(0.288208) memory(0.193816)
SCREEN[0:0] frames(178) 
SCREEN[0:1] frames(75) 
SCREEN[0:2] frames(180) 
SCREEN[0:3] frames(75) 
CANVAS[17407] bounds(113,3462/820,4309) rotate(117.3)
CANVAS[15709] bounds(3175,2861/3896,3673) rotate(271.6)
CANVAS[15594] bounds(2902,3453/3824,4376) rotate(-476.1)
CANVAS[14787] bounds(3099,2507/3717,3422) rotate(-79.3)
CANVAS[14572] bounds(2592,2359/3357,2821) rotate(-183.9)
CANVAS[14546] bounds(898,2149/1953,2999) rotate(-155.8)
CANVAS[14518] bounds(1513,2186/2697,2965) rotate(-548.8)
CANVAS[14339] bounds(145,2715/956,3773) rotate(87.5)
CANVAS[14279] bounds(-98,2083/857,3038) rotate(76.9)
CANVAS[13868] bounds(1658,3297/2784,4034) rotate(8.9)
CANVAS[13091] bounds(1484,3716/2461,4291) rotate(-3.1)
CANVAS[12638] bounds(1098,3437/2068,4341) rotate(-31.4)
CANVAS[7848] bounds(-1920,2160/0,3240) rotate(0.0)
CANVAS[7847] bounds(3840,2160/5760,3240) rotate(0.0)
CANVAS[7849] bounds(0,2160/3840,4320) rotate(0.0)
CANVAS[7846] bounds(0,2160/3840,4320) rotate(0.0)
CANVAS[7850] bounds(960,1080/2880,2160) rotate(0.0)
SYSTEM[] cpu(0.275085) memory(0.193940)
SCREEN[0:0] frames(169) 
SCREEN[0:1] frames(75) 
SCREEN[0:2] frames(180) 
SCREEN[0:3] frames(76) 
CANVAS[17407] bounds(113,3462/820,4309) rotate(117.3)
CANVAS[15709] bounds(3175,2861/3896,3673) rotate(271.6)
CANVAS[15594] bounds(2902,3453/3824,4376) rotate(-476.1)
CANVAS[14787] bounds(3099,2507/3717,3422) rotate(-79.3)
CANVAS[14572] bounds(1940,2314/2788,2797) rotate(-180.9)
CANVAS[14546] bounds(898,2149/1953,2999) rotate(-155.8)
CANVAS[14518] bounds(1513,2186/2697,2965) rotate(-548.8)
CANVAS[14339] bounds(145,2715/956,3773) rotate(87.5)
CANVAS[14279] bounds(-98,2083/857,3038) rotate(76.9)
CANVAS[13868] bounds(1658,3297/2784,4034) rotate(8.9)
CANVAS[13091] bounds(1484,3716/2461,4291) rotate(-3.1)
CANVAS[12638] bounds(1098,3437/2068,4341) rotate(-31.4)
CANVAS[7848] bounds(-1920,2160/0,3240) rotate(0.0)
CANVAS[7847] bounds(3840,2160/5760,3240) rotate(0.0)
CANVAS[7849] bounds(0,2160/3840,4320) rotate(0.0)
CANVAS[7846] bounds(0,2160/3840,4320) rotate(0.0)
CANVAS[7850] bounds(960,1080/2880,2160) rotate(0.0)
SYSTEM[] cpu(0.275085) memory(0.194103)
SCREEN[0:0] frames(176) 
SCREEN[0:1] frames(78) 
SCREEN[0:2] frames(180) 
SCREEN[0:3] frames(75) 
CANVAS[17407] bounds(113,3462/820,4309) rotate(117.3)
CANVAS[15709] bounds(3175,2861/3896,3673) rotate(271.6)
CANVAS[15594] bounds(2902,3453/3824,4376) rotate(-476.1)
CANVAS[14787] bounds(3099,2507/3717,3422) rotate(-79.3)
CANVAS[14572] bounds(1940,2314/2788,2797) rotate(-180.9)
CANVAS[14546] bounds(898,2149/1953,2999) rotate(-155.8)
CANVAS[14518] bounds(1513,2186/2697,2965) rotate(-548.8)
CANVAS[14339] bounds(145,2715/956,3773) rotate(87.5)
CANVAS[14279] bounds(-98,2083/857,3038) rotate(76.9)
CANVAS[13868] bounds(1807,3467/2843,4138) rotate(8.2)
CANVAS[13091] bounds(1484,3716/2461,4291) rotate(-3.1)
CANVAS[12638] bounds(1098,3437/2068,4341) rotate(-31.4)
CANVAS[7848] bounds(-1920,2160/0,3240) rotate(0.0)
CANVAS[7847] bounds(3840,2160/5760,3240) rotate(0.0)
CANVAS[7849] bounds(0,2160/3840,4320) rotate(0.0)
CANVAS[7846] bounds(0,2160/3840,4320) rotate(0.0)
CANVAS[7850] bounds(960,1080/2880,2160) rotate(0.0)
SYSTEM[] cpu(0.253052) memory(0.194137)
SCREEN[0:0] frames(177) 
SCREEN[0:1] frames(76) 
SCREEN[0:2] frames(180) 
SCREEN[0:3] frames(76) 
CANVAS[17407] bounds(113,3462/820,4309) rotate(117.3)
CANVAS[15709] bounds(3175,2861/3896,3673) rotate(271.6)
CANVAS[15594] bounds(2902,3453/3824,4376) rotate(-476.1)
CANVAS[14787] bounds(3099,2507/3717,3422) rotate(-79.3)
CANVAS[14572] bounds(1940,2314/2788,2797) rotate(-180.9)
CANVAS[14546] bounds(898,2149/1953,2999) rotate(-155.8)
CANVAS[14518] bounds(1513,2186/2697,2965) rotate(-548.8)
CANVAS[14339] bounds(145,2715/956,3773) rotate(87.5)
CANVAS[14279] bounds(-98,2083/857,3038) rotate(76.9)
CANVAS[13868] bounds(1807,3467/2843,4138) rotate(8.2)
CANVAS[13091] bounds(1484,3716/2461,4291) rotate(-3.1)
CANVAS[12638] bounds(1098,3437/2068,4341) rotate(-31.4)
CANVAS[7848] bounds(-1920,2160/0,3240) rotate(0.0)
CANVAS[7847] bounds(3840,2160/5760,3240) rotate(0.0)
CANVAS[7849] bounds(0,2160/3840,4320) rotate(0.0)
CANVAS[7846] bounds(0,2160/3840,4320) rotate(0.0)
CANVAS[7850] bounds(960,1080/2880,2160) rotate(0.0)
SYSTEM[] cpu(0.272827) memory(0.194160)
SCREEN[0:0] frames(176) 
SCREEN[0:1] frames(77) 
SCREEN[0:2] frames(180) 
SCREEN[0:3] frames(75) 
CANVAS[17407] bounds(113,3462/820,4309) rotate(117.3)
CANVAS[15709] bounds(3175,2861/3896,3673) rotate(271.6)
CANVAS[15594] bounds(2902,3453/3824,4376) rotate(-476.1)
CANVAS[14787] bounds(3099,2507/3717,3422) rotate(-79.3)
CANVAS[14572] bounds(1940,2314/2788,2797) rotate(-180.9)
CANVAS[14546] bounds(898,2149/1953,2999) rotate(-155.8)
CANVAS[14518] bounds(1513,2186/2697,2965) rotate(-548.8)
CANVAS[14339] bounds(145,2715/956,3773) rotate(87.5)
CANVAS[14279] bounds(-98,2083/857,3038) rotate(76.9)
CANVAS[13868] bounds(1807,3467/2843,4138) rotate(8.2)
CANVAS[13091] bounds(1484,3716/2461,4291) rotate(-3.1)
CANVAS[12638] bounds(1098,3437/2068,4341) rotate(-31.4)
CANVAS[7848] bounds(-1920,2160/0,3240) rotate(0.0)
CANVAS[7847] bounds(3840,2160/5760,3240) rotate(0.0)
CANVAS[7849] bounds(0,2160/3840,4320) rotate(0.0)
CANVAS[7846] bounds(0,2160/3840,4320) rotate(0.0)
CANVAS[7850] bounds(960,1080/2880,2160) rotate(0.0)
SYSTEM[] cpu(0.272827) memory(0.194265)
SCREEN[0:0] frames(163) 
SCREEN[0:1] frames(74) 
SCREEN[0:2] frames(179) 
SCREEN[0:3] frames(75) 
CANVAS[17407] bounds(113,3462/820,4309) rotate(117.3)
CANVAS[15709] bounds(3175,2861/3896,3673) rotate(271.6)
CANVAS[15594] bounds(2902,3453/3824,4376) rotate(-476.1)
CANVAS[14787] bounds(3099,2507/3717,3422) rotate(-79.3)
CANVAS[14572] bounds(1940,2314/2788,2797) rotate(-180.9)
CANVAS[14546] bounds(898,2149/1953,2999) rotate(-155.8)
CANVAS[14518] bounds(1513,2186/2697,2965) rotate(-548.8)
CANVAS[14339] bounds(145,2715/956,3773) rotate(87.5)
CANVAS[14279] bounds(-98,2083/857,3038) rotate(76.9)
CANVAS[13868] bounds(1807,3467/2843,4138) rotate(8.2)
CANVAS[13091] bounds(1484,3716/2461,4291) rotate(-3.1)
CANVAS[12638] bounds(1098,3437/2068,4341) rotate(-31.4)
CANVAS[7848] bounds(-1920,2160/0,3240) rotate(0.0)
CANVAS[7847] bounds(3840,2160/5760,3240) rotate(0.0)
CANVAS[7849] bounds(0,2160/3840,4320) rotate(0.0)
CANVAS[7846] bounds(0,2160/3840,4320) rotate(0.0)
CANVAS[7850] bounds(960,1080/2880,2160) rotate(0.0)
SYSTEM[] cpu(0.281067) memory(0.194440)
SCREEN[0:0] frames(178) 
SCREEN[0:1] frames(75) 
SCREEN[0:2] frames(180) 
SCREEN[0:3] frames(75) 
CANVAS[17407] bounds(113,3462/820,4309) rotate(117.3)
CANVAS[15709] bounds(3175,2861/3896,3673) rotate(271.6)
CANVAS[15594] bounds(2902,3453/3824,4376) rotate(-476.1)
CANVAS[14787] bounds(3099,2507/3717,3422) rotate(-79.3)
CANVAS[14572] bounds(1940,2314/2788,2797) rotate(-180.9)
CANVAS[14546] bounds(898,2149/1953,2999) rotate(-155.8)
CANVAS[14518] bounds(1513,2186/2697,2965) rotate(-548.8)
CANVAS[14339] bounds(145,2715/956,3773) rotate(87.5)
CANVAS[14279] bounds(-98,2083/857,3038) rotate(76.9)
CANVAS[13868] bounds(1147,3530/2141,4175) rotate(-8.3)
CANVAS[13091] bounds(1484,3716/2461,4291) rotate(-3.1)
CANVAS[12638] bounds(1098,3437/2068,4341) rotate(-31.4)
CANVAS[7848] bounds(-1920,2160/0,3240) rotate(0.0)
CANVAS[7847] bounds(3840,2160/5760,3240) rotate(0.0)
CANVAS[7849] bounds(0,2160/3840,4320) rotate(0.0)
CANVAS[7846] bounds(0,2160/3840,4320) rotate(0.0)
CANVAS[7850] bounds(960,1080/2880,2160) rotate(0.0)
SYSTEM[] cpu(0.281067) memory(0.194440)
SCREEN[0:0] frames(180) 
SCREEN[0:1] frames(75) 
SCREEN[0:2] frames(180) 
SCREEN[0:3] frames(76) 
CANVAS[17407] bounds(113,3462/820,4309) rotate(117.3)
CANVAS[15709] bounds(3175,2861/3896,3673) rotate(271.6)
CANVAS[15594] bounds(2902,3453/3824,4376) rotate(-476.1)
CANVAS[14787] bounds(3099,2507/3717,3422) rotate(-79.3)
CANVAS[14572] bounds(1940,2314/2788,2797) rotate(-180.9)
CANVAS[14546] bounds(898,2149/1953,2999) rotate(-155.8)
CANVAS[14518] bounds(1513,2186/2697,2965) rotate(-548.8)
CANVAS[14339] bounds(145,2715/956,3773) rotate(87.5)
CANVAS[14279] bounds(-98,2083/857,3038) rotate(76.9)
CANVAS[13868] bounds(1147,3530/2141,4175) rotate(-8.3)
CANVAS[13091] bounds(1484,3716/2461,4291) rotate(-3.1)
CANVAS[12638] bounds(1098,3437/2068,4341) rotate(-31.4)
CANVAS[7848] bounds(-1920,2160/0,3240) rotate(0.0)
CANVAS[7847] bounds(3840,2160/5760,3240) rotate(0.0)
CANVAS[7849] bounds(0,2160/3840,4320) rotate(0.0)
CANVAS[7846] bounds(0,2160/3840,4320) rotate(0.0)
CANVAS[7850] bounds(960,1080/2880,2160) rotate(0.0)
SYSTEM[] cpu(0.338684) memory(0.194553)
SCREEN[0:0] frames(158) 
SCREEN[0:1] frames(77) 
SCREEN[0:2] frames(180) 
SCREEN[0:3] frames(75) 
CANVAS[17407] bounds(113,3462/820,4309) rotate(117.3)
CANVAS[15709] bounds(3175,2861/3896,3673) rotate(271.6)
CANVAS[15594] bounds(2902,3453/3824,4376) rotate(-476.1)
CANVAS[14787] bounds(3099,2507/3717,3422) rotate(-79.3)
CANVAS[14572] bounds(1940,2314/2788,2797) rotate(-180.9)
CANVAS[14546] bounds(898,2149/1953,2999) rotate(-155.8)
CANVAS[14518] bounds(1513,2186/2697,2965) rotate(-548.8)
CANVAS[14339] bounds(145,2715/956,3773) rotate(87.5)
CANVAS[14279] bounds(-98,2083/857,3038) rotate(76.9)
CANVAS[13868] bounds(1147,3530/2141,4175) rotate(-8.3)
CANVAS[13091] bounds(1484,3716/2461,4291) rotate(-3.1)
CANVAS[12638] bounds(1098,3437/2068,4341) rotate(-31.4)
CANVAS[7848] bounds(-1920,2160/0,3240) rotate(0.0)
CANVAS[7847] bounds(3840,2160/5760,3240) rotate(0.0)
CANVAS[7849] bounds(0,2160/3840,4320) rotate(0.0)
CANVAS[7846] bounds(0,2160/3840,4320) rotate(0.0)
CANVAS[7850] bounds(960,1080/2880,2160) rotate(0.0)
SYSTEM[] cpu(0.421692) memory(0.194595)
SCREEN[0:0] frames(155) 
SCREEN[0:1] frames(74) 
SCREEN[0:2] frames(180) 
SCREEN[0:3] frames(75) 
CANVAS[17407] bounds(113,3462/820,4309) rotate(117.3)
CANVAS[15709] bounds(3175,2861/3896,3673) rotate(271.6)
CANVAS[15594] bounds(2902,3453/3824,4376) rotate(-476.1)
CANVAS[14787] bounds(3099,2507/3717,3422) rotate(-79.3)
CANVAS[14572] bounds(1940,2314/2788,2797) rotate(-180.9)
CANVAS[14546] bounds(898,2149/1953,2999) rotate(-155.8)
CANVAS[14518] bounds(1513,2186/2697,2965) rotate(-548.8)
CANVAS[14339] bounds(145,2715/956,3773) rotate(87.5)
CANVAS[14279] bounds(-98,2083/857,3038) rotate(76.9)
CANVAS[13868] bounds(1147,3530/2141,4175) rotate(-8.3)
CANVAS[13091] bounds(1484,3716/2461,4291) rotate(-3.1)
CANVAS[12638] bounds(1098,3437/2068,4341) rotate(-31.4)
CANVAS[7848] bounds(-1920,2160/0,3240) rotate(0.0)
CANVAS[7847] bounds(3840,2160/5760,3240) rotate(0.0)
CANVAS[7849] bounds(0,2160/3840,4320) rotate(0.0)
CANVAS[7846] bounds(0,2160/3840,4320) rotate(0.0)
CANVAS[7850] bounds(960,1080/2880,2160) rotate(0.0)
type(attach-client) name(/opt/pkgs/nemo.explorer/exec) pid(17813)
SYSTEM[] cpu(0.421692) memory(0.196191)
SCREEN[0:0] frames(167) 
SCREEN[0:1] frames(74) 
SCREEN[0:2] frames(180) 
SCREEN[0:3] frames(76) 
CANVAS[17813] bounds(2050,3181/2818,3949) rotate(0.0)
CANVAS[17407] bounds(113,3462/820,4309) rotate(117.3)
CANVAS[15709] bounds(3175,2861/3896,3673) rotate(271.6)
CANVAS[15594] bounds(2902,3453/3824,4376) rotate(-476.1)
CANVAS[14787] bounds(3099,2507/3717,3422) rotate(-79.3)
CANVAS[14572] bounds(1940,2314/2788,2797) rotate(-180.9)
CANVAS[14546] bounds(898,2149/1953,2999) rotate(-155.8)
CANVAS[14518] bounds(1513,2186/2697,2965) rotate(-548.8)
CANVAS[14339] bounds(145,2715/956,3773) rotate(87.5)
CANVAS[14279] bounds(-98,2083/857,3038) rotate(76.9)
CANVAS[13868] bounds(1147,3530/2141,4175) rotate(-8.3)
CANVAS[13091] bounds(1484,3716/2461,4291) rotate(-3.1)
CANVAS[12638] bounds(1098,3437/2068,4341) rotate(-31.4)
CANVAS[7848] bounds(-1920,2160/0,3240) rotate(0.0)
CANVAS[7847] bounds(3840,2160/5760,3240) rotate(0.0)
CANVAS[7849] bounds(0,2160/3840,4320) rotate(0.0)
CANVAS[7846] bounds(0,2160/3840,4320) rotate(0.0)
CANVAS[7850] bounds(960,1080/2880,2160) rotate(0.0)
type(attach-client) name(/opt/pkgs/nemo.image/exec) pid(17830)
SYSTEM[] cpu(0.468018) memory(0.197011)
SCREEN[0:0] frames(147) 
SCREEN[0:1] frames(74) 
SCREEN[0:2] frames(179) 
SCREEN[0:3] frames(75) 
CANVAS[17830] bounds(1774,3371/2577,3971) rotate(3.5)
CANVAS[17813] bounds(2050,3181/2818,3949) rotate(0.0)
CANVAS[17407] bounds(113,3462/820,4309) rotate(117.3)
CANVAS[15709] bounds(3175,2861/3896,3673) rotate(271.6)
CANVAS[15594] bounds(2902,3453/3824,4376) rotate(-476.1)
CANVAS[14787] bounds(3099,2507/3717,3422) rotate(-79.3)
CANVAS[14572] bounds(1940,2314/2788,2797) rotate(-180.9)
CANVAS[14546] bounds(898,2149/1953,2999) rotate(-155.8)
CANVAS[14518] bounds(1513,2186/2697,2965) rotate(-548.8)
CANVAS[14339] bounds(145,2715/956,3773) rotate(87.5)
CANVAS[14279] bounds(-98,2083/857,3038) rotate(76.9)
CANVAS[13868] bounds(1147,3530/2141,4175) rotate(-8.3)
CANVAS[13091] bounds(1484,3716/2461,4291) rotate(-3.1)
CANVAS[12638] bounds(1098,3437/2068,4341) rotate(-31.4)
CANVAS[7848] bounds(-1920,2160/0,3240) rotate(0.0)
CANVAS[7847] bounds(3840,2160/5760,3240) rotate(0.0)
CANVAS[7849] bounds(0,2160/3840,4320) rotate(0.0)
CANVAS[7846] bounds(0,2160/3840,4320) rotate(0.0)
CANVAS[7850] bounds(960,1080/2880,2160) rotate(0.0)
SYSTEM[] cpu(0.468018) memory(0.197527)
SCREEN[0:0] frames(168) 
SCREEN[0:1] frames(75) 
SCREEN[0:2] frames(180) 
SCREEN[0:3] frames(75) 
CANVAS[17830] bounds(1473,3451/2404,4150) rotate(-3.9)
CANVAS[17813] bounds(2050,3181/2818,3949) rotate(0.0)
CANVAS[17407] bounds(113,3462/820,4309) rotate(117.3)
CANVAS[15709] bounds(3175,2861/3896,3673) rotate(271.6)
CANVAS[15594] bounds(2902,3453/3824,4376) rotate(-476.1)
CANVAS[14787] bounds(3099,2507/3717,3422) rotate(-79.3)
CANVAS[14572] bounds(1940,2314/2788,2797) rotate(-180.9)
CANVAS[14546] bounds(898,2149/1953,2999) rotate(-155.8)
CANVAS[14518] bounds(1513,2186/2697,2965) rotate(-548.8)
CANVAS[14339] bounds(145,2715/956,3773) rotate(87.5)
CANVAS[14279] bounds(-98,2083/857,3038) rotate(76.9)
CANVAS[13868] bounds(1147,3530/2141,4175) rotate(-8.3)
CANVAS[13091] bounds(1484,3716/2461,4291) rotate(-3.1)
CANVAS[12638] bounds(1098,3437/2068,4341) rotate(-31.4)
CANVAS[7848] bounds(-1920,2160/0,3240) rotate(0.0)
CANVAS[7847] bounds(3840,2160/5760,3240) rotate(0.0)
CANVAS[7849] bounds(0,2160/3840,4320) rotate(0.0)
CANVAS[7846] bounds(0,2160/3840,4320) rotate(0.0)
CANVAS[7850] bounds(960,1080/2880,2160) rotate(0.0)
SYSTEM[] cpu(0.480591) memory(0.197667)
SCREEN[0:0] frames(159) 
SCREEN[0:1] frames(73) 
SCREEN[0:2] frames(180) 
SCREEN[0:3] frames(74) 
CANVAS[17830] bounds(1473,3451/2404,4150) rotate(-3.9)
CANVAS[17813] bounds(2050,3181/2818,3949) rotate(0.0)
CANVAS[17407] bounds(113,3462/820,4309) rotate(117.3)
CANVAS[15709] bounds(3175,2861/3896,3673) rotate(271.6)
CANVAS[15594] bounds(2902,3453/3824,4376) rotate(-476.1)
CANVAS[14787] bounds(3099,2507/3717,3422) rotate(-79.3)
CANVAS[14572] bounds(1940,2314/2788,2797) rotate(-180.9)
CANVAS[14546] bounds(898,2149/1953,2999) rotate(-155.8)
CANVAS[14518] bounds(1513,2186/2697,2965) rotate(-548.8)
CANVAS[14339] bounds(145,2715/956,3773) rotate(87.5)
CANVAS[14279] bounds(-98,2083/857,3038) rotate(76.9)
CANVAS[13868] bounds(1147,3530/2141,4175) rotate(-8.3)
CANVAS[13091] bounds(1484,3716/2461,4291) rotate(-3.1)
CANVAS[12638] bounds(1098,3437/2068,4341) rotate(-31.4)
CANVAS[7848] bounds(-1920,2160/0,3240) rotate(0.0)
CANVAS[7847] bounds(3840,2160/5760,3240) rotate(0.0)
CANVAS[7849] bounds(0,2160/3840,4320) rotate(0.0)
CANVAS[7846] bounds(0,2160/3840,4320) rotate(0.0)
CANVAS[7850] bounds(960,1080/2880,2160) rotate(0.0)
SYSTEM[] cpu(0.472107) memory(0.197840)
SCREEN[0:0] frames(161) 
SCREEN[0:1] frames(74) 
SCREEN[0:2] frames(180) 
SCREEN[0:3] frames(74) 
CANVAS[17830] bounds(1473,3451/2404,4150) rotate(-3.9)
CANVAS[17813] bounds(2050,3181/2818,3949) rotate(0.0)
CANVAS[17407] bounds(113,3462/820,4309) rotate(117.3)
CANVAS[15709] bounds(3175,2861/3896,3673) rotate(271.6)
CANVAS[15594] bounds(2902,3453/3824,4376) rotate(-476.1)
CANVAS[14787] bounds(3099,2507/3717,3422) rotate(-79.3)
CANVAS[14572] bounds(1940,2314/2788,2797) rotate(-180.9)
CANVAS[14546] bounds(898,2149/1953,2999) rotate(-155.8)
CANVAS[14518] bounds(1513,2186/2697,2965) rotate(-548.8)
CANVAS[14339] bounds(145,2715/956,3773) rotate(87.5)
