CANVAS[10080] bounds(2786,3512/3507,4233) rotate(29.3)
CANVAS[10080] bounds(2812,3488/3550,4225) rotate(34.3)
CANVAS[10080] bounds(2830,3703/3360,4233) rotate(10.2)
CANVAS[10080] bounds(2852,3749/3364,4261) rotate(0.0)
CANVAS[10080] bounds(3128,3609/3743,4224) rotate(13.2)
CANVAS[10080] bounds(3160,3660/3749,4249) rotate(6.7)
CANVAS[10184] bounds(-29,2954/461,3617) rotate(93.4)
CANVAS[10184] bounds(161,3829/520,4329) rotate(89.0)
CANVAS[10184] bounds(161,3830/519,4328) rotate(89.0)
CANVAS[10184] bounds(175,3851/508,4321) rotate(91.6)
CANVAS[10184] bounds(182,3278/715,3799) rotate(138.8)
CANVAS[10184] bounds(189,3022/664,3650) rotate(84.7)
CANVAS[10184] bounds(23,3095/434,3665) rotate(88.9)
CANVAS[10184] bounds(255,3109/759,3784) rotate(94.2)
CANVAS[10184] bounds(262,3116/752,3779) rotate(93.4)
CANVAS[10184] bounds(323,2986/864,3665) rotate(78.7)
CANVAS[10184] bounds(79,2993/495,3558) rotate(86.9)
CANVAS[10205] bounds(150,3602/749,4257) rotate(120.5)
CANVAS[10205] bounds(193,3605/724,4200) rotate(116.5)
CANVAS[10205] bounds(291,3529/677,4035) rotate(96.5)
CANVAS[10205] bounds(309,3644/841,4223) rotate(121.2)
CANVAS[10205] bounds(420,2971/908,3626) rotate(94.2)
CANVAS[10205] bounds(444,3148/824,3668) rotate(92.3)
CANVAS[10205] bounds(521,2976/994,3592) rotate(97.2)
CANVAS[10205] bounds(611,3436/1167,4184) rotate(94.0)
CANVAS[10205] bounds(614,2935/994,3455) rotate(92.3)
CANVAS[10205] bounds(642,3503/1145,4150) rotate(98.4)
CANVAS[10205] bounds(643,3504/1145,4150) rotate(98.4)
CANVAS[10205] bounds(685,3053/1301,3805) rotate(104.5)
CANVAS[10205] bounds(709,3003/1116,3559) rotate(92.6)
CANVAS[10205] bounds(745,3024/1316,3738) rotate(101.6)
CANVAS[10205] bounds(795,3096/1157,3582) rotate(93.7)
CANVAS[10205] bounds(814,3599/1138,4050) rotate(91.3)
CANVAS[10221] bounds(114,2942/588,3577) rotate(445.4)
CANVAS[10221] bounds(126,2749/805,3624) rotate(441.5)
CANVAS[10221] bounds(163,2663/680,3341) rotate(443.5)
CANVAS[10221] bounds(175,3621/589,4190) rotate(92.2)
CANVAS[10221] bounds(194,2910/703,3579) rotate(96.3)
CANVAS[10221] bounds(207,3681/590,4196) rotate(93.3)
CANVAS[10221] bounds(212,3690/583,4192) rotate(93.3)
CANVAS[10221] bounds(215,2951/861,3830) rotate(447.1)
CANVAS[10221] bounds(227,3103/681,3709) rotate(83.5)
CANVAS[10221] bounds(241,3697/634,4232) rotate(87.3)
CANVAS[10221] bounds(248,3655/654,4194) rotate(84.7)
CANVAS[10221] bounds(260,3477/679,4026) rotate(96.7)
CANVAS[10221] bounds(279,3343/667,3888) rotate(90.2)
CANVAS[10221] bounds(291,2769/765,3404) rotate(95.9)
CANVAS[10221] bounds(300,2835/973,3751) rotate(93.2)
CANVAS[10221] bounds(327,2888/805,3525) rotate(94.9)
CANVAS[10221] bounds(332,2881/805,3511) rotate(95.0)
CANVAS[10221] bounds(332,3141/846,3810) rotate(97.4)
CANVAS[10221] bounds(346,2889/928,3669) rotate(94.4)
CANVAS[10221] bounds(381,3141/822,3747) rotate(91.9)
CANVAS[10221] bounds(408,2912/774,3420) rotate(91.4)
CANVAS[10221] bounds(504,2768/1249,3764) rotate(94.6)
CANVAS[10221] bounds(504,2769/1247,3765) rotate(94.6)
CANVAS[10221] bounds(520,2963/888,3464) rotate(93.0)
CANVAS[10221] bounds(562,2901/1189,3650) rotate(107.3)
CANVAS[10221] bounds(563,2907/1188,3654) rotate(107.4)
CANVAS[10221] bounds(577,2937/1154,3692) rotate(96.8)
CANVAS[10221] bounds(587,2955/1140,3684) rotate(96.0)
CANVAS[10221] bounds(63,2923/546,3585) rotate(87.6)
CANVAS[10221] bounds(85,3415/478,3950) rotate(87.3)
CANVAS[10221] bounds(87,3440/480,3975) rotate(87.3)
CANVAS[10221] bounds(89,2968/557,3601) rotate(446.5)
CANVAS[10221] bounds(95,2661/610,3285) rotate(74.5)
CANVAS[10237] bounds(-138,2158/709,3057) rotate(55.1)
CANVAS[10237] bounds(-33,2441/549,3153) rotate(104.6)
CANVAS[10237] bounds(-67,2217/681,3032) rotate(59.1)
CANVAS[10237] bounds(104,2254/658,2846) rotate(55.9)
CANVAS[10237] bounds(106,2412/489,2944) rotate(88.7)
CANVAS[10237] bounds(110,2387/734,3157) rotate(76.3)
CANVAS[10237] bounds(113,2386/733,3150) rotate(76.1)
CANVAS[10237] bounds(128,2653/527,3206) rotate(91.3)
CANVAS[10237] bounds(13,2204/599,2894) rotate(108.7)
CANVAS[10237] bounds(132,2246/695,2961) rotate(79.5)
CANVAS[10237] bounds(132,2264/611,2881) rotate(99.1)
CANVAS[10237] bounds(15,2188/608,2883) rotate(110.3)
CANVAS[10237] bounds(18,2233/581,2904) rotate(108.1)
CANVAS[10237] bounds(18,2389/551,3082) rotate(98.0)
CANVAS[10237] bounds(183,2248/662,2859) rotate(80.1)
CANVAS[10237] bounds(200,3417/796,4206) rotate(96.1)
CANVAS[10237] bounds(21,2447/420,3000) rotate(91.3)
CANVAS[10237] bounds(226,3271/853,4144) rotate(92.3)
CANVAS[10237] bounds(282,2764/673,3289) rotate(85.8)
CANVAS[10237] bounds(282,3159/1054,4059) rotate(112.3)
CANVAS[10237] bounds(3,2266/535,2985) rotate(85.9)
CANVAS[10237] bounds(306,2284/849,2927) rotate(71.1)
CANVAS[10237] bounds(307,2398/693,2902) rotate(82.5)
CANVAS[10237] bounds(308,2368/716,2899) rotate(82.4)
CANVAS[10237] bounds(328,2411/744,2973) rotate(93.7)
CANVAS[10237] bounds(336,2350/756,2918) rotate(93.9)
CANVAS[10237] bounds(340,2343/764,2906) rotate(82.6)
CANVAS[10237] bounds(343,2403/808,2951) rotate(70.7)
CANVAS[10237] bounds(77,2388/487,2961) rotate(90.6)
CANVAS[10237] bounds(79,2402/487,2970) rotate(89.1)
CANVAS[10717] bounds(34,3439/803,4208) rotate(90.0)
CANVAS[10736] bounds(-18,3731/494,4095) rotate(0.0)
CANVAS[10736] bounds(104,3111/861,4076) rotate(-260.2)
CANVAS[10736] bounds(108,3112/861,4080) rotate(-261.0)
CANVAS[10736] bounds(112,3536/906,4274) rotate(-213.1)
CANVAS[10736] bounds(16,3341/449,3923) rotate(86.0)
CANVAS[10736] bounds(173,3573/718,4293) rotate(-263.9)
CANVAS[10736] bounds(20,3423/801,4239) rotate(-232.4)
CANVAS[10736] bounds(227,3561/726,4250) rotate(-271.9)
CANVAS[10736] bounds(234,3335/893,4024) rotate(52.6)
CANVAS[10736] bounds(257,3568/744,4243) rotate(-268.3)
CANVAS[10736] bounds(275,3466/901,4260) rotate(100.3)
CANVAS[10736] bounds(277,3471/893,4257) rotate(99.6)
CANVAS[10736] bounds(31,3385/758,4327) rotate(98.1)
CANVAS[10736] bounds(33,3372/431,3912) rotate(86.6)
CANVAS[10736] bounds(38,3633/479,4257) rotate(89.9)
CANVAS[10736] bounds(494,3375/979,3991) rotate(80.1)
CANVAS[10736] bounds(58,3432/836,4259) rotate(-235.0)
CANVAS[10736] bounds(87,3486/884,4347) rotate(-237.7)
CANVAS[10736] bounds(89,3419/907,4310) rotate(-238.6)
CANVAS[10736] bounds(91,3435/485,3991) rotate(90.7)
CANVAS[6627] bounds(0,2160/3840,4320) rotate(0.0)
CANVAS[6628] bounds(3840,2160/5760,3240) rotate(0.0)
CANVAS[6629] bounds(-1920,2160/0,3240) rotate(0.0)
CANVAS[6630] bounds(0,2160/3840,4320) rotate(0.0)
CANVAS[6631] bounds(960,1080/2880,2160) rotate(0.0)
CANVAS[7412] bounds(1775,3631/2415,4114) rotate(-0.5)
CANVAS[7412] bounds(1778,3640/2392,4107) rotate(-2.4)
CANVAS[7412] bounds(1813,3508/2582,4105) rotate(4.1)
CANVAS[7412] bounds(1813,3510/2574,4102) rotate(4.2)
CANVAS[7412] bounds(1828,3513/2454,3978) rotate(0.3)
CANVAS[7412] bounds(1869,3611/2560,4138) rotate(2.8)
CANVAS[7412] bounds(2013,3373/2976,4162) rotate(11.3)
CANVAS[7412] bounds(2079,3429/2918,4100) rotate(8.1)
CANVAS[7412] bounds(2178,3848/2723,4275) rotate(5.2)
CANVAS[7412] bounds(2234,3434/2979,4103) rotate(25.0)
CANVAS[7412] bounds(2252,3757/2888,4238) rotate(-1.0)
CANVAS[7412] bounds(2258,3471/3001,4041) rotate(3.5)
CANVAS[7412] bounds(2298,3337/3064,3981) rotate(14.1)
CANVAS[7412] bounds(2392,3886/2964,4342) rotate(7.3)
CANVAS[7412] bounds(2397,3677/2932,4108) rotate(8.5)
CANVAS[7412] bounds(2401,3684/2941,4115) rotate(7.4)
CANVAS[7412] bounds(2402,3679/3053,4190) rotate(5.8)
CANVAS[7412] bounds(2433,3614/3464,4487) rotate(15.6)
CANVAS[7412] bounds(2470,3710/3157,4299) rotate(17.5)
CANVAS[7412] bounds(2521,3618/3127,4157) rotate(25.1)
CANVAS[7412] bounds(2540,3503/3553,4364) rotate(16.4)
CANVAS[7412] bounds(2547,3450/3229,4034) rotate(17.1)
CANVAS[7412] bounds(2618,3716/3290,4282) rotate(14.8)
CANVAS[7412] bounds(2632,3599/3393,4241) rotate(15.2)
CANVAS[7412] bounds(2690,3751/3254,4219) rotate(12.9)
CANVAS[7412] bounds(2711,3891/3287,4357) rotate(9.0)
CANVAS[7412] bounds(2772,3216/3722,4037) rotate(18.9)
CANVAS[7412] bounds(2798,3282/3642,4000) rotate(16.3)
CANVAS[7412] bounds(2857,3652/3454,4117) rotate(-4.7)
CANVAS[7412] bounds(2889,3586/3500,4181) rotate(39.7)
CANVAS[7837] bounds(1471,3805/2279,4259) rotate(-0.2)
CANVAS[7837] bounds(1484,3716/2360,4217) rotate(-3.0)
CANVAS[7837] bounds(1485,3129/2401,3714) rotate(7.0)
CANVAS[7837] bounds(1514,3293/2401,3887) rotate(-10.0)
CANVAS[7837] bounds(1530,3190/2347,3674) rotate(3.2)
CANVAS[7837] bounds(1539,3214/2335,3658) rotate(0.2)
CANVAS[7837] bounds(1551,3452/2532,4099) rotate(9.1)
CANVAS[7837] bounds(1576,3431/2409,3953) rotate(5.9)
CANVAS[7837] bounds(1613,3305/2681,3923) rotate(-2.0)
CANVAS[7837] bounds(1644,3130/2370,3586) rotate(6.6)
CANVAS[7837] bounds(1645,3130/2370,3583) rotate(6.3)
CANVAS[7837] bounds(1688,3426/2504,3958) rotate(8.5)
CANVAS[7837] bounds(1771,3464/2574,3970) rotate(6.5)
CANVAS[7837] bounds(1800,3488/2588,3981) rotate(6.0)
CANVAS[7837] bounds(1815,3694/2564,4158) rotate(3.8)
CANVAS[7837] bounds(1823,3783/2530,4230) rotate(6.8)
CANVAS[7837] bounds(1847,3697/3013,4365) rotate(-0.2)
CANVAS[7837] bounds(1848,3789/2842,4353) rotate(0.9)
CANVAS[7837] bounds(1936,3733/2754,4238) rotate(5.2)
CANVAS[7837] bounds(1938,3469/2779,4022) rotate(9.1)
CANVAS[7837] bounds(1948,3594/2747,4048) rotate(1.0)
CANVAS[7837] bounds(1988,3505/2744,3974) rotate(4.8)
CANVAS[7837] bounds(2008,3719/2830,4186) rotate(1.5)
CANVAS[7837] bounds(2022,3276/2857,3922) rotate(21.0)
CANVAS[7837] bounds(2034,3752/2870,4258) rotate(4.0)
CANVAS[7837] bounds(2070,3441/2845,3884) rotate(1.3)
CANVAS[7837] bounds(2128,3580/3202,4282) rotate(8.9)
CANVAS[7837] bounds(2151,3562/3247,4188) rotate(1.4)
CANVAS[7837] bounds(2346,3570/3208,4120) rotate(7.2)
CANVAS[7837] bounds(2416,3529/3144,4140) rotate(28.1)
CANVAS[7837] bounds(2509,3493/3267,4091) rotate(22.9)
CANVAS[7837] bounds(2552,3725/3293,4168) rotate(4.0)
CANVAS[7837] bounds(2612,3738/3340,4156) rotate(2.0)
CANVAS[7837] bounds(2769,3474/3459,3883) rotate(3.3)
CANVAS[7855] bounds(-277,3008/2690,4872) rotate(353.4)
CANVAS[7855] bounds(1001,3451/1794,4019) rotate(348.6)
CANVAS[7855] bounds(1004,3458/1771,3947) rotate(367.6)
CANVAS[7855] bounds(1005,3462/2091,4142) rotate(353.7)
CANVAS[7855] bounds(1007,3735/1753,4274) rotate(344.3)
CANVAS[7855] bounds(1038,3726/1822,4310) rotate(342.0)
CANVAS[7855] bounds(1040,3727/1791,4154) rotate(361.5)
CANVAS[7855] bounds(1044,3732/1785,4149) rotate(361.1)
CANVAS[7855] bounds(1049,3542/1795,4201) rotate(327.2)
CANVAS[7855] bounds(1078,3570/1918,4190) rotate(342.9)
CANVAS[7855] bounds(1088,3605/1838,4182) rotate(339.4)
CANVAS[7855] bounds(1092,3610/1813,4249) rotate(326.8)
CANVAS[7855] bounds(1092,3615/1836,4172) rotate(341.7)
CANVAS[7855] bounds(1149,3591/1976,4180) rotate(344.7)
CANVAS[7855] bounds(1151,3653/1797,4195) rotate(332.1)
CANVAS[7855] bounds(1169,3662/1785,4178) rotate(332.1)
CANVAS[7855] bounds(1286,3500/2060,3988) rotate(4.5)
CANVAS[7855] bounds(1291,3591/1976,4148) rotate(333.5)
CANVAS[7855] bounds(1364,3461/2140,3937) rotate(4.9)
CANVAS[7855] bounds(1456,3812/2174,4245) rotate(364.1)
CANVAS[7855] bounds(1592,3616/2225,4101) rotate(339.0)
CANVAS[7855] bounds(1682,3690/2394,4258) rotate(383.5)
CANVAS[7855] bounds(1687,3702/2400,4271) rotate(383.5)
CANVAS[7855] bounds(706,3653/1452,4279) rotate(332.0)
CANVAS[7855] bounds(707,3653/1453,4280) rotate(332.0)
CANVAS[7855] bounds(769,3808/1526,4255) rotate(-2.8)
CANVAS[7855] bounds(788,3597/1535,4251) rotate(328.2)
CANVAS[7855] bounds(801,3371/1663,4140) rotate(326.2)
CANVAS[7855] bounds(890,3408/2161,4228) rotate(351.8)
CANVAS[7855] bounds(911,3607/1785,4238) rotate(-15.3)
CANVAS[7855] bounds(920,3624/1761,4222) rotate(-14.2)
CANVAS[7855] bounds(942,3652/1802,4326) rotate(337.8)
CANVAS[7855] bounds(950,3668/1762,4256) rotate(344.0)
CANVAS[7855] bounds(969,3485/1775,4209) rotate(325.6)
CANVAS[7855] bounds(985,3716/1745,4273) rotate(340.6)
CANVAS[7957] bounds(1791,2611/2839,3431) rotate(545.8)
CANVAS[7957] bounds(1900,2173/2742,2850) rotate(548.7)
CANVAS[7957] bounds(1900,2480/2809,3237) rotate(526.6)
CANVAS[7957] bounds(1915,2612/2734,3267) rotate(531.8)
CANVAS[7957] bounds(1938,2727/2786,3374) rotate(542.7)
CANVAS[7957] bounds(1940,2742/2562,3240) rotate(548.2)
CANVAS[7957] bounds(1952,2752/2575,3247) rotate(547.2)
CANVAS[7957] bounds(1957,2338/2854,3059) rotate(531.2)
CANVAS[7957] bounds(1957,2338/2855,3060) rotate(531.2)
CANVAS[7957] bounds(1959,2529/2734,3171) rotate(552.7)
CANVAS[7957] bounds(1959,2556/2792,3239) rotate(527.3)
CANVAS[7957] bounds(1963,2431/2783,3085) rotate(532.2)
CANVAS[7957] bounds(1975,2261/2816,2947) rotate(550.5)
CANVAS[7957] bounds(1978,2321/2775,2931) rotate(543.3)
CANVAS[7957] bounds(2099,2832/2774,3360) rotate(545.7)
CANVAS[7957] bounds(2135,2649/2743,3107) rotate(541.6)
CANVAS[7957] bounds(2143,2854/2867,3413) rotate(544.0)
CANVAS[7957] bounds(2162,2644/2893,3224) rotate(547.2)
CANVAS[7957] bounds(2167,2889/2827,3383) rotate(541.0)
CANVAS[7957] bounds(2180,2661/2975,3258) rotate(541.4)
CANVAS[7957] bounds(2180,2661/2975,3258) rotate(542.5)
CANVAS[7957] bounds(2199,2747/2876,3257) rotate(541.6)
CANVAS[7957] bounds(2257,2442/2915,2933) rotate(539.5)
CANVAS[7957] bounds(2357,2439/2954,2883) rotate(540.2)
CANVAS[7957] bounds(2373,2314/2985,2793) rotate(534.5)
CANVAS[7957] bounds(2408,2454/2938,2856) rotate(542.1)
CANVAS[7957] bounds(2450,2239/3064,2700) rotate(538.8)
CANVAS[7957] bounds(2510,2645/3157,3159) rotate(547.6)
CANVAS[8078] bounds(1000,2268/1674,2876) rotate(205.9)
CANVAS[8078] bounds(1014,2265/1741,2864) rotate(191.9)
CANVAS[8078] bounds(1020,2328/1778,3039) rotate(214.7)
CANVAS[8078] bounds(1020,2333/1774,3047) rotate(214.2)
CANVAS[8078] bounds(1028,2285/1656,2763) rotate(182.4)
CANVAS[8078] bounds(1030,2569/1789,3218) rotate(197.2)
CANVAS[8078] bounds(1038,2290/1656,2754) rotate(178.9)
CANVAS[8078] bounds(1072,2684/1691,3166) rotate(184.7)
CANVAS[8078] bounds(1107,2431/1642,2949) rotate(218.2)
CANVAS[8078] bounds(1173,2493/1917,3138) rotate(199.0)
CANVAS[8078] bounds(1222,2721/2011,3408) rotate(199.6)
CANVAS[8078] bounds(1316,2825/1985,3408) rotate(199.6)
CANVAS[8078] bounds(1475,2470/2106,3067) rotate(214.4)
CANVAS[8078] bounds(481,2199/1361,3029) rotate(213.5)
CANVAS[8078] bounds(504,2240/1280,2882) rotate(192.0)
CANVAS[8078] bounds(540,2235/1466,3105) rotate(213.0)
CANVAS[8078] bounds(596,2255/1554,3082) rotate(198.7)
CANVAS[8078] bounds(600,2302/1396,2951) rotate(190.2)
CANVAS[8078] bounds(664,2319/1355,2899) rotate(194.2)
CANVAS[8078] bounds(709,1917/2043,3223) rotate(221.0)
CANVAS[8078] bounds(720,2221/1427,2873) rotate(209.7)
CANVAS[8078] bounds(744,2242/1592,3055) rotate(217.6)
CANVAS[8078] bounds(763,2288/1406,2822) rotate(189.7)
CANVAS[8078] bounds(783,2236/1599,2959) rotate(202.8)
CANVAS[8078] bounds(818,2039/1950,3108) rotate(214.1)
CANVAS[8078] bounds(819,2287/1693,3082) rotate(206.9)
CANVAS[8078] bounds(820,2271/1705,3075) rotate(206.9)
CANVAS[8078] bounds(839,2295/1670,3033) rotate(203.1)
CANVAS[8078] bounds(848,2169/1629,2868) rotate(204.4)
CANVAS[8078] bounds(850,2172/1629,2863) rotate(203.3)
CANVAS[8078] bounds(872,2184/1619,2828) rotate(198.3)
CANVAS[8078] bounds(872,2213/1603,2801) rotate(171.0)
CANVAS[8078] bounds(885,2203/1692,3003) rotate(223.3)
CANVAS[8078] bounds(896,2228/1720,3024) rotate(218.1)
CANVAS[8078] bounds(967,2501/1724,3085) rotate(183.5)
CANVAS[8196] bounds(1171,2248/1841,2773) rotate(-175.0)
CANVAS[8196] bounds(1189,2388/1973,3036) rotate(-191.8)
CANVAS[8196] bounds(1317,2616/2285,3382) rotate(-173.4)
CANVAS[8196] bounds(1324,2665/1888,3095) rotate(-182.0)
CANVAS[8196] bounds(1328,2671/1905,3111) rotate(-181.1)
CANVAS[8196] bounds(1359,2389/2150,3121) rotate(-150.2)
CANVAS[8196] bounds(1394,2864/2047,3389) rotate(-171.5)
CANVAS[8196] bounds(1410,2525/2306,3247) rotate(-171.3)
CANVAS[8196] bounds(1418,2717/2209,3371) rotate(-168.3)
CANVAS[8196] bounds(1419,2616/2098,3135) rotate(-177.9)
CANVAS[8196] bounds(1451,2529/2193,3125) rotate(-173.8)
CANVAS[8196] bounds(1455,2618/2182,3163) rotate(-180.6)
CANVAS[8196] bounds(1459,2535/2181,3103) rotate(-174.2)
CANVAS[8196] bounds(1465,2439/2142,2990) rotate(-170.4)
CANVAS[8196] bounds(1477,2783/2220,3387) rotate(-171.3)
CANVAS[8196] bounds(1477,2797/2228,3412) rotate(-169.4)
CANVAS[8196] bounds(1483,2835/2193,3411) rotate(-170.7)
CANVAS[8196] bounds(1484,2483/2103,2947) rotate(-179.1)
CANVAS[8196] bounds(1499,2463/2136,2951) rotate(-177.4)
CANVAS[8196] bounds(1544,2594/2282,3237) rotate(-160.5)
CANVAS[8196] bounds(1580,2785/2347,3376) rotate(-176.7)
CANVAS[8196] bounds(1582,2492/2332,3094) rotate(-171.9)
CANVAS[8196] bounds(1607,2463/2449,3182) rotate(-163.5)
CANVAS[8196] bounds(1607,2476/2443,3180) rotate(-165.6)
CANVAS[8196] bounds(1623,2198/2331,2732) rotate(-178.8)
CANVAS[8196] bounds(1640,2216/2304,2711) rotate(-179.9)
CANVAS[8196] bounds(1659,2592/2470,3238) rotate(-173.2)
CANVAS[8196] bounds(1664,2586/2464,3201) rotate(-177.1)
CANVAS[8196] bounds(1670,2609/2454,3228) rotate(-174.1)
CANVAS[8196] bounds(1684,2677/2250,3123) rotate(-174.0)
CANVAS[8196] bounds(1746,2686/2438,3213) rotate(-178.1)
CANVAS[8196] bounds(1762,2242/2474,2787) rotate(-177.3)
CANVAS[8196] bounds(1766,2783/2443,3298) rotate(-182.6)
CANVAS[8689] bounds(2247,2222/3066,2684) rotate(-180.9)
CANVAS[8689] bounds(2346,2305/3053,2759) rotate(-187.9)
CANVAS[8689] bounds(2505,2421/3227,2981) rotate(-201.4)
CANVAS[8689] bounds(2507,2440/3299,2952) rotate(-188.3)
CANVAS[8689] bounds(2621,2193/3537,2891) rotate(-200.0)
CANVAS[8689] bounds(2633,2410/3280,2806) rotate(-174.9)
CANVAS[8689] bounds(2636,2423/3274,2803) rotate(-176.4)
CANVAS[8689] bounds(2723,2328/3446,2735) rotate(-179.3)
CANVAS[8689] bounds(2746,2460/3440,2936) rotate(-192.2)
CANVAS[8689] bounds(2746,2460/3440,2936) rotate(-192.3)
CANVAS[8689] bounds(2755,2488/3444,2970) rotate(-191.7)
CANVAS[8689] bounds(2769,2455/3550,3083) rotate(-204.3)
CANVAS[8689] bounds(2819,2567/3491,2973) rotate(-175.6)
CANVAS[8689] bounds(2857,2411/3521,2784) rotate(-182.5)
CANVAS[8689] bounds(2922,2385/3667,2862) rotate(-172.2)
CANVAS[8689] bounds(2926,2587/3593,2963) rotate(-180.9)
CANVAS[8689] bounds(2929,2289/3699,2947) rotate(-208.3)
CANVAS[8689] bounds(2966,2568/3660,3022) rotate(-189.0)
CANVAS[8689] bounds(2966,2569/3660,3023) rotate(-189.0)
CANVAS[8689] bounds(2974,2272/3682,2867) rotate(-208.3)
CANVAS[8689] bounds(2987,2382/3700,2912) rotate(-198.0)
CANVAS[8689] bounds(2999,2712/3671,3116) rotate(-175.9)
CANVAS[8689] bounds(3000,2708/3692,3129) rotate(-175.2)
CANVAS[8689] bounds(3031,2642/3696,3041) rotate(-176.1)
CANVAS[8689] bounds(3160,2386/3746,2735) rotate(-176.3)
