CANVAS[15709] bounds(3123,3519/3795,4229) rotate(249.8)
CANVAS[15594] bounds(3033,2207/3842,3017) rotate(-55.3)
CANVAS[14787] bounds(3140,2747/3706,3652) rotate(-84.4)
CANVAS[14572] bounds(1959,2202/2789,2856) rotate(-202.3)
CANVAS[14546] bounds(888,2131/1730,2846) rotate(-511.2)
CANVAS[14518] bounds(1444,2640/2215,3091) rotate(-538.3)
CANVAS[14339] bounds(17,3218/789,4090) rotate(111.9)
CANVAS[14279] bounds(-1,2622/936,3559) rotate(96.6)
CANVAS[14186] bounds(45,2436/675,2973) rotate(71.4)
CANVAS[13868] bounds(1888,3333/3053,4114) rotate(10.1)
CANVAS[13091] bounds(967,3480/1989,4312) rotate(-23.2)
CANVAS[12638] bounds(1118,3339/2327,4320) rotate(-9.1)
CANVAS[13868] bounds(2061,3688/2127,3722) rotate(0.0)
CANVAS[15709] bounds(3123,3519/3795,4229) rotate(249.8)
CANVAS[15594] bounds(3033,2207/3842,3017) rotate(-55.3)
CANVAS[14787] bounds(3140,2747/3706,3652) rotate(-84.4)
CANVAS[14572] bounds(1959,2202/2789,2856) rotate(-202.3)
CANVAS[14546] bounds(888,2131/1730,2846) rotate(-511.2)
CANVAS[14518] bounds(1444,2640/2215,3091) rotate(-538.3)
CANVAS[14339] bounds(17,3218/789,4090) rotate(111.9)
CANVAS[14279] bounds(-1,2622/936,3559) rotate(96.6)
CANVAS[14186] bounds(45,2436/675,2973) rotate(71.4)
CANVAS[13868] bounds(1770,3342/3107,4192) rotate(7.0)
CANVAS[13091] bounds(967,3480/1989,4312) rotate(-23.2)
CANVAS[12638] bounds(1118,3339/2327,4320) rotate(-9.1)
CANVAS[15709] bounds(3123,3519/3795,4229) rotate(249.8)
CANVAS[15594] bounds(3033,2207/3842,3017) rotate(-55.3)
CANVAS[14787] bounds(3140,2747/3706,3652) rotate(-84.4)
CANVAS[14572] bounds(1959,2202/2789,2856) rotate(-202.3)
CANVAS[14546] bounds(888,2131/1730,2846) rotate(-511.2)
CANVAS[14518] bounds(1444,2640/2215,3091) rotate(-538.3)
CANVAS[14339] bounds(17,3218/789,4090) rotate(111.9)
CANVAS[14279] bounds(-1,2622/936,3559) rotate(96.6)
CANVAS[14186] bounds(-9,2226/886,3034) rotate(62.7)
CANVAS[13868] bounds(1878,3416/2952,4227) rotate(18.9)
CANVAS[13091] bounds(967,3480/1989,4312) rotate(-23.2)
CANVAS[12638] bounds(1090,3128/2466,4203) rotate(-4.4)
CANVAS[13868] bounds(2323,3678/2774,4158) rotate(0.0)
CANVAS[15709] bounds(3123,3519/3795,4229) rotate(249.8)
CANVAS[15594] bounds(3033,2207/3842,3017) rotate(-55.3)
CANVAS[14787] bounds(3140,2747/3706,3652) rotate(-84.4)
CANVAS[14572] bounds(1959,2202/2789,2856) rotate(-202.3)
CANVAS[14546] bounds(888,2131/1730,2846) rotate(-511.2)
CANVAS[14518] bounds(1444,2640/2215,3091) rotate(-538.3)
CANVAS[14339] bounds(104,3416/1037,4370) rotate(130.6)
CANVAS[14279] bounds(70,2877/1005,3813) rotate(101.0)
CANVAS[14186] bounds(37,2252/834,2974) rotate(62.4)
CANVAS[13868] bounds(1663,3326/3136,4460) rotate(20.5)
CANVAS[13091] bounds(967,3480/1989,4312) rotate(-23.2)
CANVAS[12638] bounds(1333,3414/2310,4150) rotate(0.4)
CANVAS[15709] bounds(3123,3519/3795,4229) rotate(249.8)
CANVAS[15594] bounds(3033,2207/3842,3017) rotate(-55.3)
CANVAS[14787] bounds(3140,2747/3706,3652) rotate(-84.4)
CANVAS[14572] bounds(1959,2202/2789,2856) rotate(-202.3)
CANVAS[14546] bounds(888,2131/1730,2846) rotate(-511.2)
CANVAS[14518] bounds(1444,2640/2215,3091) rotate(-538.3)
CANVAS[14339] bounds(104,3416/1037,4370) rotate(130.6)
CANVAS[14279] bounds(-346,2567/1054,3968) rotate(59.4)
CANVAS[14186] bounds(37,2252/834,2974) rotate(62.4)
CANVAS[13868] bounds(1663,3326/3136,4460) rotate(20.5)
CANVAS[13091] bounds(967,3480/1989,4312) rotate(-23.2)
CANVAS[12638] bounds(1297,3283/2553,4314) rotate(-10.4)
CANVAS[15709] bounds(3123,3519/3795,4229) rotate(249.8)
CANVAS[15594] bounds(3033,2207/3842,3017) rotate(-55.3)
CANVAS[14787] bounds(3140,2747/3706,3652) rotate(-84.4)
CANVAS[14572] bounds(1959,2202/2789,2856) rotate(-202.3)
CANVAS[14546] bounds(319,2229/1529,3321) rotate(-505.3)
CANVAS[14518] bounds(659,2216/2016,3194) rotate(-525.1)
CANVAS[14339] bounds(104,3416/1037,4370) rotate(130.6)
CANVAS[14279] bounds(-346,2567/1054,3968) rotate(59.4)
CANVAS[14186] bounds(37,2252/834,2974) rotate(62.4)
CANVAS[13868] bounds(1635,3237/3132,4401) rotate(21.3)
CANVAS[13091] bounds(967,3480/1989,4312) rotate(-23.2)
CANVAS[12638] bounds(1297,3283/2553,4314) rotate(-10.4)
CANVAS[15709] bounds(3123,3519/3795,4229) rotate(249.8)
CANVAS[15594] bounds(3033,2207/3842,3017) rotate(-55.3)
CANVAS[14787] bounds(3140,2747/3706,3652) rotate(-84.4)
CANVAS[14572] bounds(1828,2151/2956,3052) rotate(-203.4)
CANVAS[14546] bounds(319,2229/1529,3321) rotate(-505.3)
CANVAS[14518] bounds(677,2244/1981,3150) rotate(-527.8)
CANVAS[14339] bounds(104,3416/1037,4370) rotate(130.6)
CANVAS[14186] bounds(37,2252/834,2974) rotate(62.4)
CANVAS[13868] bounds(1635,3237/3132,4401) rotate(21.3)
CANVAS[13091] bounds(967,3480/1989,4312) rotate(-23.2)
CANVAS[12638] bounds(1297,3283/2553,4314) rotate(-10.4)
CANVAS[15709] bounds(2942,3065/3773,3969) rotate(260.5)
CANVAS[15594] bounds(3033,2207/3842,3017) rotate(-55.3)
CANVAS[14787] bounds(2829,2696/3448,3785) rotate(-89.4)
CANVAS[14572] bounds(1852,2177/2912,3014) rotate(-200.5)
CANVAS[14546] bounds(319,2229/1529,3321) rotate(-505.3)
CANVAS[14518] bounds(677,2244/1981,3150) rotate(-527.8)
CANVAS[14339] bounds(104,3416/1037,4370) rotate(130.6)
CANVAS[14279] bounds(-346,2567/1054,3968) rotate(59.4)
CANVAS[14186] bounds(37,2252/834,2974) rotate(62.4)
CANVAS[13868] bounds(1635,3237/3132,4401) rotate(21.3)
CANVAS[13091] bounds(967,3480/1989,4312) rotate(-23.2)
CANVAS[12638] bounds(1297,3283/2553,4314) rotate(-10.4)
CANVAS[15709] bounds(2779,2782/3743,3839) rotate(278.7)
CANVAS[15594] bounds(3033,2207/3842,3017) rotate(-55.3)
CANVAS[14787] bounds(3048,3055/3886,4067) rotate(-116.4)
CANVAS[14572] bounds(2034,2287/2747,2809) rotate(-196.2)
CANVAS[14546] bounds(238,2268/1529,3351) rotate(-512.4)
CANVAS[14518] bounds(1395,2101/2311,2679) rotate(-546.0)
CANVAS[14339] bounds(104,3416/1037,4370) rotate(130.6)
CANVAS[14186] bounds(37,2252/834,2974) rotate(62.4)
CANVAS[13868] bounds(1635,3237/3132,4401) rotate(21.3)
CANVAS[13091] bounds(967,3480/1989,4312) rotate(-23.2)
CANVAS[12638] bounds(1297,3283/2553,4314) rotate(-10.4)
CANVAS[15709] bounds(2779,2782/3743,3839) rotate(278.7)
CANVAS[15594] bounds(2816,2120/4029,3333) rotate(249.0)
CANVAS[14787] bounds(3048,3055/3886,4067) rotate(-116.4)
CANVAS[14572] bounds(2034,2287/2747,2809) rotate(-196.2)
CANVAS[14546] bounds(989,2224/1922,2891) rotate(-554.5)
CANVAS[14518] bounds(1395,2101/2311,2679) rotate(-546.0)
CANVAS[14339] bounds(104,3416/1037,4370) rotate(130.6)
CANVAS[14279] bounds(-346,2567/1054,3968) rotate(59.4)
CANVAS[14186] bounds(37,2252/834,2974) rotate(62.4)
CANVAS[13868] bounds(1635,3237/3132,4401) rotate(21.3)
CANVAS[13091] bounds(967,3480/1989,4312) rotate(-23.2)
CANVAS[12638] bounds(1297,3283/2553,4314) rotate(-10.4)
CANVAS[15709] bounds(2779,2782/3743,3839) rotate(278.7)
CANVAS[15594] bounds(2816,2120/4029,3333) rotate(249.0)
CANVAS[14787] bounds(3048,3055/3886,4067) rotate(-116.4)
CANVAS[14572] bounds(2034,2287/2747,2809) rotate(-196.2)
CANVAS[14546] bounds(-82,1989/1773,3504) rotate(-514.6)
CANVAS[14518] bounds(1395,2101/2311,2679) rotate(-546.0)
CANVAS[14339] bounds(104,3416/1037,4370) rotate(130.6)
CANVAS[14279] bounds(-346,2567/1054,3968) rotate(59.4)
CANVAS[14186] bounds(37,2252/834,2974) rotate(62.4)
CANVAS[13868] bounds(1635,3237/3132,4401) rotate(21.3)
CANVAS[13091] bounds(967,3480/1989,4312) rotate(-23.2)
CANVAS[12638] bounds(1297,3283/2553,4314) rotate(-10.4)
CANVAS[15709] bounds(2779,2782/3743,3839) rotate(278.7)
CANVAS[15594] bounds(2816,2120/4029,3333) rotate(249.0)
CANVAS[14787] bounds(3048,3055/3886,4067) rotate(-116.4)
CANVAS[14572] bounds(2034,2287/2747,2809) rotate(-196.2)
CANVAS[14546] bounds(837,2260/1748,2846) rotate(-532.6)
CANVAS[14518] bounds(1247,1845/2587,3071) rotate(-504.0)
CANVAS[14339] bounds(104,3416/1037,4370) rotate(130.6)
CANVAS[14279] bounds(-346,2567/1054,3968) rotate(59.4)
CANVAS[14186] bounds(37,2252/834,2974) rotate(62.4)
CANVAS[13868] bounds(1635,3237/3132,4401) rotate(21.3)
CANVAS[13091] bounds(967,3480/1989,4312) rotate(-23.2)
CANVAS[12638] bounds(1297,3283/2553,4314) rotate(-10.4)
CANVAS[15709] bounds(2779,2782/3743,3839) rotate(278.7)
CANVAS[15594] bounds(2816,2120/4029,3333) rotate(249.0)
CANVAS[14787] bounds(3048,3055/3886,4067) rotate(-116.4)
CANVAS[14572] bounds(2034,2287/2747,2809) rotate(-196.2)
CANVAS[14546] bounds(837,2260/1748,2846) rotate(-532.6)
CANVAS[14518] bounds(715,2311/1784,3488) rotate(-234.8)
CANVAS[14339] bounds(104,3416/1037,4370) rotate(130.6)
CANVAS[14186] bounds(37,2252/834,2974) rotate(62.4)
CANVAS[13868] bounds(1635,3237/3132,4401) rotate(21.3)
CANVAS[13091] bounds(967,3480/1989,4312) rotate(-23.2)
CANVAS[12638] bounds(1297,3283/2553,4314) rotate(-10.4)
CANVAS[15709] bounds(2779,2782/3743,3839) rotate(278.7)
CANVAS[15594] bounds(2816,2120/4029,3333) rotate(249.0)
CANVAS[14787] bounds(3048,3055/3886,4067) rotate(-116.4)
CANVAS[14572] bounds(2034,2287/2747,2809) rotate(-196.2)
CANVAS[14546] bounds(837,2260/1748,2846) rotate(-532.6)
CANVAS[14518] bounds(657,2321/1603,3119) rotate(-568.1)
CANVAS[14339] bounds(104,3416/1037,4370) rotate(130.6)
CANVAS[14279] bounds(-346,2567/1054,3968) rotate(59.4)
CANVAS[14186] bounds(37,2252/834,2974) rotate(62.4)
CANVAS[13868] bounds(1635,3237/3132,4401) rotate(21.3)
CANVAS[13091] bounds(967,3480/1989,4312) rotate(-23.2)
CANVAS[12638] bounds(1297,3283/2553,4314) rotate(-10.4)
CANVAS[15709] bounds(2779,2782/3743,3839) rotate(278.7)
CANVAS[15594] bounds(2816,2120/4029,3333) rotate(249.0)
CANVAS[14787] bounds(3048,3055/3886,4067) rotate(-116.4)
CANVAS[14572] bounds(2034,2287/2747,2809) rotate(-196.2)
CANVAS[14546] bounds(837,2260/1748,2846) rotate(-532.6)
CANVAS[14518] bounds(1169,2245/2259,2901) rotate(-543.5)
CANVAS[14339] bounds(104,3416/1037,4370) rotate(130.6)
CANVAS[14279] bounds(-346,2567/1054,3968) rotate(59.4)
CANVAS[14186] bounds(37,2252/834,2974) rotate(62.4)
CANVAS[13868] bounds(1635,3237/3132,4401) rotate(21.3)
CANVAS[13091] bounds(967,3480/1989,4312) rotate(-23.2)
CANVAS[12638] bounds(1297,3283/2553,4314) rotate(-10.4)
CANVAS[15709] bounds(2779,2782/3743,3839) rotate(278.7)
CANVAS[15594] bounds(2816,2120/4029,3333) rotate(249.0)
CANVAS[14787] bounds(3048,3055/3886,4067) rotate(-116.4)
CANVAS[14572] bounds(2034,2287/2747,2809) rotate(-196.2)
CANVAS[14546] bounds(837,2260/1748,2846) rotate(-532.6)
CANVAS[14518] bounds(1169,2245/2259,2901) rotate(-543.5)
CANVAS[14339] bounds(104,3416/1037,4370) rotate(130.6)
CANVAS[14279] bounds(-346,2567/1054,3968) rotate(59.4)
CANVAS[14186] bounds(-197,2652/818,3513) rotate(-287.8)
CANVAS[13868] bounds(1635,3237/3132,4401) rotate(21.3)
CANVAS[13091] bounds(967,3480/1989,4312) rotate(-23.2)
CANVAS[12638] bounds(1297,3283/2553,4314) rotate(-10.4)
CANVAS[15709] bounds(2779,2782/3743,3839) rotate(278.7)
CANVAS[15594] bounds(2816,2120/4029,3333) rotate(249.0)
CANVAS[14787] bounds(3048,3055/3886,4067) rotate(-116.4)
CANVAS[14572] bounds(2034,2287/2747,2809) rotate(-196.2)
CANVAS[14546] bounds(837,2260/1748,2846) rotate(-532.6)
CANVAS[14518] bounds(1169,2245/2259,2901) rotate(-543.5)
CANVAS[14339] bounds(104,3416/1037,4370) rotate(130.6)
CANVAS[14279] bounds(-406,2033/1009,3448) rotate(66.0)
CANVAS[13868] bounds(1635,3237/3132,4401) rotate(21.3)
CANVAS[13091] bounds(1343,3681/2416,4309) rotate(1.3)
CANVAS[12638] bounds(1262,3391/2403,4267) rotate(2.3)
CANVAS[15709] bounds(2779,2782/3743,3839) rotate(278.7)
CANVAS[15594] bounds(2816,2120/4029,3333) rotate(249.0)
CANVAS[14787] bounds(3048,3055/3886,4067) rotate(-116.4)
CANVAS[14572] bounds(2034,2287/2747,2809) rotate(-196.2)
CANVAS[14546] bounds(837,2260/1748,2846) rotate(-532.6)
CANVAS[14518] bounds(1169,2245/2259,2901) rotate(-543.5)
CANVAS[14339] bounds(-87,2916/914,4180) rotate(-84.2)
CANVAS[14279] bounds(-302,2303/910,3515) rotate(70.1)
CANVAS[13868] bounds(1635,3237/3132,4401) rotate(21.3)
CANVAS[13091] bounds(1343,3681/2416,4309) rotate(1.3)
CANVAS[12638] bounds(1061,3219/2270,4148) rotate(-2.4)
CANVAS[15709] bounds(2779,2782/3743,3839) rotate(278.7)
CANVAS[15594] bounds(2816,2120/4029,3333) rotate(249.0)
CANVAS[14787] bounds(3048,3055/3886,4067) rotate(-116.4)
CANVAS[14572] bounds(2034,2287/2747,2809) rotate(-196.2)
CANVAS[14546] bounds(534,2200/1454,2874) rotate(-523.7)
CANVAS[14518] bounds(1169,2245/2259,2901) rotate(-543.5)
CANVAS[14339] bounds(-32,3016/904,4200) rotate(95.7)
CANVAS[14279] bounds(-302,2303/910,3515) rotate(70.1)
CANVAS[13868] bounds(1635,3237/3132,4401) rotate(21.3)
CANVAS[13091] bounds(1343,3681/2416,4309) rotate(1.3)
CANVAS[12638] bounds(1061,3219/2270,4148) rotate(-2.4)
CANVAS[15709] bounds(2779,2782/3743,3839) rotate(278.7)
CANVAS[15594] bounds(2816,2120/4029,3333) rotate(249.0)
CANVAS[14787] bounds(2991,2817/3824,4019) rotate(-102.2)
CANVAS[14572] bounds(2034,2287/2747,2809) rotate(-196.2)
CANVAS[14546] bounds(545,2214/1417,2883) rotate(-519.9)
CANVAS[14518] bounds(758,2450/2560,3480) rotate(-540.8)
CANVAS[14339] bounds(-32,3016/904,4200) rotate(95.7)
CANVAS[14279] bounds(-302,2303/910,3515) rotate(70.1)
CANVAS[13868] bounds(1444,3346/3009,4364) rotate(8.5)
CANVAS[13091] bounds(1343,3681/2416,4309) rotate(1.3)
CANVAS[12638] bounds(1061,3219/2270,4148) rotate(-2.4)
CANVAS[15709] bounds(2779,2782/3743,3839) rotate(278.7)
CANVAS[15594] bounds(2816,2120/4029,3333) rotate(249.0)
CANVAS[14787] bounds(3052,3088/3733,4273) rotate(-88.8)
CANVAS[14572] bounds(1634,2040/3031,3095) rotate(-198.7)
CANVAS[14546] bounds(545,2214/1417,2883) rotate(-519.9)
CANVAS[14518] bounds(1064,2140/2171,2804) rotate(-536.6)
CANVAS[14339] bounds(-32,3016/904,4200) rotate(95.7)
CANVAS[14279] bounds(-302,2303/910,3515) rotate(70.1)
CANVAS[13868] bounds(1444,3346/3009,4364) rotate(8.5)
CANVAS[13091] bounds(1343,3681/2416,4309) rotate(1.3)
CANVAS[12638] bounds(1061,3219/2270,4148) rotate(-2.4)
CANVAS[15709] bounds(2779,2782/3743,3839) rotate(278.7)
CANVAS[15594] bounds(2244,3445/3249,4450) rotate(360.5)
CANVAS[14787] bounds(3052,3088/3733,4273) rotate(-88.8)
CANVAS[14572] bounds(1591,2240/2592,2821) rotate(-181.8)
CANVAS[14546] bounds(545,2214/1417,2883) rotate(-519.9)
CANVAS[14518] bounds(1064,2140/2171,2804) rotate(-536.6)
CANVAS[14339] bounds(-32,3016/904,4200) rotate(95.7)
CANVAS[14279] bounds(-302,2303/910,3515) rotate(70.1)
CANVAS[13868] bounds(1444,3346/3009,4364) rotate(8.5)
CANVAS[13091] bounds(1343,3681/2416,4309) rotate(1.3)
CANVAS[12638] bounds(1061,3219/2270,4148) rotate(-2.4)
CANVAS[15709] bounds(2779,2782/3743,3839) rotate(278.7)
CANVAS[15594] bounds(2484,3274/3473,4264) rotate(360.1)
CANVAS[14787] bounds(3052,3088/3733,4273) rotate(-88.8)
CANVAS[14572] bounds(1896,2271/2786,2886) rotate(-192.2)
CANVAS[14546] bounds(545,2214/1417,2883) rotate(-519.9)
CANVAS[14518] bounds(1064,2140/2171,2804) rotate(-536.6)
CANVAS[14339] bounds(-32,3016/904,4200) rotate(95.7)
CANVAS[14279] bounds(-302,2303/910,3515) rotate(70.1)
CANVAS[13868] bounds(1444,3346/3009,4364) rotate(8.5)
CANVAS[13091] bounds(1343,3681/2416,4309) rotate(1.3)
CANVAS[12638] bounds(1061,3219/2270,4148) rotate(-2.4)
CANVAS[15709] bounds(2779,2782/3743,3839) rotate(278.7)
CANVAS[15594] bounds(-1920,2160/0,3240) rotate(0.0)
CANVAS[14787] bounds(3052,3088/3733,4273) rotate(-88.8)
CANVAS[14572] bounds(1896,2271/2786,2886) rotate(-192.2)
CANVAS[14546] bounds(487,2208/1465,2969) rotate(-519.4)
CANVAS[14518] bounds(1064,2140/2171,2804) rotate(-536.6)
CANVAS[14339] bounds(-32,3016/904,4200) rotate(95.7)
CANVAS[14279] bounds(-302,2303/910,3515) rotate(70.1)
CANVAS[13868] bounds(1444,3346/3009,4364) rotate(8.5)
CANVAS[13091] bounds(1343,3681/2416,4309) rotate(1.3)
CANVAS[12638] bounds(1061,3219/2270,4148) rotate(-2.4)
CANVAS[15709] bounds(2779,2782/3743,3839) rotate(278.7)
CANVAS[15594] bounds(-1920,2160/0,3240) rotate(0.0)
CANVAS[14787] bounds(3052,3088/3733,4273) rotate(-88.8)
CANVAS[14572] bounds(1896,2271/2786,2886) rotate(-192.2)
CANVAS[14546] bounds(390,2295/1437,3082) rotate(-521.7)
CANVAS[14518] bounds(1064,2140/2171,2804) rotate(-536.6)
CANVAS[14339] bounds(-32,3016/904,4200) rotate(95.7)
CANVAS[14279] bounds(-302,2303/910,3515) rotate(70.1)
CANVAS[13868] bounds(1444,3346/3009,4364) rotate(8.5)
CANVAS[13091] bounds(1343,3681/2416,4309) rotate(1.3)
CANVAS[12638] bounds(1061,3219/2270,4148) rotate(-2.4)
CANVAS[15709] bounds(2779,2782/3743,3839) rotate(278.7)
CANVAS[15594] bounds(-1003,2016/77,3096) rotate(0.0)
CANVAS[14787] bounds(3052,3088/3733,4273) rotate(-88.8)
CANVAS[14572] bounds(1896,2271/2786,2886) rotate(-192.2)
CANVAS[14546] bounds(390,2295/1437,3082) rotate(-521.7)
CANVAS[14518] bounds(1064,2140/2171,2804) rotate(-536.6)
CANVAS[14339] bounds(-32,3016/904,4200) rotate(95.7)
CANVAS[14279] bounds(-302,2303/910,3515) rotate(70.1)
CANVAS[13868] bounds(1444,3346/3009,4364) rotate(8.5)
CANVAS[13091] bounds(1343,3681/2416,4309) rotate(1.3)
CANVAS[12638] bounds(1061,3219/2270,4148) rotate(-2.4)
CANVAS[15709] bounds(2779,2782/3743,3839) rotate(278.7)
CANVAS[15594] bounds(-1003,2016/77,3096) rotate(0.0)
CANVAS[14787] bounds(3052,3088/3733,4273) rotate(-88.8)
CANVAS[14572] bounds(1896,2271/2786,2886) rotate(-192.2)
CANVAS[14546] bounds(390,2295/1437,3082) rotate(-521.7)
CANVAS[14518] bounds(1064,2140/2171,2804) rotate(-536.6)
CANVAS[14339] bounds(-32,3016/904,4200) rotate(95.7)
CANVAS[14279] bounds(-14,2380/1016,3410) rotate(75.4)
CANVAS[13868] bounds(1444,3346/3009,4364) rotate(8.5)
CANVAS[13091] bounds(1343,3681/2416,4309) rotate(1.3)
CANVAS[12638] bounds(1061,3219/2270,4148) rotate(-2.4)
CANVAS[15709] bounds(2779,2782/3743,3839) rotate(278.7)
CANVAS[15594] bounds(772,2362/2040,3630) rotate(-441.9)
CANVAS[14787] bounds(3052,3088/3733,4273) rotate(-88.8)
CANVAS[14572] bounds(1896,2271/2786,2886) rotate(-192.2)
CANVAS[14546] bounds(390,2295/1437,3082) rotate(-521.7)
CANVAS[14518] bounds(1064,2140/2171,2804) rotate(-536.6)
CANVAS[14339] bounds(-32,3016/904,4200) rotate(95.7)
CANVAS[14279] bounds(33,2404/921,3292) rotate(76.5)
CANVAS[13868] bounds(1444,3346/3009,4364) rotate(8.5)
CANVAS[13091] bounds(1343,3681/2416,4309) rotate(1.3)
CANVAS[12638] bounds(1061,3219/2270,4148) rotate(-2.4)
CANVAS[15709] bounds(2779,2782/3743,3839) rotate(278.7)
CANVAS[15594] bounds(2875,2351/3727,3203) rotate(-466.3)
CANVAS[14787] bounds(3052,3088/3733,4273) rotate(-88.8)
CANVAS[14572] bounds(1896,2271/2786,2886) rotate(-192.2)
CANVAS[14546] bounds(390,2295/1437,3082) rotate(-521.7)
CANVAS[14518] bounds(1064,2140/2171,2804) rotate(-536.6)
CANVAS[14339] bounds(-32,3016/904,4200) rotate(95.7)
CANVAS[14279] bounds(33,2404/921,3292) rotate(76.5)
CANVAS[13868] bounds(1444,3346/3009,4364) rotate(8.5)
CANVAS[13091] bounds(1343,3681/2416,4309) rotate(1.3)
CANVAS[12638] bounds(1061,3219/2270,4148) rotate(-2.4)
CANVAS[15709] bounds(2779,2782/3743,3839) rotate(278.7)
CANVAS[15594] bounds(2930,2369/3758,3197) rotate(-452.5)
CANVAS[14787] bounds(3052,3088/3733,4273) rotate(-88.8)
CANVAS[14572] bounds(1736,2327/2768,3061) rotate(-194.2)
CANVAS[14546] bounds(610,2472/1264,2914) rotate(-529.4)
CANVAS[14518] bounds(1064,2140/2171,2804) rotate(-536.6)
CANVAS[14339] bounds(-32,3016/904,4200) rotate(95.7)
CANVAS[14279] bounds(33,2404/921,3292) rotate(76.5)
CANVAS[13868] bounds(1444,3346/3009,4364) rotate(8.5)
CANVAS[13091] bounds(1343,3681/2416,4309) rotate(1.3)
CANVAS[12638] bounds(1061,3219/2270,4148) rotate(-2.4)
CANVAS[15709] bounds(2779,2782/3743,3839) rotate(278.7)
CANVAS[15594] bounds(2930,2369/3758,3197) rotate(-452.5)
CANVAS[14787] bounds(3052,3088/3733,4273) rotate(-88.8)
CANVAS[14572] bounds(1736,2327/2768,3061) rotate(-194.2)
CANVAS[14546] bounds(744,2430/1856,3082) rotate(-537.7)
CANVAS[14518] bounds(1064,2140/2171,2804) rotate(-536.6)
CANVAS[14339] bounds(-32,3016/904,4200) rotate(95.7)
CANVAS[14279] bounds(33,2404/921,3292) rotate(76.5)
CANVAS[13868] bounds(1667,3416/2768,4153) rotate(10.8)
CANVAS[13091] bounds(1343,3681/2416,4309) rotate(1.3)
CANVAS[12638] bounds(1061,3219/2270,4148) rotate(-2.4)
CANVAS[15709] bounds(2779,2782/3743,3839) rotate(278.7)
CANVAS[15594] bounds(2930,2369/3758,3197) rotate(-452.5)
CANVAS[14787] bounds(3052,3088/3733,4273) rotate(-88.8)
CANVAS[14572] bounds(1736,2327/2768,3061) rotate(-194.2)
CANVAS[14546] bounds(744,2430/1856,3082) rotate(-537.7)
CANVAS[14518] bounds(1064,2140/2171,2804) rotate(-536.6)
CANVAS[14339] bounds(-32,3016/904,4200) rotate(95.7)
CANVAS[14279] bounds(33,2404/921,3292) rotate(76.5)
CANVAS[13868] bounds(1757,3433/2664,4082) rotate(14.7)
CANVAS[13091] bounds(1343,3681/2416,4309) rotate(1.3)
CANVAS[12638] bounds(850,3273/1533,3837) rotate(-11.3)
CANVAS[15709] bounds(2779,2782/3743,3839) rotate(278.7)
CANVAS[15594] bounds(3011,2235/3686,2910) rotate(-438.4)
CANVAS[14787] bounds(3052,3088/3733,4273) rotate(-88.8)
CANVAS[14572] bounds(1736,2327/2768,3061) rotate(-194.2)
CANVAS[14546] bounds(744,2430/1856,3082) rotate(-537.7)
CANVAS[14518] bounds(1064,2140/2171,2804) rotate(-536.6)
CANVAS[14339] bounds(-32,3016/904,4200) rotate(95.7)
CANVAS[14279] bounds(33,2404/921,3292) rotate(76.5)
CANVAS[13868] bounds(1757,3433/2664,4082) rotate(14.7)
CANVAS[13091] bounds(1343,3681/2416,4309) rotate(1.3)
CANVAS[12638] bounds(853,3408/1785,4180) rotate(-11.7)
CANVAS[15709] bounds(2779,2782/3743,3839) rotate(278.7)
CANVAS[15594] bounds(2976,2147/3837,3008) rotate(-413.8)
CANVAS[14787] bounds(2812,3193/3796,4288) rotate(-124.4)
CANVAS[14572] bounds(1736,2327/2768,3061) rotate(-194.2)
CANVAS[14546] bounds(744,2430/1856,3082) rotate(-537.7)
CANVAS[14518] bounds(1064,2140/2171,2804) rotate(-536.6)
CANVAS[14339] bounds(-32,3016/904,4200) rotate(95.7)
CANVAS[14279] bounds(33,2404/921,3292) rotate(76.5)
CANVAS[13868] bounds(1757,3433/2664,4082) rotate(14.7)
CANVAS[13091] bounds(1343,3681/2416,4309) rotate(1.3)
CANVAS[12638] bounds(853,3408/1785,4180) rotate(-11.7)
CANVAS[15709] bounds(2864,2612/3750,3586) rotate(261.8)
CANVAS[15594] bounds(2976,2147/3837,3008) rotate(-413.8)
CANVAS[14787] bounds(2795,3195/3799,4341) rotate(-121.8)
CANVAS[14572] bounds(1736,2327/2768,3061) rotate(-194.2)
CANVAS[14546] bounds(476,1919/1656,2975) rotate(-506.1)
CANVAS[14518] bounds(1064,2140/2171,2804) rotate(-536.6)
CANVAS[14339] bounds(-70,2789/901,4058) rotate(92.0)
CANVAS[14279] bounds(-30,2527/935,3492) rotate(92.3)
CANVAS[13868] bounds(1757,3433/2664,4082) rotate(14.7)
CANVAS[13091] bounds(1343,3681/2416,4309) rotate(1.3)
CANVAS[12638] bounds(925,3620/1977,4428) rotate(2.5)
CANVAS[15709] bounds(2864,2612/3750,3586) rotate(261.8)
CANVAS[15594] bounds(2976,2147/3837,3008) rotate(-413.8)
CANVAS[14787] bounds(2795,3195/3799,4341) rotate(-121.8)
CANVAS[14572] bounds(1866,2162/2863,2952) rotate(-202.7)
CANVAS[14546] bounds(496,1926/1630,2955) rotate(-504.7)
CANVAS[14518] bounds(1117,2292/2310,2978) rotate(-538.8)
CANVAS[14339] bounds(-96,2513/937,3852) rotate(87.0)
CANVAS[14279] bounds(-30,2527/935,3492) rotate(92.3)
CANVAS[13868] bounds(1757,3433/2664,4082) rotate(14.7)
CANVAS[13091] bounds(1343,3681/2416,4309) rotate(1.3)
CANVAS[12638] bounds(925,3620/1977,4428) rotate(2.5)
CANVAS[15709] bounds(2864,2612/3750,3586) rotate(261.8)
CANVAS[15594] bounds(2976,2147/3837,3008) rotate(-413.8)
CANVAS[14787] bounds(2795,3195/3799,4341) rotate(-121.8)
CANVAS[14572] bounds(1866,2162/2863,2952) rotate(-202.7)
CANVAS[14546] bounds(496,1926/1630,2955) rotate(-504.7)
CANVAS[14518] bounds(1117,2292/2310,2978) rotate(-538.8)
CANVAS[14339] bounds(-95,2791/1000,4092) rotate(75.9)
CANVAS[14279] bounds(-217,2180/1118,3515) rotate(100.2)
CANVAS[13868] bounds(1757,3433/2664,4082) rotate(14.7)
CANVAS[13091] bounds(1343,3681/2416,4309) rotate(1.3)
CANVAS[12638] bounds(1180,3365/2338,4273) rotate(-4.7)
CANVAS[15709] bounds(2864,2612/3750,3586) rotate(261.8)
CANVAS[15594] bounds(2976,2147/3837,3008) rotate(-413.8)
CANVAS[14787] bounds(2795,3195/3799,4341) rotate(-121.8)
CANVAS[14572] bounds(1866,2162/2863,2952) rotate(-202.7)
CANVAS[14546] bounds(496,1926/1630,2955) rotate(-504.7)
CANVAS[14518] bounds(1117,2292/2310,2978) rotate(-538.8)
CANVAS[14339] bounds(-95,2791/1000,4092) rotate(75.9)
CANVAS[14279] bounds(10,2218/936,3144) rotate(101.9)
CANVAS[13868] bounds(1757,3433/2664,4082) rotate(14.7)
CANVAS[13091] bounds(1343,3681/2416,4309) rotate(1.3)
CANVAS[12638] bounds(1180,3365/2338,4273) rotate(-4.7)
CANVAS[15709] bounds(2864,2612/3750,3586) rotate(261.8)
CANVAS[15594] bounds(2976,2147/3837,3008) rotate(-413.8)
CANVAS[14787] bounds(2795,3195/3799,4341) rotate(-121.8)
CANVAS[14572] bounds(1866,2162/2863,2952) rotate(-202.7)
CANVAS[14546] bounds(496,1926/1630,2955) rotate(-504.7)
CANVAS[14518] bounds(1117,2292/2310,2978) rotate(-538.8)
CANVAS[14339] bounds(-95,2791/1000,4092) rotate(75.9)
CANVAS[14279] bounds(10,2218/936,3144) rotate(101.9)
CANVAS[13868] bounds(1757,3433/2664,4082) rotate(14.7)
CANVAS[13091] bounds(1343,3681/2416,4309) rotate(1.3)
CANVAS[12638] bounds(1180,3365/2338,4273) rotate(-4.7)
